{"C:\\Users\\USER\\Downloads\\valuewith\\AT-CMP\\web\\src\\middleware.ts": {"path":"C:\\Users\\USER\\Downloads\\valuewith\\AT-CMP\\web\\src\\middleware.ts","statementMap":{"0":{"start":{"line":25,"column":13},"end":{"line":25,"column":22}},"1":{"start":{"line":12,"column":0},"end":{"line":12,"column":15}},"2":{"start":{"line":1,"column":52},"end":{"line":1,"column":null}},"3":{"start":{"line":2,"column":29},"end":{"line":2,"column":null}},"4":{"start":{"line":5,"column":22},"end":{"line":10,"column":null}},"5":{"start":{"line":12,"column":15},"end":{"line":23,"column":null}},"6":{"start":{"line":14,"column":2},"end":{"line":22,"column":null}},"7":{"start":{"line":15,"column":23},"end":{"line":15,"column":null}},"8":{"start":{"line":16,"column":4},"end":{"line":21,"column":null}},"9":{"start":{"line":18,"column":24},"end":{"line":18,"column":null}},"10":{"start":{"line":19,"column":6},"end":{"line":19,"column":null}},"11":{"start":{"line":20,"column":6},"end":{"line":20,"column":null}},"12":{"start":{"line":25,"column":22},"end":{"line":32,"column":null}}},"fnMap":{"0":{"name":"(anonymous_3)","decl":{"start":{"line":12,"column":31},"end":{"line":12,"column":38}},"loc":{"start":{"line":12,"column":44},"end":{"line":23,"column":null}}}},"branchMap":{"0":{"loc":{"start":{"line":14,"column":2},"end":{"line":22,"column":null}},"type":"if","locations":[{"start":{"line":14,"column":2},"end":{"line":22,"column":null}}]},"1":{"loc":{"start":{"line":16,"column":4},"end":{"line":21,"column":null}},"type":"if","locations":[{"start":{"line":16,"column":4},"end":{"line":21,"column":null}}]}},"s":{"0":0,"1":0,"2":0,"3":0,"4":0,"5":0,"6":0,"7":0,"8":0,"9":0,"10":0,"11":0,"12":0},"f":{"0":0},"b":{"0":[0],"1":[0]}}
,"C:\\Users\\USER\\Downloads\\valuewith\\AT-CMP\\web\\src\\app\\layout.tsx": {"path":"C:\\Users\\USER\\Downloads\\valuewith\\AT-CMP\\web\\src\\app\\layout.tsx","statementMap":{"0":{"start":{"line":23,"column":24},"end":{"line":23,"column":35}},"1":{"start":{"line":17,"column":13},"end":{"line":17,"column":34}},"2":{"start":{"line":2,"column":34},"end":{"line":2,"column":null}},"3":{"start":{"line":4,"column":26},"end":{"line":4,"column":null}},"4":{"start":{"line":5,"column":7},"end":{"line":5,"column":null}},"5":{"start":{"line":7,"column":18},"end":{"line":10,"column":null}},"6":{"start":{"line":12,"column":18},"end":{"line":15,"column":null}},"7":{"start":{"line":17,"column":34},"end":{"line":21,"column":null}}},"fnMap":{"0":{"name":"RootLayout","decl":{"start":{"line":23,"column":24},"end":{"line":23,"column":35}},"loc":{"start":{"line":27,"column":2},"end":{"line":35,"column":null}}}},"branchMap":{},"s":{"0":0,"1":0,"2":0,"3":0,"4":0,"5":0,"6":0,"7":0},"f":{"0":0},"b":{}}
,"C:\\Users\\USER\\Downloads\\valuewith\\AT-CMP\\web\\src\\app\\page.tsx": {"path":"C:\\Users\\USER\\Downloads\\valuewith\\AT-CMP\\web\\src\\app\\page.tsx","statementMap":{"0":{"start":{"line":8,"column":24},"end":{"line":8,"column":null}},"1":{"start":{"line":3,"column":24},"end":{"line":3,"column":null}},"2":{"start":{"line":4,"column":17},"end":{"line":4,"column":null}},"3":{"start":{"line":5,"column":26},"end":{"line":5,"column":null}},"4":{"start":{"line":6,"column":26},"end":{"line":6,"column":null}},"5":{"start":{"line":9,"column":17},"end":{"line":9,"column":null}},"6":{"start":{"line":11,"column":14},"end":{"line":11,"column":59}},"7":{"start":{"line":12,"column":22},"end":{"line":12,"column":null}},"8":{"start":{"line":16,"column":35},"end":{"line":16,"column":null}},"9":{"start":{"line":18,"column":2},"end":{"line":23,"column":null}},"10":{"start":{"line":20,"column":4},"end":{"line":22,"column":null}},"11":{"start":{"line":21,"column":6},"end":{"line":21,"column":null}},"12":{"start":{"line":25,"column":2},"end":{"line":31,"column":null}},"13":{"start":{"line":92,"column":12},"end":{"line":93,"column":null}}},"fnMap":{"0":{"name":"Home","decl":{"start":{"line":8,"column":24},"end":{"line":8,"column":null}},"loc":{"start":{"line":8,"column":24},"end":{"line":108,"column":null}}},"1":{"name":"(anonymous_3)","decl":{"start":{"line":18,"column":12},"end":{"line":18,"column":null}},"loc":{"start":{"line":18,"column":12},"end":{"line":23,"column":5}}},"2":{"name":"(anonymous_4)","decl":{"start":{"line":91,"column":16},"end":{"line":91,"column":17}},"loc":{"start":{"line":92,"column":12},"end":{"line":93,"column":null}}}},"branchMap":{"0":{"loc":{"start":{"line":12,"column":22},"end":{"line":12,"column":null}},"type":"binary-expr","locations":[{"start":{"line":12,"column":22},"end":{"line":12,"column":31}},{"start":{"line":12,"column":31},"end":{"line":12,"column":null}}]},"1":{"loc":{"start":{"line":20,"column":4},"end":{"line":22,"column":null}},"type":"if","locations":[{"start":{"line":20,"column":4},"end":{"line":22,"column":null}}]},"2":{"loc":{"start":{"line":20,"column":8},"end":{"line":20,"column":47}},"type":"binary-expr","locations":[{"start":{"line":20,"column":8},"end":{"line":20,"column":23}},{"start":{"line":20,"column":23},"end":{"line":20,"column":35}},{"start":{"line":20,"column":35},"end":{"line":20,"column":47}}]},"3":{"loc":{"start":{"line":25,"column":2},"end":{"line":31,"column":null}},"type":"if","locations":[{"start":{"line":25,"column":2},"end":{"line":31,"column":null}}]},"4":{"loc":{"start":{"line":25,"column":6},"end":{"line":25,"column":32}},"type":"binary-expr","locations":[{"start":{"line":25,"column":6},"end":{"line":25,"column":21}},{"start":{"line":25,"column":21},"end":{"line":25,"column":32}}]}},"s":{"0":0,"1":0,"2":0,"3":0,"4":0,"5":0,"6":0,"7":0,"8":0,"9":0,"10":0,"11":0,"12":0,"13":0},"f":{"0":0,"1":0,"2":0},"b":{"0":[0,0],"1":[0],"2":[0,0,0],"3":[0],"4":[0,0]}}
,"C:\\Users\\USER\\Downloads\\valuewith\\AT-CMP\\web\\src\\app\\providers.tsx": {"path":"C:\\Users\\USER\\Downloads\\valuewith\\AT-CMP\\web\\src\\app\\providers.tsx","statementMap":{"0":{"start":{"line":13,"column":16},"end":{"line":13,"column":26}},"1":{"start":{"line":3,"column":30},"end":{"line":3,"column":null}},"2":{"start":{"line":5,"column":26},"end":{"line":5,"column":null}},"3":{"start":{"line":7,"column":32},"end":{"line":7,"column":null}},"4":{"start":{"line":14,"column":25},"end":{"line":14,"column":70}},"5":{"start":{"line":17,"column":2},"end":{"line":21,"column":null}},"6":{"start":{"line":18,"column":4},"end":{"line":20,"column":null}},"7":{"start":{"line":19,"column":6},"end":{"line":19,"column":null}},"8":{"start":{"line":24,"column":2},"end":{"line":30,"column":null}},"9":{"start":{"line":25,"column":4},"end":{"line":27,"column":null}}},"fnMap":{"0":{"name":"Providers","decl":{"start":{"line":13,"column":16},"end":{"line":13,"column":26}},"loc":{"start":{"line":13,"column":54},"end":{"line":33,"column":null}}},"1":{"name":"(anonymous_2)","decl":{"start":{"line":17,"column":12},"end":{"line":17,"column":null}},"loc":{"start":{"line":17,"column":12},"end":{"line":21,"column":5}}}},"branchMap":{"0":{"loc":{"start":{"line":18,"column":4},"end":{"line":20,"column":null}},"type":"if","locations":[{"start":{"line":18,"column":4},"end":{"line":20,"column":null}}]},"1":{"loc":{"start":{"line":24,"column":2},"end":{"line":30,"column":null}},"type":"if","locations":[{"start":{"line":24,"column":2},"end":{"line":30,"column":null}}]},"2":{"loc":{"start":{"line":24,"column":6},"end":{"line":24,"column":67}},"type":"binary-expr","locations":[{"start":{"line":24,"column":6},"end":{"line":24,"column":25}},{"start":{"line":24,"column":25},"end":{"line":24,"column":67}}]}},"s":{"0":0,"1":0,"2":0,"3":0,"4":0,"5":0,"6":0,"7":0,"8":0,"9":0},"f":{"0":0,"1":0},"b":{"0":[0],"1":[0],"2":[0,0]}}
,"C:\\Users\\USER\\Downloads\\valuewith\\AT-CMP\\web\\src\\app\\(auth)\\sign-in\\[[...sign-in]]\\page.tsx": {"path":"C:\\Users\\USER\\Downloads\\valuewith\\AT-CMP\\web\\src\\app\\(auth)\\sign-in\\[[...sign-in]]\\page.tsx","statementMap":{"0":{"start":{"line":3,"column":24},"end":{"line":3,"column":null}},"1":{"start":{"line":1,"column":23},"end":{"line":1,"column":null}}},"fnMap":{"0":{"name":"SignInPage","decl":{"start":{"line":3,"column":24},"end":{"line":3,"column":null}},"loc":{"start":{"line":3,"column":24},"end":{"line":27,"column":null}}}},"branchMap":{},"s":{"0":0,"1":0},"f":{"0":0},"b":{}}
,"C:\\Users\\USER\\Downloads\\valuewith\\AT-CMP\\web\\src\\app\\(auth)\\sign-up\\[[...sign-up]]\\page.tsx": {"path":"C:\\Users\\USER\\Downloads\\valuewith\\AT-CMP\\web\\src\\app\\(auth)\\sign-up\\[[...sign-up]]\\page.tsx","statementMap":{"0":{"start":{"line":3,"column":24},"end":{"line":3,"column":null}},"1":{"start":{"line":1,"column":23},"end":{"line":1,"column":null}}},"fnMap":{"0":{"name":"SignUpPage","decl":{"start":{"line":3,"column":24},"end":{"line":3,"column":null}},"loc":{"start":{"line":3,"column":24},"end":{"line":27,"column":null}}}},"branchMap":{},"s":{"0":0,"1":0},"f":{"0":0},"b":{}}
,"C:\\Users\\USER\\Downloads\\valuewith\\AT-CMP\\web\\src\\app\\(dashboard)\\layout.tsx": {"path":"C:\\Users\\USER\\Downloads\\valuewith\\AT-CMP\\web\\src\\app\\(dashboard)\\layout.tsx","statementMap":{"0":{"start":{"line":14,"column":24},"end":{"line":14,"column":40}},"1":{"start":{"line":2,"column":31},"end":{"line":2,"column":null}},"2":{"start":{"line":3,"column":26},"end":{"line":3,"column":null}}},"fnMap":{"0":{"name":"DashboardLayout","decl":{"start":{"line":14,"column":24},"end":{"line":14,"column":40}},"loc":{"start":{"line":14,"column":74},"end":{"line":20,"column":null}}}},"branchMap":{},"s":{"0":0,"1":0,"2":0},"f":{"0":0},"b":{}}
,"C:\\Users\\USER\\Downloads\\valuewith\\AT-CMP\\web\\src\\app\\(dashboard)\\clients\\page.tsx": {"path":"C:\\Users\\USER\\Downloads\\valuewith\\AT-CMP\\web\\src\\app\\(dashboard)\\clients\\page.tsx","statementMap":{"0":{"start":{"line":28,"column":24},"end":{"line":28,"column":null}},"1":{"start":{"line":3,"column":17},"end":{"line":3,"column":null}},"2":{"start":{"line":4,"column":43},"end":{"line":4,"column":null}},"3":{"start":{"line":5,"column":58},"end":{"line":5,"column":null}},"4":{"start":{"line":7,"column":29},"end":{"line":7,"column":null}},"5":{"start":{"line":8,"column":30},"end":{"line":8,"column":null}},"6":{"start":{"line":9,"column":28},"end":{"line":9,"column":null}},"7":{"start":{"line":10,"column":25},"end":{"line":10,"column":null}},"8":{"start":{"line":29,"column":17},"end":{"line":29,"column":null}},"9":{"start":{"line":30,"column":23},"end":{"line":30,"column":null}},"10":{"start":{"line":33,"column":32},"end":{"line":33,"column":null}},"11":{"start":{"line":34,"column":38},"end":{"line":39,"column":null}},"12":{"start":{"line":40,"column":32},"end":{"line":43,"column":null}},"13":{"start":{"line":44,"column":32},"end":{"line":47,"column":null}},"14":{"start":{"line":48,"column":32},"end":{"line":48,"column":null}},"15":{"start":{"line":51,"column":20},"end":{"line":63,"column":null}},"16":{"start":{"line":53,"column":21},"end":{"line":53,"column":null}},"17":{"start":{"line":54,"column":6},"end":{"line":54,"column":null}},"18":{"start":{"line":54,"column":29},"end":{"line":54,"column":null}},"19":{"start":{"line":55,"column":6},"end":{"line":55,"column":null}},"20":{"start":{"line":55,"column":39},"end":{"line":55,"column":null}},"21":{"start":{"line":56,"column":6},"end":{"line":56,"column":null}},"22":{"start":{"line":56,"column":46},"end":{"line":56,"column":null}},"23":{"start":{"line":57,"column":6},"end":{"line":57,"column":null}},"24":{"start":{"line":57,"column":43},"end":{"line":57,"column":null}},"25":{"start":{"line":58,"column":6},"end":{"line":58,"column":null}},"26":{"start":{"line":58,"column":23},"end":{"line":58,"column":null}},"27":{"start":{"line":61,"column":6},"end":{"line":61,"column":null}},"28":{"start":{"line":67,"column":26},"end":{"line":82,"column":null}},"29":{"start":{"line":69,"column":6},"end":{"line":81,"column":null}},"30":{"start":{"line":70,"column":27},"end":{"line":70,"column":null}},"31":{"start":{"line":71,"column":8},"end":{"line":71,"column":null}},"32":{"start":{"line":72,"column":8},"end":{"line":72,"column":null}},"33":{"start":{"line":72,"column":33},"end":{"line":72,"column":null}},"34":{"start":{"line":73,"column":8},"end":{"line":73,"column":null}},"35":{"start":{"line":76,"column":8},"end":{"line":80,"column":null}},"36":{"start":{"line":77,"column":10},"end":{"line":79,"column":null}},"37":{"start":{"line":85,"column":2},"end":{"line":87,"column":null}},"38":{"start":{"line":86,"column":4},"end":{"line":86,"column":null}},"39":{"start":{"line":90,"column":4},"end":{"line":115,"column":null}},"40":{"start":{"line":91,"column":6},"end":{"line":91,"column":null}},"41":{"start":{"line":92,"column":21},"end":{"line":99,"column":null}},"42":{"start":{"line":101,"column":23},"end":{"line":101,"column":null}},"43":{"start":{"line":102,"column":6},"end":{"line":106,"column":null}},"44":{"start":{"line":103,"column":21},"end":{"line":103,"column":null}},"45":{"start":{"line":104,"column":8},"end":{"line":104,"column":null}},"46":{"start":{"line":105,"column":8},"end":{"line":105,"column":null}},"47":{"start":{"line":108,"column":6},"end":{"line":108,"column":null}},"48":{"start":{"line":109,"column":6},"end":{"line":112,"column":null}},"49":{"start":{"line":114,"column":6},"end":{"line":114,"column":null}},"50":{"start":{"line":118,"column":29},"end":{"line":134,"column":null}},"51":{"start":{"line":120,"column":4},"end":{"line":129,"column":null}},"52":{"start":{"line":121,"column":6},"end":{"line":121,"column":null}},"53":{"start":{"line":122,"column":6},"end":{"line":122,"column":null}},"54":{"start":{"line":122,"column":31},"end":{"line":122,"column":null}},"55":{"start":{"line":123,"column":6},"end":{"line":123,"column":null}},"56":{"start":{"line":126,"column":6},"end":{"line":128,"column":null}},"57":{"start":{"line":131,"column":4},"end":{"line":133,"column":null}},"58":{"start":{"line":132,"column":6},"end":{"line":132,"column":null}},"59":{"start":{"line":136,"column":21},"end":{"line":145,"column":null}},"60":{"start":{"line":137,"column":23},"end":{"line":137,"column":null}},"61":{"start":{"line":138,"column":4},"end":{"line":138,"column":null}},"62":{"start":{"line":139,"column":4},"end":{"line":139,"column":null}},"63":{"start":{"line":142,"column":4},"end":{"line":144,"column":null}},"64":{"start":{"line":147,"column":27},"end":{"line":150,"column":null}},"65":{"start":{"line":148,"column":4},"end":{"line":148,"column":null}},"66":{"start":{"line":148,"column":29},"end":{"line":148,"column":null}},"67":{"start":{"line":149,"column":4},"end":{"line":149,"column":null}},"68":{"start":{"line":195,"column":29},"end":{"line":195,"column":null}},"69":{"start":{"line":209,"column":29},"end":{"line":209,"column":null}}},"fnMap":{"0":{"name":"ClientsPage","decl":{"start":{"line":28,"column":24},"end":{"line":28,"column":null}},"loc":{"start":{"line":28,"column":24},"end":{"line":221,"column":null}}},"1":{"name":"(anonymous_3)","decl":{"start":{"line":52,"column":4},"end":{"line":52,"column":5}},"loc":{"start":{"line":52,"column":61},"end":{"line":62,"column":null}}},"2":{"name":"(anonymous_4)","decl":{"start":{"line":68,"column":4},"end":{"line":68,"column":null}},"loc":{"start":{"line":69,"column":6},"end":{"line":81,"column":null}}},"3":{"name":"(anonymous_5)","decl":{"start":{"line":69,"column":15},"end":{"line":69,"column":16}},"loc":{"start":{"line":69,"column":16},"end":{"line":81,"column":9}}},"4":{"name":"(anonymous_6)","decl":{"start":{"line":72,"column":22},"end":{"line":72,"column":23}},"loc":{"start":{"line":72,"column":33},"end":{"line":72,"column":null}}},"5":{"name":"(anonymous_7)","decl":{"start":{"line":85,"column":12},"end":{"line":85,"column":null}},"loc":{"start":{"line":85,"column":12},"end":{"line":87,"column":5}}},"6":{"name":"fetchClients","decl":{"start":{"line":89,"column":17},"end":{"line":89,"column":null}},"loc":{"start":{"line":89,"column":17},"end":{"line":116,"column":null}}},"7":{"name":"(anonymous_9)","decl":{"start":{"line":118,"column":29},"end":{"line":118,"column":30}},"loc":{"start":{"line":118,"column":30},"end":{"line":134,"column":null}}},"8":{"name":"(anonymous_10)","decl":{"start":{"line":122,"column":20},"end":{"line":122,"column":21}},"loc":{"start":{"line":122,"column":31},"end":{"line":122,"column":null}}},"9":{"name":"(anonymous_11)","decl":{"start":{"line":136,"column":21},"end":{"line":136,"column":22}},"loc":{"start":{"line":136,"column":38},"end":{"line":145,"column":null}}},"10":{"name":"(anonymous_12)","decl":{"start":{"line":147,"column":27},"end":{"line":147,"column":28}},"loc":{"start":{"line":147,"column":28},"end":{"line":150,"column":null}}},"11":{"name":"(anonymous_13)","decl":{"start":{"line":148,"column":18},"end":{"line":148,"column":19}},"loc":{"start":{"line":148,"column":29},"end":{"line":148,"column":null}}},"12":{"name":"(anonymous_14)","decl":{"start":{"line":195,"column":23},"end":{"line":195,"column":29}},"loc":{"start":{"line":195,"column":29},"end":{"line":195,"column":null}}},"13":{"name":"(anonymous_15)","decl":{"start":{"line":209,"column":23},"end":{"line":209,"column":29}},"loc":{"start":{"line":209,"column":29},"end":{"line":209,"column":null}}}},"branchMap":{"0":{"loc":{"start":{"line":35,"column":19},"end":{"line":35,"column":52}},"type":"binary-expr","locations":[{"start":{"line":35,"column":19},"end":{"line":35,"column":47}},{"start":{"line":35,"column":47},"end":{"line":35,"column":52}}]},"1":{"loc":{"start":{"line":41,"column":12},"end":{"line":41,"column":null}},"type":"binary-expr","locations":[{"start":{"line":41,"column":12},"end":{"line":41,"column":42}},{"start":{"line":41,"column":42},"end":{"line":41,"column":null}}]},"2":{"loc":{"start":{"line":42,"column":12},"end":{"line":42,"column":null}},"type":"binary-expr","locations":[{"start":{"line":42,"column":12},"end":{"line":42,"column":42}},{"start":{"line":42,"column":42},"end":{"line":42,"column":null}}]},"3":{"loc":{"start":{"line":45,"column":12},"end":{"line":45,"column":null}},"type":"binary-expr","locations":[{"start":{"line":45,"column":12},"end":{"line":45,"column":42}},{"start":{"line":45,"column":42},"end":{"line":45,"column":null}}]},"4":{"loc":{"start":{"line":46,"column":16},"end":{"line":46,"column":null}},"type":"binary-expr","locations":[{"start":{"line":46,"column":16},"end":{"line":46,"column":49}},{"start":{"line":46,"column":49},"end":{"line":46,"column":null}}]},"5":{"loc":{"start":{"line":54,"column":6},"end":{"line":54,"column":null}},"type":"if","locations":[{"start":{"line":54,"column":6},"end":{"line":54,"column":null}}]},"6":{"loc":{"start":{"line":55,"column":6},"end":{"line":55,"column":null}},"type":"if","locations":[{"start":{"line":55,"column":6},"end":{"line":55,"column":null}}]},"7":{"loc":{"start":{"line":56,"column":6},"end":{"line":56,"column":null}},"type":"if","locations":[{"start":{"line":56,"column":6},"end":{"line":56,"column":null}}]},"8":{"loc":{"start":{"line":57,"column":6},"end":{"line":57,"column":null}},"type":"if","locations":[{"start":{"line":57,"column":6},"end":{"line":57,"column":null}}]},"9":{"loc":{"start":{"line":58,"column":6},"end":{"line":58,"column":null}},"type":"if","locations":[{"start":{"line":58,"column":6},"end":{"line":58,"column":null}}]},"10":{"loc":{"start":{"line":76,"column":8},"end":{"line":80,"column":null}},"type":"if","locations":[{"start":{"line":76,"column":8},"end":{"line":80,"column":null}}]},"11":{"loc":{"start":{"line":102,"column":6},"end":{"line":106,"column":null}},"type":"if","locations":[{"start":{"line":102,"column":6},"end":{"line":106,"column":null}}]},"12":{"loc":{"start":{"line":120,"column":4},"end":{"line":129,"column":null}},"type":"if","locations":[{"start":{"line":120,"column":4},"end":{"line":129,"column":null}}]},"13":{"loc":{"start":{"line":131,"column":4},"end":{"line":133,"column":null}},"type":"if","locations":[{"start":{"line":131,"column":4},"end":{"line":133,"column":null}}]},"14":{"loc":{"start":{"line":179,"column":8},"end":{"line":183,"column":9}},"type":"cond-expr","locations":[{"start":{"line":179,"column":8},"end":{"line":183,"column":9}}]},"15":{"loc":{"start":{"line":187,"column":7},"end":{"line":187,"column":null}},"type":"binary-expr","locations":[{"start":{"line":187,"column":7},"end":{"line":187,"column":null}}]}},"s":{"0":0,"1":0,"2":0,"3":0,"4":0,"5":0,"6":0,"7":0,"8":0,"9":0,"10":0,"11":0,"12":0,"13":0,"14":0,"15":0,"16":0,"17":0,"18":0,"19":0,"20":0,"21":0,"22":0,"23":0,"24":0,"25":0,"26":0,"27":0,"28":0,"29":0,"30":0,"31":0,"32":0,"33":0,"34":0,"35":0,"36":0,"37":0,"38":0,"39":0,"40":0,"41":0,"42":0,"43":0,"44":0,"45":0,"46":0,"47":0,"48":0,"49":0,"50":0,"51":0,"52":0,"53":0,"54":0,"55":0,"56":0,"57":0,"58":0,"59":0,"60":0,"61":0,"62":0,"63":0,"64":0,"65":0,"66":0,"67":0,"68":0,"69":0},"f":{"0":0,"1":0,"2":0,"3":0,"4":0,"5":0,"6":0,"7":0,"8":0,"9":0,"10":0,"11":0,"12":0,"13":0},"b":{"0":[0,0],"1":[0,0],"2":[0,0],"3":[0,0],"4":[0,0],"5":[0],"6":[0],"7":[0],"8":[0],"9":[0],"10":[0],"11":[0],"12":[0],"13":[0],"14":[0],"15":[0]}}
,"C:\\Users\\USER\\Downloads\\valuewith\\AT-CMP\\web\\src\\app\\(dashboard)\\clients\\[id]\\page.tsx": {"path":"C:\\Users\\USER\\Downloads\\valuewith\\AT-CMP\\web\\src\\app\\(dashboard)\\clients\\[id]\\page.tsx","statementMap":{"0":{"start":{"line":18,"column":24},"end":{"line":18,"column":null}},"1":{"start":{"line":3,"column":17},"end":{"line":3,"column":null}},"2":{"start":{"line":4,"column":37},"end":{"line":4,"column":null}},"3":{"start":{"line":5,"column":36},"end":{"line":5,"column":null}},"4":{"start":{"line":7,"column":28},"end":{"line":7,"column":null}},"5":{"start":{"line":8,"column":41},"end":{"line":8,"column":null}},"6":{"start":{"line":9,"column":37},"end":{"line":9,"column":null}},"7":{"start":{"line":10,"column":35},"end":{"line":10,"column":null}},"8":{"start":{"line":19,"column":17},"end":{"line":19,"column":null}},"9":{"start":{"line":20,"column":17},"end":{"line":20,"column":null}},"10":{"start":{"line":21,"column":22},"end":{"line":21,"column":null}},"11":{"start":{"line":22,"column":61},"end":{"line":22,"column":null}},"12":{"start":{"line":24,"column":30},"end":{"line":24,"column":null}},"13":{"start":{"line":25,"column":32},"end":{"line":25,"column":null}},"14":{"start":{"line":26,"column":34},"end":{"line":26,"column":null}},"15":{"start":{"line":27,"column":36},"end":{"line":28,"column":null}},"16":{"start":{"line":31,"column":19},"end":{"line":31,"column":28}},"17":{"start":{"line":32,"column":18},"end":{"line":32,"column":null}},"18":{"start":{"line":33,"column":20},"end":{"line":33,"column":null}},"19":{"start":{"line":35,"column":2},"end":{"line":37,"column":null}},"20":{"start":{"line":36,"column":4},"end":{"line":36,"column":null}},"21":{"start":{"line":40,"column":4},"end":{"line":52,"column":null}},"22":{"start":{"line":41,"column":23},"end":{"line":41,"column":null}},"23":{"start":{"line":42,"column":6},"end":{"line":47,"column":null}},"24":{"start":{"line":43,"column":21},"end":{"line":43,"column":null}},"25":{"start":{"line":44,"column":8},"end":{"line":44,"column":null}},"26":{"start":{"line":46,"column":8},"end":{"line":46,"column":null}},"27":{"start":{"line":49,"column":6},"end":{"line":49,"column":null}},"28":{"start":{"line":51,"column":6},"end":{"line":51,"column":null}},"29":{"start":{"line":56,"column":4},"end":{"line":58,"column":null}},"30":{"start":{"line":57,"column":6},"end":{"line":57,"column":null}},"31":{"start":{"line":60,"column":4},"end":{"line":60,"column":null}},"32":{"start":{"line":61,"column":4},"end":{"line":78,"column":null}},"33":{"start":{"line":62,"column":23},"end":{"line":64,"column":null}},"34":{"start":{"line":66,"column":6},"end":{"line":73,"column":null}},"35":{"start":{"line":67,"column":8},"end":{"line":67,"column":null}},"36":{"start":{"line":68,"column":8},"end":{"line":70,"column":null}},"37":{"start":{"line":69,"column":10},"end":{"line":69,"column":null}},"38":{"start":{"line":72,"column":8},"end":{"line":72,"column":null}},"39":{"start":{"line":75,"column":6},"end":{"line":75,"column":null}},"40":{"start":{"line":77,"column":6},"end":{"line":77,"column":null}},"41":{"start":{"line":81,"column":2},"end":{"line":87,"column":null}},"42":{"start":{"line":89,"column":2},"end":{"line":95,"column":null}},"43":{"start":{"line":97,"column":70},"end":{"line":101,"column":null}},"44":{"start":{"line":103,"column":21},"end":{"line":103,"column":null}},"45":{"start":{"line":155,"column":29},"end":{"line":155,"column":null}},"46":{"start":{"line":166,"column":29},"end":{"line":166,"column":null}},"47":{"start":{"line":177,"column":29},"end":{"line":177,"column":null}},"48":{"start":{"line":290,"column":31},"end":{"line":290,"column":null}},"49":{"start":{"line":297,"column":31},"end":{"line":297,"column":null}}},"fnMap":{"0":{"name":"ClientDetailPage","decl":{"start":{"line":18,"column":24},"end":{"line":18,"column":null}},"loc":{"start":{"line":18,"column":24},"end":{"line":303,"column":null}}},"1":{"name":"(anonymous_3)","decl":{"start":{"line":35,"column":12},"end":{"line":35,"column":null}},"loc":{"start":{"line":35,"column":12},"end":{"line":37,"column":5}}},"2":{"name":"fetchClient","decl":{"start":{"line":39,"column":17},"end":{"line":39,"column":null}},"loc":{"start":{"line":39,"column":17},"end":{"line":53,"column":null}}},"3":{"name":"handleDelete","decl":{"start":{"line":55,"column":17},"end":{"line":55,"column":null}},"loc":{"start":{"line":55,"column":17},"end":{"line":79,"column":null}}},"4":{"name":"(anonymous_6)","decl":{"start":{"line":68,"column":19},"end":{"line":68,"column":null}},"loc":{"start":{"line":68,"column":19},"end":{"line":70,"column":11}}},"5":{"name":"(anonymous_7)","decl":{"start":{"line":155,"column":23},"end":{"line":155,"column":29}},"loc":{"start":{"line":155,"column":29},"end":{"line":155,"column":null}}},"6":{"name":"(anonymous_8)","decl":{"start":{"line":166,"column":23},"end":{"line":166,"column":29}},"loc":{"start":{"line":166,"column":29},"end":{"line":166,"column":null}}},"7":{"name":"(anonymous_9)","decl":{"start":{"line":177,"column":23},"end":{"line":177,"column":29}},"loc":{"start":{"line":177,"column":29},"end":{"line":177,"column":null}}},"8":{"name":"(anonymous_10)","decl":{"start":{"line":290,"column":25},"end":{"line":290,"column":31}},"loc":{"start":{"line":290,"column":31},"end":{"line":290,"column":null}}},"9":{"name":"(anonymous_11)","decl":{"start":{"line":297,"column":25},"end":{"line":297,"column":31}},"loc":{"start":{"line":297,"column":31},"end":{"line":297,"column":null}}}},"branchMap":{"0":{"loc":{"start":{"line":42,"column":6},"end":{"line":47,"column":null}},"type":"if","locations":[{"start":{"line":42,"column":6},"end":{"line":47,"column":null}},{"start":{"line":45,"column":13},"end":{"line":47,"column":null}}]},"1":{"loc":{"start":{"line":56,"column":4},"end":{"line":58,"column":null}},"type":"if","locations":[{"start":{"line":56,"column":4},"end":{"line":58,"column":null}}]},"2":{"loc":{"start":{"line":66,"column":6},"end":{"line":73,"column":null}},"type":"if","locations":[{"start":{"line":66,"column":6},"end":{"line":73,"column":null}},{"start":{"line":71,"column":13},"end":{"line":73,"column":null}}]},"3":{"loc":{"start":{"line":81,"column":2},"end":{"line":87,"column":null}},"type":"if","locations":[{"start":{"line":81,"column":2},"end":{"line":87,"column":null}}]},"4":{"loc":{"start":{"line":89,"column":2},"end":{"line":95,"column":null}},"type":"if","locations":[{"start":{"line":89,"column":2},"end":{"line":95,"column":null}}]},"5":{"loc":{"start":{"line":103,"column":21},"end":{"line":103,"column":null}},"type":"binary-expr","locations":[{"start":{"line":103,"column":21},"end":{"line":103,"column":45}},{"start":{"line":103,"column":49},"end":{"line":103,"column":null}}]},"6":{"loc":{"start":{"line":121,"column":15},"end":{"line":121,"column":null}},"type":"cond-expr","locations":[{"start":{"line":121,"column":36},"end":{"line":121,"column":95}},{"start":{"line":121,"column":95},"end":{"line":121,"column":null}}]},"7":{"loc":{"start":{"line":131,"column":13},"end":{"line":131,"column":null}},"type":"binary-expr","locations":[{"start":{"line":131,"column":13},"end":{"line":131,"column":null}}]},"8":{"loc":{"start":{"line":139,"column":13},"end":{"line":139,"column":null}},"type":"binary-expr","locations":[{"start":{"line":139,"column":13},"end":{"line":139,"column":null}}]},"9":{"loc":{"start":{"line":145,"column":17},"end":{"line":145,"column":null}},"type":"cond-expr","locations":[{"start":{"line":145,"column":28},"end":{"line":145,"column":40}},{"start":{"line":145,"column":40},"end":{"line":145,"column":null}}]},"10":{"loc":{"start":{"line":157,"column":16},"end":{"line":159,"column":null}},"type":"cond-expr","locations":[{"start":{"line":158,"column":20},"end":{"line":158,"column":null}},{"start":{"line":159,"column":20},"end":{"line":159,"column":null}}]},"11":{"loc":{"start":{"line":161,"column":28},"end":{"line":161,"column":null}},"type":"cond-expr","locations":[{"start":{"line":161,"column":55},"end":{"line":161,"column":64}},{"start":{"line":161,"column":64},"end":{"line":161,"column":null}}]},"12":{"loc":{"start":{"line":168,"column":16},"end":{"line":170,"column":null}},"type":"cond-expr","locations":[{"start":{"line":169,"column":20},"end":{"line":169,"column":null}},{"start":{"line":170,"column":20},"end":{"line":170,"column":null}}]},"13":{"loc":{"start":{"line":172,"column":28},"end":{"line":172,"column":null}},"type":"cond-expr","locations":[{"start":{"line":172,"column":60},"end":{"line":172,"column":69}},{"start":{"line":172,"column":69},"end":{"line":172,"column":null}}]},"14":{"loc":{"start":{"line":179,"column":16},"end":{"line":181,"column":null}},"type":"cond-expr","locations":[{"start":{"line":180,"column":20},"end":{"line":180,"column":null}},{"start":{"line":181,"column":20},"end":{"line":181,"column":null}}]},"15":{"loc":{"start":{"line":183,"column":28},"end":{"line":183,"column":null}},"type":"cond-expr","locations":[{"start":{"line":183,"column":58},"end":{"line":183,"column":67}},{"start":{"line":183,"column":67},"end":{"line":183,"column":null}}]},"16":{"loc":{"start":{"line":191,"column":9},"end":{"line":191,"column":null}},"type":"binary-expr","locations":[{"start":{"line":191,"column":9},"end":{"line":191,"column":null}}]},"17":{"loc":{"start":{"line":204,"column":21},"end":{"line":206,"column":null}},"type":"cond-expr","locations":[{"start":{"line":205,"column":24},"end":{"line":205,"column":null}},{"start":{"line":206,"column":24},"end":{"line":206,"column":null}}]},"18":{"loc":{"start":{"line":212,"column":21},"end":{"line":216,"column":null}},"type":"cond-expr","locations":[{"start":{"line":213,"column":24},"end":{"line":213,"column":null}},{"start":{"line":214,"column":24},"end":{"line":216,"column":null}}]},"19":{"loc":{"start":{"line":214,"column":24},"end":{"line":216,"column":null}},"type":"cond-expr","locations":[{"start":{"line":215,"column":26},"end":{"line":215,"column":null}},{"start":{"line":216,"column":26},"end":{"line":216,"column":null}}]},"20":{"loc":{"start":{"line":216,"column":26},"end":{"line":216,"column":null}},"type":"binary-expr","locations":[{"start":{"line":216,"column":26},"end":{"line":216,"column":39}},{"start":{"line":216,"column":43},"end":{"line":216,"column":null}}]},"21":{"loc":{"start":{"line":221,"column":62},"end":{"line":221,"column":null}},"type":"binary-expr","locations":[{"start":{"line":221,"column":62},"end":{"line":221,"column":84}},{"start":{"line":221,"column":88},"end":{"line":221,"column":null}}]},"22":{"loc":{"start":{"line":232,"column":62},"end":{"line":232,"column":null}},"type":"binary-expr","locations":[{"start":{"line":232,"column":62},"end":{"line":232,"column":84}},{"start":{"line":232,"column":88},"end":{"line":232,"column":null}}]},"23":{"loc":{"start":{"line":236,"column":62},"end":{"line":236,"column":null}},"type":"binary-expr","locations":[{"start":{"line":236,"column":62},"end":{"line":236,"column":85}},{"start":{"line":236,"column":89},"end":{"line":236,"column":null}}]},"24":{"loc":{"start":{"line":247,"column":62},"end":{"line":247,"column":null}},"type":"binary-expr","locations":[{"start":{"line":247,"column":62},"end":{"line":247,"column":82}},{"start":{"line":247,"column":86},"end":{"line":247,"column":null}}]},"25":{"loc":{"start":{"line":251,"column":62},"end":{"line":251,"column":null}},"type":"binary-expr","locations":[{"start":{"line":251,"column":62},"end":{"line":251,"column":82}},{"start":{"line":251,"column":86},"end":{"line":251,"column":null}}]},"26":{"loc":{"start":{"line":255,"column":62},"end":{"line":255,"column":null}},"type":"binary-expr","locations":[{"start":{"line":255,"column":62},"end":{"line":255,"column":76}},{"start":{"line":255,"column":80},"end":{"line":255,"column":null}}]},"27":{"loc":{"start":{"line":261,"column":14},"end":{"line":261,"column":34}},"type":"binary-expr","locations":[{"start":{"line":261,"column":14},"end":{"line":261,"column":34}},{"start":{"line":261,"column":38},"end":{"line":261,"column":58}}]},"28":{"loc":{"start":{"line":267,"column":64},"end":{"line":267,"column":null}},"type":"binary-expr","locations":[{"start":{"line":267,"column":64},"end":{"line":267,"column":84}},{"start":{"line":267,"column":88},"end":{"line":267,"column":null}}]},"29":{"loc":{"start":{"line":271,"column":64},"end":{"line":271,"column":null}},"type":"binary-expr","locations":[{"start":{"line":271,"column":64},"end":{"line":271,"column":85}},{"start":{"line":271,"column":89},"end":{"line":271,"column":null}}]},"30":{"loc":{"start":{"line":278,"column":13},"end":{"line":278,"column":25}},"type":"binary-expr","locations":[{"start":{"line":278,"column":13},"end":{"line":278,"column":25}}]},"31":{"loc":{"start":{"line":287,"column":9},"end":{"line":287,"column":null}},"type":"binary-expr","locations":[{"start":{"line":287,"column":9},"end":{"line":287,"column":null}}]},"32":{"loc":{"start":{"line":294,"column":9},"end":{"line":294,"column":null}},"type":"binary-expr","locations":[{"start":{"line":294,"column":9},"end":{"line":294,"column":null}}]}},"s":{"0":0,"1":0,"2":0,"3":0,"4":0,"5":0,"6":0,"7":0,"8":0,"9":0,"10":0,"11":0,"12":0,"13":0,"14":0,"15":0,"16":0,"17":0,"18":0,"19":0,"20":0,"21":0,"22":0,"23":0,"24":0,"25":0,"26":0,"27":0,"28":0,"29":0,"30":0,"31":0,"32":0,"33":0,"34":0,"35":0,"36":0,"37":0,"38":0,"39":0,"40":0,"41":0,"42":0,"43":0,"44":0,"45":0,"46":0,"47":0,"48":0,"49":0},"f":{"0":0,"1":0,"2":0,"3":0,"4":0,"5":0,"6":0,"7":0,"8":0,"9":0},"b":{"0":[0,0],"1":[0],"2":[0,0],"3":[0],"4":[0],"5":[0,0],"6":[0,0],"7":[0],"8":[0],"9":[0,0],"10":[0,0],"11":[0,0],"12":[0,0],"13":[0,0],"14":[0,0],"15":[0,0],"16":[0],"17":[0,0],"18":[0,0],"19":[0,0],"20":[0,0],"21":[0,0],"22":[0,0],"23":[0,0],"24":[0,0],"25":[0,0],"26":[0,0],"27":[0,0],"28":[0,0],"29":[0,0],"30":[0],"31":[0],"32":[0]}}
,"C:\\Users\\USER\\Downloads\\valuewith\\AT-CMP\\web\\src\\app\\(dashboard)\\clients\\[id]\\assessments\\[assessmentId]\\edit\\page.tsx": {"path":"C:\\Users\\USER\\Downloads\\valuewith\\AT-CMP\\web\\src\\app\\(dashboard)\\clients\\[id]\\assessments\\[assessmentId]\\edit\\page.tsx","statementMap":{"0":{"start":{"line":97,"column":24},"end":{"line":97,"column":null}},"1":{"start":{"line":3,"column":36},"end":{"line":3,"column":null}},"2":{"start":{"line":4,"column":37},"end":{"line":4,"column":null}},"3":{"start":{"line":5,"column":31},"end":{"line":5,"column":null}},"4":{"start":{"line":6,"column":44},"end":{"line":6,"column":null}},"5":{"start":{"line":23,"column":17},"end":{"line":23,"column":null}},"6":{"start":{"line":24,"column":22},"end":{"line":24,"column":null}},"7":{"start":{"line":25,"column":38},"end":{"line":25,"column":null}},"8":{"start":{"line":26,"column":32},"end":{"line":26,"column":null}},"9":{"start":{"line":28,"column":2},"end":{"line":30,"column":null}},"10":{"start":{"line":29,"column":4},"end":{"line":29,"column":null}},"11":{"start":{"line":33,"column":4},"end":{"line":59,"column":null}},"12":{"start":{"line":34,"column":23},"end":{"line":34,"column":null}},"13":{"start":{"line":35,"column":6},"end":{"line":54,"column":null}},"14":{"start":{"line":36,"column":21},"end":{"line":36,"column":null}},"15":{"start":{"line":38,"column":8},"end":{"line":53,"column":null}},"16":{"start":{"line":39,"column":10},"end":{"line":50,"column":null}},"17":{"start":{"line":40,"column":27},"end":{"line":40,"column":null}},"18":{"start":{"line":41,"column":12},"end":{"line":47,"column":null}},"19":{"start":{"line":49,"column":12},"end":{"line":49,"column":null}},"20":{"start":{"line":52,"column":10},"end":{"line":52,"column":null}},"21":{"start":{"line":56,"column":6},"end":{"line":56,"column":null}},"22":{"start":{"line":58,"column":6},"end":{"line":58,"column":null}},"23":{"start":{"line":62,"column":2},"end":{"line":68,"column":null}},"24":{"start":{"line":70,"column":2},"end":{"line":76,"column":null}},"25":{"start":{"line":98,"column":17},"end":{"line":98,"column":null}},"26":{"start":{"line":99,"column":19},"end":{"line":99,"column":28}},"27":{"start":{"line":100,"column":23},"end":{"line":100,"column":42}}},"fnMap":{"0":{"name":"EditAssessmentPageContent","decl":{"start":{"line":16,"column":9},"end":{"line":16,"column":35}},"loc":{"start":{"line":22,"column":1},"end":{"line":95,"column":null}}},"1":{"name":"(anonymous_2)","decl":{"start":{"line":28,"column":12},"end":{"line":28,"column":null}},"loc":{"start":{"line":28,"column":12},"end":{"line":30,"column":5}}},"2":{"name":"fetchAssessment","decl":{"start":{"line":32,"column":17},"end":{"line":32,"column":null}},"loc":{"start":{"line":32,"column":17},"end":{"line":60,"column":null}}},"3":{"name":"EditAssessmentPage","decl":{"start":{"line":97,"column":24},"end":{"line":97,"column":null}},"loc":{"start":{"line":97,"column":24},"end":{"line":107,"column":null}}}},"branchMap":{"0":{"loc":{"start":{"line":35,"column":6},"end":{"line":54,"column":null}},"type":"if","locations":[{"start":{"line":35,"column":6},"end":{"line":54,"column":null}}]},"1":{"loc":{"start":{"line":38,"column":8},"end":{"line":53,"column":null}},"type":"if","locations":[{"start":{"line":38,"column":8},"end":{"line":53,"column":null}},{"start":{"line":51,"column":15},"end":{"line":53,"column":null}}]},"2":{"loc":{"start":{"line":43,"column":31},"end":{"line":43,"column":77}},"type":"binary-expr","locations":[{"start":{"line":43,"column":31},"end":{"line":43,"column":53}},{"start":{"line":43,"column":57},"end":{"line":43,"column":77}}]},"3":{"loc":{"start":{"line":44,"column":21},"end":{"line":44,"column":39}},"type":"binary-expr","locations":[{"start":{"line":44,"column":21},"end":{"line":44,"column":33}},{"start":{"line":44,"column":37},"end":{"line":44,"column":39}}]},"4":{"loc":{"start":{"line":45,"column":27},"end":{"line":45,"column":65}},"type":"binary-expr","locations":[{"start":{"line":45,"column":27},"end":{"line":45,"column":45}},{"start":{"line":45,"column":49},"end":{"line":45,"column":65}}]},"5":{"loc":{"start":{"line":46,"column":23},"end":{"line":46,"column":53}},"type":"binary-expr","locations":[{"start":{"line":46,"column":23},"end":{"line":46,"column":37}},{"start":{"line":46,"column":41},"end":{"line":46,"column":53}}]},"6":{"loc":{"start":{"line":62,"column":2},"end":{"line":68,"column":null}},"type":"if","locations":[{"start":{"line":62,"column":2},"end":{"line":68,"column":null}}]},"7":{"loc":{"start":{"line":70,"column":2},"end":{"line":76,"column":null}},"type":"if","locations":[{"start":{"line":70,"column":2},"end":{"line":76,"column":null}}]}},"s":{"0":0,"1":0,"2":0,"3":0,"4":0,"5":0,"6":0,"7":0,"8":0,"9":0,"10":0,"11":0,"12":0,"13":0,"14":0,"15":0,"16":0,"17":0,"18":0,"19":0,"20":0,"21":0,"22":0,"23":0,"24":0,"25":0,"26":0,"27":0},"f":{"0":0,"1":0,"2":0,"3":0},"b":{"0":[0],"1":[0,0],"2":[0,0],"3":[0,0],"4":[0,0],"5":[0,0],"6":[0],"7":[0]}}
,"C:\\Users\\USER\\Downloads\\valuewith\\AT-CMP\\web\\src\\app\\(dashboard)\\clients\\[id]\\assessments\\new\\page.tsx": {"path":"C:\\Users\\USER\\Downloads\\valuewith\\AT-CMP\\web\\src\\app\\(dashboard)\\clients\\[id]\\assessments\\new\\page.tsx","statementMap":{"0":{"start":{"line":45,"column":24},"end":{"line":45,"column":null}},"1":{"start":{"line":3,"column":26},"end":{"line":3,"column":null}},"2":{"start":{"line":4,"column":31},"end":{"line":4,"column":null}},"3":{"start":{"line":5,"column":44},"end":{"line":5,"column":null}},"4":{"start":{"line":15,"column":22},"end":{"line":15,"column":null}},"5":{"start":{"line":16,"column":20},"end":{"line":16,"column":null}},"6":{"start":{"line":18,"column":2},"end":{"line":29,"column":null}},"7":{"start":{"line":46,"column":17},"end":{"line":46,"column":null}},"8":{"start":{"line":47,"column":19},"end":{"line":47,"column":28}}},"fnMap":{"0":{"name":"NewAssessmentPageContent","decl":{"start":{"line":14,"column":9},"end":{"line":14,"column":34}},"loc":{"start":{"line":14,"column":68},"end":{"line":43,"column":null}}},"1":{"name":"NewAssessmentPage","decl":{"start":{"line":45,"column":24},"end":{"line":45,"column":null}},"loc":{"start":{"line":45,"column":24},"end":{"line":54,"column":null}}}},"branchMap":{"0":{"loc":{"start":{"line":18,"column":2},"end":{"line":29,"column":null}},"type":"if","locations":[{"start":{"line":18,"column":2},"end":{"line":29,"column":null}}]}},"s":{"0":0,"1":0,"2":0,"3":0,"4":0,"5":0,"6":0,"7":0,"8":0},"f":{"0":0,"1":0},"b":{"0":[0]}}
,"C:\\Users\\USER\\Downloads\\valuewith\\AT-CMP\\web\\src\\app\\(dashboard)\\clients\\[id]\\consultations\\[consultationId]\\edit\\page.tsx": {"path":"C:\\Users\\USER\\Downloads\\valuewith\\AT-CMP\\web\\src\\app\\(dashboard)\\clients\\[id]\\consultations\\[consultationId]\\edit\\page.tsx","statementMap":{"0":{"start":{"line":85,"column":24},"end":{"line":85,"column":null}},"1":{"start":{"line":3,"column":36},"end":{"line":3,"column":null}},"2":{"start":{"line":4,"column":37},"end":{"line":4,"column":null}},"3":{"start":{"line":5,"column":33},"end":{"line":5,"column":null}},"4":{"start":{"line":6,"column":44},"end":{"line":6,"column":null}},"5":{"start":{"line":23,"column":17},"end":{"line":23,"column":null}},"6":{"start":{"line":24,"column":22},"end":{"line":24,"column":null}},"7":{"start":{"line":25,"column":42},"end":{"line":25,"column":null}},"8":{"start":{"line":26,"column":32},"end":{"line":26,"column":null}},"9":{"start":{"line":28,"column":2},"end":{"line":30,"column":null}},"10":{"start":{"line":29,"column":4},"end":{"line":29,"column":null}},"11":{"start":{"line":33,"column":4},"end":{"line":43,"column":null}},"12":{"start":{"line":34,"column":23},"end":{"line":34,"column":null}},"13":{"start":{"line":35,"column":6},"end":{"line":38,"column":null}},"14":{"start":{"line":36,"column":21},"end":{"line":36,"column":null}},"15":{"start":{"line":37,"column":8},"end":{"line":37,"column":null}},"16":{"start":{"line":40,"column":6},"end":{"line":40,"column":null}},"17":{"start":{"line":42,"column":6},"end":{"line":42,"column":null}},"18":{"start":{"line":46,"column":2},"end":{"line":52,"column":null}},"19":{"start":{"line":54,"column":2},"end":{"line":60,"column":null}},"20":{"start":{"line":86,"column":17},"end":{"line":86,"column":null}},"21":{"start":{"line":87,"column":19},"end":{"line":87,"column":28}},"22":{"start":{"line":88,"column":25},"end":{"line":88,"column":46}}},"fnMap":{"0":{"name":"EditConsultationPageContent","decl":{"start":{"line":16,"column":9},"end":{"line":16,"column":37}},"loc":{"start":{"line":22,"column":1},"end":{"line":83,"column":null}}},"1":{"name":"(anonymous_2)","decl":{"start":{"line":28,"column":12},"end":{"line":28,"column":null}},"loc":{"start":{"line":28,"column":12},"end":{"line":30,"column":5}}},"2":{"name":"fetchConsultation","decl":{"start":{"line":32,"column":17},"end":{"line":32,"column":null}},"loc":{"start":{"line":32,"column":17},"end":{"line":44,"column":null}}},"3":{"name":"EditConsultationPage","decl":{"start":{"line":85,"column":24},"end":{"line":85,"column":null}},"loc":{"start":{"line":85,"column":24},"end":{"line":95,"column":null}}}},"branchMap":{"0":{"loc":{"start":{"line":35,"column":6},"end":{"line":38,"column":null}},"type":"if","locations":[{"start":{"line":35,"column":6},"end":{"line":38,"column":null}}]},"1":{"loc":{"start":{"line":46,"column":2},"end":{"line":52,"column":null}},"type":"if","locations":[{"start":{"line":46,"column":2},"end":{"line":52,"column":null}}]},"2":{"loc":{"start":{"line":54,"column":2},"end":{"line":60,"column":null}},"type":"if","locations":[{"start":{"line":54,"column":2},"end":{"line":60,"column":null}}]},"3":{"loc":{"start":{"line":76,"column":23},"end":{"line":76,"column":53}},"type":"binary-expr","locations":[{"start":{"line":76,"column":23},"end":{"line":76,"column":47}},{"start":{"line":76,"column":51},"end":{"line":76,"column":53}}]}},"s":{"0":0,"1":0,"2":0,"3":0,"4":0,"5":0,"6":0,"7":0,"8":0,"9":0,"10":0,"11":0,"12":0,"13":0,"14":0,"15":0,"16":0,"17":0,"18":0,"19":0,"20":0,"21":0,"22":0},"f":{"0":0,"1":0,"2":0,"3":0},"b":{"0":[0],"1":[0],"2":[0],"3":[0,0]}}
,"C:\\Users\\USER\\Downloads\\valuewith\\AT-CMP\\web\\src\\app\\(dashboard)\\clients\\[id]\\consultations\\new\\page.tsx": {"path":"C:\\Users\\USER\\Downloads\\valuewith\\AT-CMP\\web\\src\\app\\(dashboard)\\clients\\[id]\\consultations\\new\\page.tsx","statementMap":{"0":{"start":{"line":46,"column":24},"end":{"line":46,"column":null}},"1":{"start":{"line":4,"column":26},"end":{"line":4,"column":null}},"2":{"start":{"line":5,"column":33},"end":{"line":5,"column":null}},"3":{"start":{"line":6,"column":44},"end":{"line":6,"column":null}},"4":{"start":{"line":16,"column":22},"end":{"line":16,"column":null}},"5":{"start":{"line":17,"column":20},"end":{"line":17,"column":null}},"6":{"start":{"line":19,"column":2},"end":{"line":30,"column":null}},"7":{"start":{"line":47,"column":17},"end":{"line":47,"column":null}},"8":{"start":{"line":48,"column":19},"end":{"line":48,"column":28}}},"fnMap":{"0":{"name":"NewConsultationPageContent","decl":{"start":{"line":15,"column":9},"end":{"line":15,"column":36}},"loc":{"start":{"line":15,"column":70},"end":{"line":44,"column":null}}},"1":{"name":"NewConsultationPage","decl":{"start":{"line":46,"column":24},"end":{"line":46,"column":null}},"loc":{"start":{"line":46,"column":24},"end":{"line":55,"column":null}}}},"branchMap":{"0":{"loc":{"start":{"line":19,"column":2},"end":{"line":30,"column":null}},"type":"if","locations":[{"start":{"line":19,"column":2},"end":{"line":30,"column":null}}]}},"s":{"0":0,"1":0,"2":0,"3":0,"4":0,"5":0,"6":0,"7":0,"8":0},"f":{"0":0,"1":0},"b":{"0":[0]}}
,"C:\\Users\\USER\\Downloads\\valuewith\\AT-CMP\\web\\src\\app\\(dashboard)\\clients\\[id]\\edit\\page.tsx": {"path":"C:\\Users\\USER\\Downloads\\valuewith\\AT-CMP\\web\\src\\app\\(dashboard)\\clients\\[id]\\edit\\page.tsx","statementMap":{"0":{"start":{"line":14,"column":24},"end":{"line":14,"column":null}},"1":{"start":{"line":3,"column":26},"end":{"line":3,"column":null}},"2":{"start":{"line":4,"column":36},"end":{"line":4,"column":null}},"3":{"start":{"line":6,"column":27},"end":{"line":6,"column":null}},"4":{"start":{"line":15,"column":17},"end":{"line":15,"column":null}},"5":{"start":{"line":16,"column":19},"end":{"line":16,"column":28}},"6":{"start":{"line":18,"column":30},"end":{"line":18,"column":null}},"7":{"start":{"line":19,"column":32},"end":{"line":19,"column":null}},"8":{"start":{"line":21,"column":2},"end":{"line":23,"column":null}},"9":{"start":{"line":22,"column":4},"end":{"line":22,"column":null}},"10":{"start":{"line":26,"column":4},"end":{"line":36,"column":null}},"11":{"start":{"line":27,"column":23},"end":{"line":27,"column":null}},"12":{"start":{"line":28,"column":6},"end":{"line":31,"column":null}},"13":{"start":{"line":29,"column":21},"end":{"line":29,"column":null}},"14":{"start":{"line":30,"column":8},"end":{"line":30,"column":null}},"15":{"start":{"line":33,"column":6},"end":{"line":33,"column":null}},"16":{"start":{"line":35,"column":6},"end":{"line":35,"column":null}},"17":{"start":{"line":39,"column":2},"end":{"line":45,"column":null}},"18":{"start":{"line":47,"column":2},"end":{"line":53,"column":null}}},"fnMap":{"0":{"name":"EditClientPage","decl":{"start":{"line":14,"column":24},"end":{"line":14,"column":null}},"loc":{"start":{"line":14,"column":24},"end":{"line":68,"column":null}}},"1":{"name":"(anonymous_2)","decl":{"start":{"line":21,"column":12},"end":{"line":21,"column":null}},"loc":{"start":{"line":21,"column":12},"end":{"line":23,"column":5}}},"2":{"name":"fetchClient","decl":{"start":{"line":25,"column":17},"end":{"line":25,"column":null}},"loc":{"start":{"line":25,"column":17},"end":{"line":37,"column":null}}}},"branchMap":{"0":{"loc":{"start":{"line":28,"column":6},"end":{"line":31,"column":null}},"type":"if","locations":[{"start":{"line":28,"column":6},"end":{"line":31,"column":null}}]},"1":{"loc":{"start":{"line":39,"column":2},"end":{"line":45,"column":null}},"type":"if","locations":[{"start":{"line":39,"column":2},"end":{"line":45,"column":null}}]},"2":{"loc":{"start":{"line":47,"column":2},"end":{"line":53,"column":null}},"type":"if","locations":[{"start":{"line":47,"column":2},"end":{"line":53,"column":null}}]}},"s":{"0":0,"1":0,"2":0,"3":0,"4":0,"5":0,"6":0,"7":0,"8":0,"9":0,"10":0,"11":0,"12":0,"13":0,"14":0,"15":0,"16":0,"17":0,"18":0},"f":{"0":0,"1":0,"2":0},"b":{"0":[0],"1":[0],"2":[0]}}
,"C:\\Users\\USER\\Downloads\\valuewith\\AT-CMP\\web\\src\\app\\(dashboard)\\clients\\new\\page.tsx": {"path":"C:\\Users\\USER\\Downloads\\valuewith\\AT-CMP\\web\\src\\app\\(dashboard)\\clients\\new\\page.tsx","statementMap":{"0":{"start":{"line":45,"column":24},"end":{"line":45,"column":null}},"1":{"start":{"line":3,"column":27},"end":{"line":3,"column":null}},"2":{"start":{"line":4,"column":44},"end":{"line":4,"column":null}},"3":{"start":{"line":14,"column":22},"end":{"line":14,"column":null}},"4":{"start":{"line":15,"column":20},"end":{"line":15,"column":null}},"5":{"start":{"line":17,"column":2},"end":{"line":28,"column":null}}},"fnMap":{"0":{"name":"NewClientPageContent","decl":{"start":{"line":13,"column":9},"end":{"line":13,"column":null}},"loc":{"start":{"line":13,"column":9},"end":{"line":43,"column":null}}},"1":{"name":"NewClientPage","decl":{"start":{"line":45,"column":24},"end":{"line":45,"column":null}},"loc":{"start":{"line":45,"column":24},"end":{"line":51,"column":null}}}},"branchMap":{"0":{"loc":{"start":{"line":17,"column":2},"end":{"line":28,"column":null}},"type":"if","locations":[{"start":{"line":17,"column":2},"end":{"line":28,"column":null}}]}},"s":{"0":0,"1":0,"2":0,"3":0,"4":0,"5":0},"f":{"0":0,"1":0},"b":{"0":[0]}}
,"C:\\Users\\USER\\Downloads\\valuewith\\AT-CMP\\web\\src\\app\\(dashboard)\\dashboard\\page.tsx": {"path":"C:\\Users\\USER\\Downloads\\valuewith\\AT-CMP\\web\\src\\app\\(dashboard)\\dashboard\\page.tsx","statementMap":{"0":{"start":{"line":26,"column":24},"end":{"line":26,"column":null}},"1":{"start":{"line":3,"column":17},"end":{"line":3,"column":null}},"2":{"start":{"line":4,"column":36},"end":{"line":4,"column":null}},"3":{"start":{"line":5,"column":24},"end":{"line":5,"column":null}},"4":{"start":{"line":27,"column":19},"end":{"line":27,"column":null}},"5":{"start":{"line":28,"column":28},"end":{"line":33,"column":null}},"6":{"start":{"line":34,"column":44},"end":{"line":34,"column":null}},"7":{"start":{"line":35,"column":32},"end":{"line":35,"column":null}},"8":{"start":{"line":37,"column":2},"end":{"line":54,"column":null}},"9":{"start":{"line":39,"column":6},"end":{"line":50,"column":null}},"10":{"start":{"line":40,"column":25},"end":{"line":40,"column":null}},"11":{"start":{"line":41,"column":8},"end":{"line":45,"column":null}},"12":{"start":{"line":42,"column":23},"end":{"line":42,"column":null}},"13":{"start":{"line":43,"column":10},"end":{"line":43,"column":null}},"14":{"start":{"line":44,"column":10},"end":{"line":44,"column":null}},"15":{"start":{"line":47,"column":8},"end":{"line":47,"column":null}},"16":{"start":{"line":49,"column":8},"end":{"line":49,"column":null}},"17":{"start":{"line":53,"column":4},"end":{"line":53,"column":null}},"18":{"start":{"line":56,"column":20},"end":{"line":81,"column":null}},"19":{"start":{"line":96,"column":10},"end":{"line":97,"column":null}},"20":{"start":{"line":175,"column":14},"end":{"line":176,"column":null}}},"fnMap":{"0":{"name":"DashboardPage","decl":{"start":{"line":26,"column":24},"end":{"line":26,"column":null}},"loc":{"start":{"line":26,"column":24},"end":{"line":202,"column":null}}},"1":{"name":"(anonymous_3)","decl":{"start":{"line":37,"column":12},"end":{"line":37,"column":null}},"loc":{"start":{"line":37,"column":12},"end":{"line":54,"column":5}}},"2":{"name":"fetchDashboardData","decl":{"start":{"line":38,"column":19},"end":{"line":38,"column":null}},"loc":{"start":{"line":38,"column":19},"end":{"line":51,"column":null}}},"3":{"name":"(anonymous_5)","decl":{"start":{"line":95,"column":23},"end":{"line":95,"column":24}},"loc":{"start":{"line":96,"column":10},"end":{"line":97,"column":null}}},"4":{"name":"(anonymous_6)","decl":{"start":{"line":174,"column":31},"end":{"line":174,"column":32}},"loc":{"start":{"line":175,"column":14},"end":{"line":176,"column":null}}}},"branchMap":{"0":{"loc":{"start":{"line":41,"column":8},"end":{"line":45,"column":null}},"type":"if","locations":[{"start":{"line":41,"column":8},"end":{"line":45,"column":null}}]},"1":{"loc":{"start":{"line":44,"column":27},"end":{"line":44,"column":51}},"type":"binary-expr","locations":[{"start":{"line":44,"column":27},"end":{"line":44,"column":45}},{"start":{"line":44,"column":49},"end":{"line":44,"column":51}}]},"2":{"loc":{"start":{"line":88,"column":18},"end":{"line":88,"column":43}},"type":"binary-expr","locations":[{"start":{"line":88,"column":18},"end":{"line":88,"column":37}},{"start":{"line":88,"column":37},"end":{"line":88,"column":43}}]},"3":{"loc":{"start":{"line":106,"column":19},"end":{"line":109,"column":30}},"type":"cond-expr","locations":[{"start":{"line":107,"column":20},"end":{"line":109,"column":25}},{"start":{"line":109,"column":20},"end":{"line":109,"column":30}}]},"4":{"loc":{"start":{"line":159,"column":10},"end":{"line":162,"column":26}},"type":"cond-expr","locations":[{"start":{"line":159,"column":10},"end":{"line":162,"column":26}}]},"5":{"loc":{"start":{"line":163,"column":10},"end":{"line":173,"column":11}},"type":"cond-expr","locations":[{"start":{"line":163,"column":10},"end":{"line":173,"column":11}}]},"6":{"loc":{"start":{"line":188,"column":20},"end":{"line":190,"column":null}},"type":"cond-expr","locations":[{"start":{"line":189,"column":24},"end":{"line":189,"column":null}},{"start":{"line":190,"column":24},"end":{"line":190,"column":null}}]},"7":{"loc":{"start":{"line":193,"column":19},"end":{"line":193,"column":69}},"type":"cond-expr","locations":[{"start":{"line":193,"column":48},"end":{"line":193,"column":56}},{"start":{"line":193,"column":56},"end":{"line":193,"column":69}}]}},"s":{"0":0,"1":0,"2":0,"3":0,"4":0,"5":0,"6":0,"7":0,"8":0,"9":0,"10":0,"11":0,"12":0,"13":0,"14":0,"15":0,"16":0,"17":0,"18":0,"19":0,"20":0},"f":{"0":0,"1":0,"2":0,"3":0,"4":0},"b":{"0":[0],"1":[0,0],"2":[0,0],"3":[0,0],"4":[0],"5":[0],"6":[0,0],"7":[0,0]}}
,"C:\\Users\\USER\\Downloads\\valuewith\\AT-CMP\\web\\src\\app\\(dashboard)\\equipment\\page.tsx": {"path":"C:\\Users\\USER\\Downloads\\valuewith\\AT-CMP\\web\\src\\app\\(dashboard)\\equipment\\page.tsx","statementMap":{"0":{"start":{"line":28,"column":24},"end":{"line":28,"column":null}},"1":{"start":{"line":3,"column":36},"end":{"line":3,"column":null}},"2":{"start":{"line":4,"column":17},"end":{"line":4,"column":null}},"3":{"start":{"line":5,"column":43},"end":{"line":5,"column":null}},"4":{"start":{"line":7,"column":31},"end":{"line":7,"column":null}},"5":{"start":{"line":8,"column":37},"end":{"line":8,"column":null}},"6":{"start":{"line":9,"column":28},"end":{"line":9,"column":null}},"7":{"start":{"line":10,"column":41},"end":{"line":10,"column":null}},"8":{"start":{"line":11,"column":25},"end":{"line":11,"column":null}},"9":{"start":{"line":19,"column":7},"end":{"line":19,"column":null}},"10":{"start":{"line":29,"column":17},"end":{"line":29,"column":null}},"11":{"start":{"line":30,"column":23},"end":{"line":30,"column":null}},"12":{"start":{"line":31,"column":22},"end":{"line":31,"column":null}},"13":{"start":{"line":32,"column":61},"end":{"line":32,"column":null}},"14":{"start":{"line":34,"column":36},"end":{"line":34,"column":null}},"15":{"start":{"line":35,"column":32},"end":{"line":35,"column":null}},"16":{"start":{"line":36,"column":42},"end":{"line":36,"column":null}},"17":{"start":{"line":37,"column":46},"end":{"line":38,"column":null}},"18":{"start":{"line":40,"column":40},"end":{"line":40,"column":null}},"19":{"start":{"line":42,"column":20},"end":{"line":42,"column":null}},"20":{"start":{"line":44,"column":2},"end":{"line":46,"column":null}},"21":{"start":{"line":45,"column":4},"end":{"line":45,"column":null}},"22":{"start":{"line":48,"column":2},"end":{"line":58,"column":null}},"23":{"start":{"line":50,"column":19},"end":{"line":50,"column":null}},"24":{"start":{"line":51,"column":4},"end":{"line":51,"column":null}},"25":{"start":{"line":51,"column":32},"end":{"line":51,"column":null}},"26":{"start":{"line":52,"column":4},"end":{"line":52,"column":null}},"27":{"start":{"line":52,"column":34},"end":{"line":52,"column":null}},"28":{"start":{"line":53,"column":4},"end":{"line":53,"column":null}},"29":{"start":{"line":53,"column":21},"end":{"line":53,"column":null}},"30":{"start":{"line":55,"column":24},"end":{"line":55,"column":null}},"31":{"start":{"line":56,"column":19},"end":{"line":56,"column":null}},"32":{"start":{"line":57,"column":4},"end":{"line":57,"column":null}},"33":{"start":{"line":60,"column":25},"end":{"line":80,"column":null}},"34":{"start":{"line":61,"column":4},"end":{"line":79,"column":null}},"35":{"start":{"line":62,"column":6},"end":{"line":62,"column":null}},"36":{"start":{"line":63,"column":21},"end":{"line":63,"column":null}},"37":{"start":{"line":64,"column":6},"end":{"line":64,"column":null}},"38":{"start":{"line":64,"column":34},"end":{"line":64,"column":null}},"39":{"start":{"line":65,"column":6},"end":{"line":65,"column":null}},"40":{"start":{"line":65,"column":36},"end":{"line":65,"column":null}},"41":{"start":{"line":66,"column":6},"end":{"line":66,"column":null}},"42":{"start":{"line":66,"column":23},"end":{"line":66,"column":null}},"43":{"start":{"line":68,"column":23},"end":{"line":68,"column":null}},"44":{"start":{"line":69,"column":6},"end":{"line":74,"column":null}},"45":{"start":{"line":70,"column":21},"end":{"line":70,"column":null}},"46":{"start":{"line":71,"column":8},"end":{"line":71,"column":null}},"47":{"start":{"line":73,"column":8},"end":{"line":73,"column":null}},"48":{"start":{"line":76,"column":6},"end":{"line":76,"column":null}},"49":{"start":{"line":78,"column":6},"end":{"line":78,"column":null}},"50":{"start":{"line":82,"column":29},"end":{"line":84,"column":null}},"51":{"start":{"line":83,"column":4},"end":{"line":83,"column":null}},"52":{"start":{"line":86,"column":29},"end":{"line":110,"column":null}},"53":{"start":{"line":87,"column":4},"end":{"line":89,"column":null}},"54":{"start":{"line":88,"column":6},"end":{"line":88,"column":null}},"55":{"start":{"line":91,"column":4},"end":{"line":109,"column":null}},"56":{"start":{"line":92,"column":23},"end":{"line":98,"column":null}},"57":{"start":{"line":100,"column":6},"end":{"line":106,"column":null}},"58":{"start":{"line":101,"column":8},"end":{"line":101,"column":null}},"59":{"start":{"line":102,"column":8},"end":{"line":102,"column":26}},"60":{"start":{"line":104,"column":26},"end":{"line":104,"column":null}},"61":{"start":{"line":105,"column":8},"end":{"line":105,"column":null}},"62":{"start":{"line":108,"column":6},"end":{"line":108,"column":null}},"63":{"start":{"line":112,"column":31},"end":{"line":114,"column":null}},"64":{"start":{"line":113,"column":4},"end":{"line":113,"column":null}},"65":{"start":{"line":116,"column":2},"end":{"line":122,"column":null}},"66":{"start":{"line":157,"column":33},"end":{"line":157,"column":null}},"67":{"start":{"line":170,"column":33},"end":{"line":170,"column":null}},"68":{"start":{"line":181,"column":72},"end":{"line":185,"column":null}},"69":{"start":{"line":186,"column":18},"end":{"line":188,"column":null}},"70":{"start":{"line":190,"column":37},"end":{"line":190,"column":null}},"71":{"start":{"line":213,"column":33},"end":{"line":213,"column":null}},"72":{"start":{"line":219,"column":18},"end":{"line":219,"column":38}},"73":{"start":{"line":231,"column":45},"end":{"line":231,"column":69}},"74":{"start":{"line":232,"column":50},"end":{"line":232,"column":79}},"75":{"start":{"line":233,"column":46},"end":{"line":233,"column":71}}},"fnMap":{"0":{"name":"EquipmentPage","decl":{"start":{"line":28,"column":24},"end":{"line":28,"column":null}},"loc":{"start":{"line":28,"column":24},"end":{"line":246,"column":null}}},"1":{"name":"(anonymous_3)","decl":{"start":{"line":44,"column":12},"end":{"line":44,"column":null}},"loc":{"start":{"line":44,"column":12},"end":{"line":46,"column":5}}},"2":{"name":"(anonymous_4)","decl":{"start":{"line":48,"column":12},"end":{"line":48,"column":null}},"loc":{"start":{"line":48,"column":12},"end":{"line":58,"column":5}}},"3":{"name":"(anonymous_5)","decl":{"start":{"line":60,"column":25},"end":{"line":60,"column":null}},"loc":{"start":{"line":60,"column":25},"end":{"line":80,"column":null}}},"4":{"name":"(anonymous_6)","decl":{"start":{"line":82,"column":38},"end":{"line":82,"column":39}},"loc":{"start":{"line":82,"column":39},"end":{"line":84,"column":5}}},"5":{"name":"(anonymous_7)","decl":{"start":{"line":86,"column":29},"end":{"line":86,"column":36}},"loc":{"start":{"line":86,"column":57},"end":{"line":110,"column":null}}},"6":{"name":"(anonymous_8)","decl":{"start":{"line":112,"column":31},"end":{"line":112,"column":32}},"loc":{"start":{"line":112,"column":32},"end":{"line":114,"column":null}}},"7":{"name":"(anonymous_9)","decl":{"start":{"line":157,"column":26},"end":{"line":157,"column":27}},"loc":{"start":{"line":157,"column":33},"end":{"line":157,"column":null}}},"8":{"name":"(anonymous_10)","decl":{"start":{"line":170,"column":27},"end":{"line":170,"column":33}},"loc":{"start":{"line":170,"column":33},"end":{"line":170,"column":null}}},"9":{"name":"(anonymous_11)","decl":{"start":{"line":180,"column":61},"end":{"line":180,"column":62}},"loc":{"start":{"line":180,"column":76},"end":{"line":201,"column":null}}},"10":{"name":"(anonymous_12)","decl":{"start":{"line":190,"column":31},"end":{"line":190,"column":37}},"loc":{"start":{"line":190,"column":37},"end":{"line":190,"column":null}}},"11":{"name":"(anonymous_13)","decl":{"start":{"line":213,"column":26},"end":{"line":213,"column":27}},"loc":{"start":{"line":213,"column":33},"end":{"line":213,"column":null}}},"12":{"name":"(anonymous_14)","decl":{"start":{"line":218,"column":63},"end":{"line":218,"column":64}},"loc":{"start":{"line":219,"column":18},"end":{"line":219,"column":38}}},"13":{"name":"(anonymous_15)","decl":{"start":{"line":231,"column":37},"end":{"line":231,"column":38}},"loc":{"start":{"line":231,"column":45},"end":{"line":231,"column":69}}},"14":{"name":"(anonymous_16)","decl":{"start":{"line":232,"column":42},"end":{"line":232,"column":43}},"loc":{"start":{"line":232,"column":50},"end":{"line":232,"column":79}}},"15":{"name":"(anonymous_17)","decl":{"start":{"line":233,"column":38},"end":{"line":233,"column":39}},"loc":{"start":{"line":233,"column":46},"end":{"line":233,"column":71}}}},"branchMap":{"0":{"loc":{"start":{"line":36,"column":59},"end":{"line":36,"column":null}},"type":"binary-expr","locations":[{"start":{"line":36,"column":59},"end":{"line":36,"column":89}},{"start":{"line":36,"column":89},"end":{"line":36,"column":null}}]},"1":{"loc":{"start":{"line":38,"column":4},"end":{"line":38,"column":null}},"type":"binary-expr","locations":[{"start":{"line":38,"column":4},"end":{"line":38,"column":36}},{"start":{"line":38,"column":36},"end":{"line":38,"column":null}}]},"2":{"loc":{"start":{"line":40,"column":57},"end":{"line":40,"column":null}},"type":"binary-expr","locations":[{"start":{"line":40,"column":57},"end":{"line":40,"column":87}},{"start":{"line":40,"column":87},"end":{"line":40,"column":null}}]},"3":{"loc":{"start":{"line":51,"column":4},"end":{"line":51,"column":null}},"type":"if","locations":[{"start":{"line":51,"column":4},"end":{"line":51,"column":null}}]},"4":{"loc":{"start":{"line":52,"column":4},"end":{"line":52,"column":null}},"type":"if","locations":[{"start":{"line":52,"column":4},"end":{"line":52,"column":null}}]},"5":{"loc":{"start":{"line":53,"column":4},"end":{"line":53,"column":null}},"type":"if","locations":[{"start":{"line":53,"column":4},"end":{"line":53,"column":null}}]},"6":{"loc":{"start":{"line":56,"column":19},"end":{"line":56,"column":null}},"type":"cond-expr","locations":[{"start":{"line":56,"column":33},"end":{"line":56,"column":60}},{"start":{"line":56,"column":63},"end":{"line":56,"column":null}}]},"7":{"loc":{"start":{"line":64,"column":6},"end":{"line":64,"column":null}},"type":"if","locations":[{"start":{"line":64,"column":6},"end":{"line":64,"column":null}}]},"8":{"loc":{"start":{"line":65,"column":6},"end":{"line":65,"column":null}},"type":"if","locations":[{"start":{"line":65,"column":6},"end":{"line":65,"column":null}}]},"9":{"loc":{"start":{"line":66,"column":6},"end":{"line":66,"column":null}},"type":"if","locations":[{"start":{"line":66,"column":6},"end":{"line":66,"column":null}}]},"10":{"loc":{"start":{"line":69,"column":6},"end":{"line":74,"column":null}},"type":"if","locations":[{"start":{"line":69,"column":6},"end":{"line":74,"column":null}},{"start":{"line":72,"column":13},"end":{"line":74,"column":null}}]},"11":{"loc":{"start":{"line":71,"column":21},"end":{"line":71,"column":36}},"type":"binary-expr","locations":[{"start":{"line":71,"column":21},"end":{"line":71,"column":30}},{"start":{"line":71,"column":34},"end":{"line":71,"column":36}}]},"12":{"loc":{"start":{"line":87,"column":4},"end":{"line":89,"column":null}},"type":"if","locations":[{"start":{"line":87,"column":4},"end":{"line":89,"column":null}}]},"13":{"loc":{"start":{"line":100,"column":6},"end":{"line":106,"column":null}},"type":"if","locations":[{"start":{"line":100,"column":6},"end":{"line":106,"column":null}},{"start":{"line":103,"column":13},"end":{"line":106,"column":null}}]},"14":{"loc":{"start":{"line":105,"column":18},"end":{"line":105,"column":null}},"type":"binary-expr","locations":[{"start":{"line":105,"column":18},"end":{"line":105,"column":33}},{"start":{"line":105,"column":37},"end":{"line":105,"column":null}}]},"15":{"loc":{"start":{"line":116,"column":2},"end":{"line":122,"column":null}},"type":"if","locations":[{"start":{"line":116,"column":2},"end":{"line":122,"column":null}}]},"16":{"loc":{"start":{"line":135,"column":11},"end":{"line":135,"column":null}},"type":"binary-expr","locations":[{"start":{"line":135,"column":11},"end":{"line":135,"column":null}}]},"17":{"loc":{"start":{"line":172,"column":20},"end":{"line":174,"column":null}},"type":"cond-expr","locations":[{"start":{"line":173,"column":24},"end":{"line":173,"column":null}},{"start":{"line":174,"column":24},"end":{"line":174,"column":null}}]},"18":{"loc":{"start":{"line":192,"column":24},"end":{"line":194,"column":null}},"type":"cond-expr","locations":[{"start":{"line":193,"column":28},"end":{"line":193,"column":null}},{"start":{"line":194,"column":28},"end":{"line":194,"column":null}}]}},"s":{"0":0,"1":0,"2":0,"3":0,"4":0,"5":0,"6":0,"7":0,"8":0,"9":0,"10":0,"11":0,"12":0,"13":0,"14":0,"15":0,"16":0,"17":0,"18":0,"19":0,"20":0,"21":0,"22":0,"23":0,"24":0,"25":0,"26":0,"27":0,"28":0,"29":0,"30":0,"31":0,"32":0,"33":0,"34":0,"35":0,"36":0,"37":0,"38":0,"39":0,"40":0,"41":0,"42":0,"43":0,"44":0,"45":0,"46":0,"47":0,"48":0,"49":0,"50":0,"51":0,"52":0,"53":0,"54":0,"55":0,"56":0,"57":0,"58":0,"59":0,"60":0,"61":0,"62":0,"63":0,"64":0,"65":0,"66":0,"67":0,"68":0,"69":0,"70":0,"71":0,"72":0,"73":0,"74":0,"75":0},"f":{"0":0,"1":0,"2":0,"3":0,"4":0,"5":0,"6":0,"7":0,"8":0,"9":0,"10":0,"11":0,"12":0,"13":0,"14":0,"15":0},"b":{"0":[0,0],"1":[0,0],"2":[0,0],"3":[0],"4":[0],"5":[0],"6":[0,0],"7":[0],"8":[0],"9":[0],"10":[0,0],"11":[0,0],"12":[0],"13":[0,0],"14":[0,0],"15":[0],"16":[0],"17":[0,0],"18":[0,0]}}
,"C:\\Users\\USER\\Downloads\\valuewith\\AT-CMP\\web\\src\\app\\(dashboard)\\equipment\\[id]\\page.tsx": {"path":"C:\\Users\\USER\\Downloads\\valuewith\\AT-CMP\\web\\src\\app\\(dashboard)\\equipment\\[id]\\page.tsx","statementMap":{"0":{"start":{"line":22,"column":24},"end":{"line":22,"column":null}},"1":{"start":{"line":3,"column":36},"end":{"line":3,"column":null}},"2":{"start":{"line":4,"column":17},"end":{"line":4,"column":null}},"3":{"start":{"line":5,"column":37},"end":{"line":5,"column":null}},"4":{"start":{"line":7,"column":28},"end":{"line":7,"column":null}},"5":{"start":{"line":8,"column":41},"end":{"line":8,"column":null}},"6":{"start":{"line":9,"column":41},"end":{"line":9,"column":null}},"7":{"start":{"line":15,"column":7},"end":{"line":15,"column":null}},"8":{"start":{"line":23,"column":17},"end":{"line":23,"column":null}},"9":{"start":{"line":24,"column":17},"end":{"line":24,"column":null}},"10":{"start":{"line":25,"column":22},"end":{"line":25,"column":null}},"11":{"start":{"line":26,"column":61},"end":{"line":26,"column":null}},"12":{"start":{"line":28,"column":36},"end":{"line":28,"column":null}},"13":{"start":{"line":29,"column":32},"end":{"line":29,"column":null}},"14":{"start":{"line":30,"column":36},"end":{"line":30,"column":null}},"15":{"start":{"line":32,"column":22},"end":{"line":32,"column":31}},"16":{"start":{"line":33,"column":18},"end":{"line":33,"column":null}},"17":{"start":{"line":34,"column":20},"end":{"line":34,"column":null}},"18":{"start":{"line":36,"column":2},"end":{"line":38,"column":null}},"19":{"start":{"line":37,"column":4},"end":{"line":37,"column":null}},"20":{"start":{"line":41,"column":4},"end":{"line":53,"column":null}},"21":{"start":{"line":42,"column":23},"end":{"line":42,"column":null}},"22":{"start":{"line":43,"column":6},"end":{"line":48,"column":null}},"23":{"start":{"line":44,"column":21},"end":{"line":44,"column":null}},"24":{"start":{"line":45,"column":8},"end":{"line":45,"column":null}},"25":{"start":{"line":47,"column":8},"end":{"line":47,"column":null}},"26":{"start":{"line":50,"column":6},"end":{"line":50,"column":null}},"27":{"start":{"line":52,"column":6},"end":{"line":52,"column":null}},"28":{"start":{"line":56,"column":2},"end":{"line":62,"column":null}},"29":{"start":{"line":64,"column":2},"end":{"line":70,"column":null}},"30":{"start":{"line":72,"column":79},"end":{"line":76,"column":null}},"31":{"start":{"line":78,"column":21},"end":{"line":81,"column":null}},"32":{"start":{"line":126,"column":29},"end":{"line":126,"column":null}},"33":{"start":{"line":137,"column":29},"end":{"line":137,"column":null}},"34":{"start":{"line":277,"column":31},"end":{"line":277,"column":null}}},"fnMap":{"0":{"name":"EquipmentDetailPage","decl":{"start":{"line":22,"column":24},"end":{"line":22,"column":null}},"loc":{"start":{"line":22,"column":24},"end":{"line":283,"column":null}}},"1":{"name":"(anonymous_3)","decl":{"start":{"line":36,"column":12},"end":{"line":36,"column":null}},"loc":{"start":{"line":36,"column":12},"end":{"line":38,"column":5}}},"2":{"name":"fetchEquipment","decl":{"start":{"line":40,"column":17},"end":{"line":40,"column":null}},"loc":{"start":{"line":40,"column":17},"end":{"line":54,"column":null}}},"3":{"name":"(anonymous_5)","decl":{"start":{"line":126,"column":23},"end":{"line":126,"column":29}},"loc":{"start":{"line":126,"column":29},"end":{"line":126,"column":null}}},"4":{"name":"(anonymous_6)","decl":{"start":{"line":137,"column":23},"end":{"line":137,"column":29}},"loc":{"start":{"line":137,"column":29},"end":{"line":137,"column":null}}},"5":{"name":"(anonymous_7)","decl":{"start":{"line":277,"column":25},"end":{"line":277,"column":31}},"loc":{"start":{"line":277,"column":31},"end":{"line":277,"column":null}}}},"branchMap":{"0":{"loc":{"start":{"line":43,"column":6},"end":{"line":48,"column":null}},"type":"if","locations":[{"start":{"line":43,"column":6},"end":{"line":48,"column":null}},{"start":{"line":46,"column":13},"end":{"line":48,"column":null}}]},"1":{"loc":{"start":{"line":56,"column":2},"end":{"line":62,"column":null}},"type":"if","locations":[{"start":{"line":56,"column":2},"end":{"line":62,"column":null}}]},"2":{"loc":{"start":{"line":64,"column":2},"end":{"line":70,"column":null}},"type":"if","locations":[{"start":{"line":64,"column":2},"end":{"line":70,"column":null}}]},"3":{"loc":{"start":{"line":78,"column":21},"end":{"line":81,"column":null}},"type":"binary-expr","locations":[{"start":{"line":78,"column":21},"end":{"line":78,"column":67}},{"start":{"line":78,"column":71},"end":{"line":81,"column":null}}]},"4":{"loc":{"start":{"line":99,"column":15},"end":{"line":101,"column":null}},"type":"cond-expr","locations":[{"start":{"line":100,"column":18},"end":{"line":100,"column":null}},{"start":{"line":101,"column":18},"end":{"line":101,"column":null}}]},"5":{"loc":{"start":{"line":111,"column":13},"end":{"line":111,"column":null}},"type":"binary-expr","locations":[{"start":{"line":111,"column":13},"end":{"line":111,"column":null}}]},"6":{"loc":{"start":{"line":128,"column":16},"end":{"line":130,"column":null}},"type":"cond-expr","locations":[{"start":{"line":129,"column":20},"end":{"line":129,"column":null}},{"start":{"line":130,"column":20},"end":{"line":130,"column":null}}]},"7":{"loc":{"start":{"line":132,"column":28},"end":{"line":132,"column":null}},"type":"cond-expr","locations":[{"start":{"line":132,"column":55},"end":{"line":132,"column":64}},{"start":{"line":132,"column":64},"end":{"line":132,"column":null}}]},"8":{"loc":{"start":{"line":139,"column":16},"end":{"line":141,"column":null}},"type":"cond-expr","locations":[{"start":{"line":140,"column":20},"end":{"line":140,"column":null}},{"start":{"line":141,"column":20},"end":{"line":141,"column":null}}]},"9":{"loc":{"start":{"line":143,"column":28},"end":{"line":143,"column":null}},"type":"cond-expr","locations":[{"start":{"line":143,"column":58},"end":{"line":143,"column":67}},{"start":{"line":143,"column":67},"end":{"line":143,"column":null}}]},"10":{"loc":{"start":{"line":151,"column":9},"end":{"line":151,"column":null}},"type":"binary-expr","locations":[{"start":{"line":151,"column":9},"end":{"line":151,"column":null}}]},"11":{"loc":{"start":{"line":164,"column":21},"end":{"line":168,"column":null}},"type":"cond-expr","locations":[{"start":{"line":165,"column":24},"end":{"line":166,"column":null}},{"start":{"line":168,"column":24},"end":{"line":168,"column":null}}]},"12":{"loc":{"start":{"line":173,"column":62},"end":{"line":173,"column":null}},"type":"binary-expr","locations":[{"start":{"line":173,"column":62},"end":{"line":173,"column":77}},{"start":{"line":173,"column":81},"end":{"line":173,"column":null}}]},"13":{"loc":{"start":{"line":177,"column":62},"end":{"line":177,"column":null}},"type":"binary-expr","locations":[{"start":{"line":177,"column":62},"end":{"line":177,"column":77}},{"start":{"line":177,"column":81},"end":{"line":177,"column":null}}]},"14":{"loc":{"start":{"line":181,"column":62},"end":{"line":181,"column":null}},"type":"binary-expr","locations":[{"start":{"line":181,"column":62},"end":{"line":181,"column":85}},{"start":{"line":181,"column":89},"end":{"line":181,"column":null}}]},"15":{"loc":{"start":{"line":203,"column":21},"end":{"line":203,"column":51}},"type":"binary-expr","locations":[{"start":{"line":203,"column":21},"end":{"line":203,"column":45}},{"start":{"line":203,"column":49},"end":{"line":203,"column":51}}]},"16":{"loc":{"start":{"line":209,"column":21},"end":{"line":209,"column":55}},"type":"binary-expr","locations":[{"start":{"line":209,"column":21},"end":{"line":209,"column":49}},{"start":{"line":209,"column":53},"end":{"line":209,"column":55}}]},"17":{"loc":{"start":{"line":215,"column":22},"end":{"line":215,"column":56}},"type":"binary-expr","locations":[{"start":{"line":215,"column":22},"end":{"line":215,"column":46}},{"start":{"line":215,"column":50},"end":{"line":215,"column":56}}]},"18":{"loc":{"start":{"line":215,"column":56},"end":{"line":215,"column":91}},"type":"binary-expr","locations":[{"start":{"line":215,"column":56},"end":{"line":215,"column":84}},{"start":{"line":215,"column":88},"end":{"line":215,"column":91}}]},"19":{"loc":{"start":{"line":227,"column":62},"end":{"line":227,"column":null}},"type":"binary-expr","locations":[{"start":{"line":227,"column":62},"end":{"line":227,"column":80}},{"start":{"line":227,"column":84},"end":{"line":227,"column":null}}]},"20":{"loc":{"start":{"line":232,"column":21},"end":{"line":234,"column":null}},"type":"cond-expr","locations":[{"start":{"line":233,"column":24},"end":{"line":233,"column":null}},{"start":{"line":234,"column":24},"end":{"line":234,"column":null}}]},"21":{"loc":{"start":{"line":240,"column":21},"end":{"line":242,"column":null}},"type":"cond-expr","locations":[{"start":{"line":241,"column":24},"end":{"line":241,"column":71}},{"start":{"line":242,"column":24},"end":{"line":242,"column":null}}]},"22":{"loc":{"start":{"line":248,"column":21},"end":{"line":250,"column":null}},"type":"cond-expr","locations":[{"start":{"line":249,"column":24},"end":{"line":249,"column":null}},{"start":{"line":250,"column":24},"end":{"line":250,"column":null}}]},"23":{"loc":{"start":{"line":253,"column":17},"end":{"line":253,"column":38}},"type":"binary-expr","locations":[{"start":{"line":253,"column":17},"end":{"line":253,"column":38}}]},"24":{"loc":{"start":{"line":261,"column":17},"end":{"line":261,"column":32}},"type":"binary-expr","locations":[{"start":{"line":261,"column":17},"end":{"line":261,"column":32}}]},"25":{"loc":{"start":{"line":274,"column":9},"end":{"line":274,"column":null}},"type":"binary-expr","locations":[{"start":{"line":274,"column":9},"end":{"line":274,"column":null}}]}},"s":{"0":0,"1":0,"2":0,"3":0,"4":0,"5":0,"6":0,"7":0,"8":0,"9":0,"10":0,"11":0,"12":0,"13":0,"14":0,"15":0,"16":0,"17":0,"18":0,"19":0,"20":0,"21":0,"22":0,"23":0,"24":0,"25":0,"26":0,"27":0,"28":0,"29":0,"30":0,"31":0,"32":0,"33":0,"34":0},"f":{"0":0,"1":0,"2":0,"3":0,"4":0,"5":0},"b":{"0":[0,0],"1":[0],"2":[0],"3":[0,0],"4":[0,0],"5":[0],"6":[0,0],"7":[0,0],"8":[0,0],"9":[0,0],"10":[0],"11":[0,0],"12":[0,0],"13":[0,0],"14":[0,0],"15":[0,0],"16":[0,0],"17":[0,0],"18":[0,0],"19":[0,0],"20":[0,0],"21":[0,0],"22":[0,0],"23":[0],"24":[0],"25":[0]}}
[...]
,"C:\\Users\\USER\\Downloads\\valuewith\\AT-CMP\\web\\src\\lib\\validations\\assessment.ts": {"path":"C:\\Users\\USER\\Downloads\\valuewith\\AT-CMP\\web\\src\\lib\\validations\\assessment.ts","statementMap":{"0":{"start":{"line":11,"column":13},"end":{"line":11,"column":32}},"1":{"start":{"line":22,"column":13},"end":{"line":22,"column":70}},"2":{"start":{"line":40,"column":13},"end":{"line":40,"column":36}},"3":{"start":{"line":52,"column":13},"end":{"line":52,"column":32}},"4":{"start":{"line":31,"column":13},"end":{"line":31,"column":37}},"5":{"start":{"line":102,"column":13},"end":{"line":102,"column":38}},"6":{"start":{"line":111,"column":16},"end":{"line":111,"column":36}},"7":{"start":{"line":120,"column":16},"end":{"line":120,"column":30}},"8":{"start":{"line":1,"column":18},"end":{"line":1,"column":null}},"9":{"start":{"line":11,"column":32},"end":{"line":15,"column":null}},"10":{"start":{"line":22,"column":70},"end":{"line":26,"column":null}},"11":{"start":{"line":31,"column":37},"end":{"line":35,"column":null}},"12":{"start":{"line":40,"column":36},"end":{"line":45,"column":null}},"13":{"start":{"line":52,"column":32},"end":{"line":82,"column":null}},"14":{"start":{"line":56,"column":6},"end":{"line":56,"column":null}},"15":{"start":{"line":56,"column":16},"end":{"line":56,"column":null}},"16":{"start":{"line":57,"column":19},"end":{"line":57,"column":null}},"17":{"start":{"line":58,"column":6},"end":{"line":58,"column":null}},"18":{"start":{"line":69,"column":23},"end":{"line":69,"column":null}},"19":{"start":{"line":102,"column":38},"end":{"line":104,"column":null}},"20":{"start":{"line":112,"column":2},"end":{"line":112,"column":null}},"21":{"start":{"line":112,"column":26},"end":{"line":112,"column":null}},"22":{"start":{"line":113,"column":14},"end":{"line":113,"column":null}},"23":{"start":{"line":113,"column":42},"end":{"line":113,"column":58}},"24":{"start":{"line":114,"column":2},"end":{"line":114,"column":53}},"25":{"start":{"line":121,"column":2},"end":{"line":121,"column":null}},"26":{"start":{"line":121,"column":20},"end":{"line":121,"column":null}},"27":{"start":{"line":122,"column":2},"end":{"line":122,"column":null}},"28":{"start":{"line":122,"column":20},"end":{"line":122,"column":null}},"29":{"start":{"line":123,"column":2},"end":{"line":123,"column":null}},"30":{"start":{"line":123,"column":20},"end":{"line":123,"column":null}},"31":{"start":{"line":124,"column":2},"end":{"line":124,"column":null}},"32":{"start":{"line":124,"column":20},"end":{"line":124,"column":null}},"33":{"start":{"line":125,"column":2},"end":{"line":125,"column":null}}},"fnMap":{"0":{"name":"(anonymous_9)","decl":{"start":{"line":55,"column":4},"end":{"line":55,"column":5}},"loc":{"start":{"line":55,"column":5},"end":{"line":59,"column":null}}},"1":{"name":"(anonymous_10)","decl":{"start":{"line":69,"column":16},"end":{"line":69,"column":23}},"loc":{"start":{"line":69,"column":23},"end":{"line":69,"column":null}}},"2":{"name":"calculateTotalScore","decl":{"start":{"line":111,"column":16},"end":{"line":111,"column":36}},"loc":{"start":{"line":111,"column":59},"end":{"line":115,"column":null}}},"3":{"name":"(anonymous_12)","decl":{"start":{"line":113,"column":27},"end":{"line":113,"column":28}},"loc":{"start":{"line":113,"column":42},"end":{"line":113,"column":58}}},"4":{"name":"getScoreLevel","decl":{"start":{"line":120,"column":16},"end":{"line":120,"column":30}},"loc":{"start":{"line":120,"column":43},"end":{"line":126,"column":null}}}},"branchMap":{"0":{"loc":{"start":{"line":56,"column":6},"end":{"line":56,"column":null}},"type":"if","locations":[{"start":{"line":56,"column":6},"end":{"line":56,"column":null}}]},"1":{"loc":{"start":{"line":112,"column":2},"end":{"line":112,"column":null}},"type":"if","locations":[{"start":{"line":112,"column":2},"end":{"line":112,"column":null}}]},"2":{"loc":{"start":{"line":121,"column":2},"end":{"line":121,"column":null}},"type":"if","locations":[{"start":{"line":121,"column":2},"end":{"line":121,"column":null}}]},"3":{"loc":{"start":{"line":122,"column":2},"end":{"line":122,"column":null}},"type":"if","locations":[{"start":{"line":122,"column":2},"end":{"line":122,"column":null}}]},"4":{"loc":{"start":{"line":123,"column":2},"end":{"line":123,"column":null}},"type":"if","locations":[{"start":{"line":123,"column":2},"end":{"line":123,"column":null}}]},"5":{"loc":{"start":{"line":124,"column":2},"end":{"line":124,"column":null}},"type":"if","locations":[{"start":{"line":124,"column":2},"end":{"line":124,"column":null}}]}},"s":{"0":0,"1":0,"2":0,"3":0,"4":0,"5":0,"6":0,"7":0,"8":0,"9":0,"10":0,"11":0,"12":0,"13":0,"14":0,"15":0,"16":0,"17":0,"18":0,"19":0,"20":0,"21":0,"22":0,"23":0,"24":0,"25":0,"26":0,"27":0,"28":0,"29":0,"30":0,"31":0,"32":0,"33":0},"f":{"0":0,"1":0,"2":0,"3":0,"4":0},"b":{"0":[0],"1":[0],"2":[0],"3":[0],"4":[0],"5":[0]}}
,"C:\\Users\\USER\\Downloads\\valuewith\\AT-CMP\\web\\src\\lib\\validations\\client.ts": {"path":"C:\\Users\\USER\\Downloads\\valuewith\\AT-CMP\\web\\src\\lib\\validations\\client.ts","statementMap":{"0":{"start":{"line":106,"column":13},"end":{"line":106,"column":34}},"1":{"start":{"line":13,"column":13},"end":{"line":13,"column":28}},"2":{"start":{"line":119,"column":13},"end":{"line":119,"column":34}},"3":{"start":{"line":1,"column":18},"end":{"line":1,"column":null}},"4":{"start":{"line":9,"column":19},"end":{"line":9,"column":null}},"5":{"start":{"line":13,"column":28},"end":{"line":84,"column":null}},"6":{"start":{"line":26,"column":8},"end":{"line":26,"column":null}},"7":{"start":{"line":26,"column":18},"end":{"line":26,"column":null}},"8":{"start":{"line":27,"column":21},"end":{"line":27,"column":null}},"9":{"start":{"line":28,"column":8},"end":{"line":28,"column":null}},"10":{"start":{"line":44,"column":8},"end":{"line":44,"column":null}},"11":{"start":{"line":44,"column":18},"end":{"line":44,"column":null}},"12":{"start":{"line":45,"column":8},"end":{"line":45,"column":null}},"13":{"start":{"line":61,"column":8},"end":{"line":61,"column":null}},"14":{"start":{"line":61,"column":18},"end":{"line":61,"column":null}},"15":{"start":{"line":62,"column":8},"end":{"line":62,"column":null}},"16":{"start":{"line":74,"column":8},"end":{"line":74,"column":null}},"17":{"start":{"line":74,"column":18},"end":{"line":74,"column":null}},"18":{"start":{"line":75,"column":21},"end":{"line":75,"column":null}},"19":{"start":{"line":76,"column":8},"end":{"line":76,"column":null}},"20":{"start":{"line":106,"column":34},"end":{"line":112,"column":null}},"21":{"start":{"line":119,"column":34},"end":{"line":119,"column":null}}},"fnMap":{"0":{"name":"(anonymous_4)","decl":{"start":{"line":25,"column":6},"end":{"line":25,"column":7}},"loc":{"start":{"line":25,"column":7},"end":{"line":29,"column":null}}},"1":{"name":"(anonymous_5)","decl":{"start":{"line":43,"column":6},"end":{"line":43,"column":7}},"loc":{"start":{"line":43,"column":7},"end":{"line":46,"column":null}}},"2":{"name":"(anonymous_6)","decl":{"start":{"line":60,"column":6},"end":{"line":60,"column":7}},"loc":{"start":{"line":60,"column":7},"end":{"line":63,"column":null}}},"3":{"name":"(anonymous_7)","decl":{"start":{"line":73,"column":6},"end":{"line":73,"column":7}},"loc":{"start":{"line":73,"column":7},"end":{"line":77,"column":null}}}},"branchMap":{"0":{"loc":{"start":{"line":26,"column":8},"end":{"line":26,"column":null}},"type":"if","locations":[{"start":{"line":26,"column":8},"end":{"line":26,"column":null}}]},"1":{"loc":{"start":{"line":28,"column":15},"end":{"line":28,"column":null}},"type":"binary-expr","locations":[{"start":{"line":28,"column":15},"end":{"line":28,"column":41}},{"start":{"line":28,"column":41},"end":{"line":28,"column":null}}]},"2":{"loc":{"start":{"line":44,"column":8},"end":{"line":44,"column":null}},"type":"if","locations":[{"start":{"line":44,"column":8},"end":{"line":44,"column":null}}]},"3":{"loc":{"start":{"line":61,"column":8},"end":{"line":61,"column":null}},"type":"if","locations":[{"start":{"line":61,"column":8},"end":{"line":61,"column":null}}]},"4":{"loc":{"start":{"line":74,"column":8},"end":{"line":74,"column":null}},"type":"if","locations":[{"start":{"line":74,"column":8},"end":{"line":74,"column":null}}]}},"s":{"0":3,"1":34,"2":3,"3":2,"4":2,"5":2,"6":26,"7":21,"8":5,"9":5,"10":26,"11":20,"12":6,"13":26,"14":25,"15":1,"16":26,"17":21,"18":5,"19":5,"20":2,"21":2},"f":{"0":26,"1":26,"2":26,"3":26},"b":{"0":[21],"1":[5,5],"2":[20],"3":[25],"4":[21]}}
,"C:\\Users\\USER\\Downloads\\valuewith\\AT-CMP\\web\\src\\lib\\validations\\consultation.ts": {"path":"C:\\Users\\USER\\Downloads\\valuewith\\AT-CMP\\web\\src\\lib\\validations\\consultation.ts","statementMap":{"0":{"start":{"line":8,"column":13},"end":{"line":8,"column":34}},"1":{"start":{"line":54,"column":13},"end":{"line":54,"column":40}},"2":{"start":{"line":1,"column":18},"end":{"line":1,"column":null}},"3":{"start":{"line":8,"column":34},"end":{"line":30,"column":null}},"4":{"start":{"line":12,"column":6},"end":{"line":12,"column":null}},"5":{"start":{"line":12,"column":16},"end":{"line":12,"column":null}},"6":{"start":{"line":13,"column":19},"end":{"line":13,"column":null}},"7":{"start":{"line":14,"column":6},"end":{"line":14,"column":null}},"8":{"start":{"line":54,"column":40},"end":{"line":56,"column":null}}},"fnMap":{"0":{"name":"(anonymous_3)","decl":{"start":{"line":11,"column":4},"end":{"line":11,"column":5}},"loc":{"start":{"line":11,"column":5},"end":{"line":15,"column":null}}}},"branchMap":{"0":{"loc":{"start":{"line":12,"column":6},"end":{"line":12,"column":null}},"type":"if","locations":[{"start":{"line":12,"column":6},"end":{"line":12,"column":null}}]}},"s":{"0":0,"1":0,"2":0,"3":0,"4":0,"5":0,"6":0,"7":0,"8":0},"f":{"0":0},"b":{"0":[0]}}
,"C:\\Users\\USER\\Downloads\\valuewith\\AT-CMP\\web\\src\\lib\\validations\\equipment.ts": {"path":"C:\\Users\\USER\\Downloads\\valuewith\\AT-CMP\\web\\src\\lib\\validations\\equipment.ts","statementMap":{"0":{"start":{"line":31,"column":13},"end":{"line":31,"column":36}},"1":{"start":{"line":45,"column":13},"end":{"line":45,"column":76}},"2":{"start":{"line":11,"column":13},"end":{"line":11,"column":32}},"3":{"start":{"line":22,"column":13},"end":{"line":22,"column":72}},"4":{"start":{"line":164,"column":13},"end":{"line":164,"column":45}},"5":{"start":{"line":57,"column":13},"end":{"line":57,"column":31}},"6":{"start":{"line":150,"column":13},"end":{"line":150,"column":43}},"7":{"start":{"line":143,"column":13},"end":{"line":143,"column":37}},"8":{"start":{"line":1,"column":18},"end":{"line":1,"column":null}},"9":{"start":{"line":11,"column":32},"end":{"line":15,"column":null}},"10":{"start":{"line":22,"column":72},"end":{"line":26,"column":null}},"11":{"start":{"line":31,"column":36},"end":{"line":38,"column":null}},"12":{"start":{"line":45,"column":76},"end":{"line":52,"column":null}},"13":{"start":{"line":57,"column":31},"end":{"line":125,"column":null}},"14":{"start":{"line":73,"column":25},"end":{"line":73,"column":null}},"15":{"start":{"line":83,"column":23},"end":{"line":83,"column":null}},"16":{"start":{"line":101,"column":8},"end":{"line":101,"column":null}},"17":{"start":{"line":101,"column":18},"end":{"line":101,"column":null}},"18":{"start":{"line":102,"column":21},"end":{"line":102,"column":null}},"19":{"start":{"line":103,"column":8},"end":{"line":103,"column":null}},"20":{"start":{"line":117,"column":8},"end":{"line":117,"column":null}},"21":{"start":{"line":117,"column":18},"end":{"line":117,"column":null}},"22":{"start":{"line":118,"column":21},"end":{"line":118,"column":null}},"23":{"start":{"line":119,"column":8},"end":{"line":119,"column":null}},"24":{"start":{"line":143,"column":37},"end":{"line":143,"column":null}},"25":{"start":{"line":150,"column":43},"end":{"line":157,"column":null}},"26":{"start":{"line":154,"column":23},"end":{"line":154,"column":null}},"27":{"start":{"line":164,"column":45},"end":{"line":172,"column":null}},"28":{"start":{"line":169,"column":20},"end":{"line":169,"column":66}}},"fnMap":{"0":{"name":"(anonymous_9)","decl":{"start":{"line":73,"column":18},"end":{"line":73,"column":25}},"loc":{"start":{"line":73,"column":25},"end":{"line":73,"column":null}}},"1":{"name":"(anonymous_10)","decl":{"start":{"line":83,"column":16},"end":{"line":83,"column":23}},"loc":{"start":{"line":83,"column":23},"end":{"line":83,"column":null}}},"2":{"name":"(anonymous_11)","decl":{"start":{"line":100,"column":6},"end":{"line":100,"column":7}},"loc":{"start":{"line":100,"column":7},"end":{"line":104,"column":null}}},"3":{"name":"(anonymous_12)","decl":{"start":{"line":116,"column":6},"end":{"line":116,"column":7}},"loc":{"start":{"line":116,"column":7},"end":{"line":120,"column":null}}},"4":{"name":"(anonymous_13)","decl":{"start":{"line":154,"column":16},"end":{"line":154,"column":23}},"loc":{"start":{"line":154,"column":23},"end":{"line":154,"column":null}}},"5":{"name":"(anonymous_14)","decl":{"start":{"line":169,"column":10},"end":{"line":169,"column":11}},"loc":{"start":{"line":169,"column":20},"end":{"line":169,"column":66}}}},"branchMap":{"0":{"loc":{"start":{"line":101,"column":8},"end":{"line":101,"column":null}},"type":"if","locations":[{"start":{"line":101,"column":8},"end":{"line":101,"column":null}}]},"1":{"loc":{"start":{"line":117,"column":8},"end":{"line":117,"column":null}},"type":"if","locations":[{"start":{"line":117,"column":8},"end":{"line":117,"column":null}}]}},"s":{"0":0,"1":0,"2":0,"3":0,"4":0,"5":0,"6":0,"7":0,"8":0,"9":0,"10":0,"11":0,"12":0,"13":0,"14":0,"15":0,"16":0,"17":0,"18":0,"19":0,"20":0,"21":0,"22":0,"23":0,"24":0,"25":0,"26":0,"27":0,"28":0},"f":{"0":0,"1":0,"2":0,"3":0,"4":0,"5":0},"b":{"0":[0],"1":[0]}}
,"C:\\Users\\USER\\Downloads\\valuewith\\AT-CMP\\web\\src\\lib\\validations\\maintenance-note.ts": {"path":"C:\\Users\\USER\\Downloads\\valuewith\\AT-CMP\\web\\src\\lib\\validations\\maintenance-note.ts","statementMap":{"0":{"start":{"line":11,"column":13},"end":{"line":11,"column":33}},"1":{"start":{"line":25,"column":13},"end":{"line":25,"column":72}},"2":{"start":{"line":37,"column":13},"end":{"line":37,"column":37}},"3":{"start":{"line":93,"column":13},"end":{"line":93,"column":43}},"4":{"start":{"line":1,"column":18},"end":{"line":1,"column":null}},"5":{"start":{"line":11,"column":33},"end":{"line":18,"column":null}},"6":{"start":{"line":25,"column":72},"end":{"line":32,"column":null}},"7":{"start":{"line":37,"column":37},"end":{"line":75,"column":null}},"8":{"start":{"line":43,"column":8},"end":{"line":43,"column":null}},"9":{"start":{"line":43,"column":18},"end":{"line":43,"column":null}},"10":{"start":{"line":44,"column":21},"end":{"line":44,"column":null}},"11":{"start":{"line":45,"column":8},"end":{"line":45,"column":null}},"12":{"start":{"line":66,"column":25},"end":{"line":66,"column":null}},"13":{"start":{"line":93,"column":43},"end":{"line":95,"column":null}}},"fnMap":{"0":{"name":"(anonymous_5)","decl":{"start":{"line":42,"column":6},"end":{"line":42,"column":7}},"loc":{"start":{"line":42,"column":7},"end":{"line":46,"column":null}}},"1":{"name":"(anonymous_6)","decl":{"start":{"line":66,"column":18},"end":{"line":66,"column":25}},"loc":{"start":{"line":66,"column":25},"end":{"line":66,"column":null}}}},"branchMap":{"0":{"loc":{"start":{"line":43,"column":8},"end":{"line":43,"column":null}},"type":"if","locations":[{"start":{"line":43,"column":8},"end":{"line":43,"column":null}}]}},"s":{"0":0,"1":0,"2":0,"3":0,"4":0,"5":0,"6":0,"7":0,"8":0,"9":0,"10":0,"11":0,"12":0,"13":0},"f":{"0":0,"1":0},"b":{"0":[0]}}
,"C:\\Users\\USER\\Downloads\\valuewith\\AT-CMP\\web\\src\\lib\\validations\\rental.ts": {"path":"C:\\Users\\USER\\Downloads\\valuewith\\AT-CMP\\web\\src\\lib\\validations\\rental.ts","statementMap":{"0":{"start":{"line":11,"column":13},"end":{"line":11,"column":29}},"1":{"start":{"line":22,"column":13},"end":{"line":22,"column":66}},"2":{"start":{"line":103,"column":13},"end":{"line":103,"column":34}},"3":{"start":{"line":31,"column":13},"end":{"line":31,"column":28}},"4":{"start":{"line":93,"column":13},"end":{"line":93,"column":34}},"5":{"start":{"line":1,"column":18},"end":{"line":1,"column":null}},"6":{"start":{"line":11,"column":29},"end":{"line":15,"column":null}},"7":{"start":{"line":22,"column":66},"end":{"line":26,"column":null}},"8":{"start":{"line":31,"column":28},"end":{"line":62,"column":null}},"9":{"start":{"line":38,"column":8},"end":{"line":38,"column":null}},"10":{"start":{"line":38,"column":18},"end":{"line":38,"column":null}},"11":{"start":{"line":39,"column":21},"end":{"line":39,"column":null}},"12":{"start":{"line":40,"column":8},"end":{"line":40,"column":null}},"13":{"start":{"line":49,"column":8},"end":{"line":49,"column":null}},"14":{"start":{"line":49,"column":18},"end":{"line":49,"column":null}},"15":{"start":{"line":50,"column":21},"end":{"line":50,"column":null}},"16":{"start":{"line":51,"column":8},"end":{"line":51,"column":null}},"17":{"start":{"line":93,"column":34},"end":{"line":96,"column":null}},"18":{"start":{"line":103,"column":34},"end":{"line":116,"column":null}},"19":{"start":{"line":108,"column":8},"end":{"line":108,"column":null}},"20":{"start":{"line":108,"column":18},"end":{"line":108,"column":null}},"21":{"start":{"line":109,"column":21},"end":{"line":109,"column":null}},"22":{"start":{"line":110,"column":8},"end":{"line":110,"column":null}}},"fnMap":{"0":{"name":"(anonymous_6)","decl":{"start":{"line":37,"column":6},"end":{"line":37,"column":7}},"loc":{"start":{"line":37,"column":7},"end":{"line":41,"column":null}}},"1":{"name":"(anonymous_7)","decl":{"start":{"line":48,"column":6},"end":{"line":48,"column":7}},"loc":{"start":{"line":48,"column":7},"end":{"line":52,"column":null}}},"2":{"name":"(anonymous_8)","decl":{"start":{"line":107,"column":6},"end":{"line":107,"column":7}},"loc":{"start":{"line":107,"column":7},"end":{"line":111,"column":null}}}},"branchMap":{"0":{"loc":{"start":{"line":38,"column":8},"end":{"line":38,"column":null}},"type":"if","locations":[{"start":{"line":38,"column":8},"end":{"line":38,"column":null}}]},"1":{"loc":{"start":{"line":49,"column":8},"end":{"line":49,"column":null}},"type":"if","locations":[{"start":{"line":49,"column":8},"end":{"line":49,"column":null}}]},"2":{"loc":{"start":{"line":108,"column":8},"end":{"line":108,"column":null}},"type":"if","locations":[{"start":{"line":108,"column":8},"end":{"line":108,"column":null}}]}},"s":{"0":0,"1":0,"2":0,"3":0,"4":0,"5":0,"6":0,"7":0,"8":0,"9":0,"10":0,"11":0,"12":0,"13":0,"14":0,"15":0,"16":0,"17":0,"18":0,"19":0,"20":0,"21":0,"22":0},"f":{"0":0,"1":0,"2":0},"b":{"0":[0],"1":[0],"2":[0]}}
}
