TN:
SF:src\middleware.ts
FN:12,(anonymous_3)
FNF:1
FNH:0
FNDA:0,(anonymous_3)
DA:1,0
DA:2,0
DA:5,0
DA:12,0
DA:14,0
DA:15,0
DA:16,0
DA:18,0
DA:19,0
DA:20,0
DA:25,0
LF:11
LH:0
BRDA:14,0,0,0
BRDA:16,1,0,0
BRF:2
BRH:0
end_of_record
TN:
SF:src\app\layout.tsx
FN:23,RootLayout
FNF:1
FNH:0
FNDA:0,RootLayout
DA:2,0
DA:4,0
DA:5,0
DA:7,0
DA:12,0
DA:17,0
DA:23,0
LF:7
LH:0
BRF:0
BRH:0
end_of_record
TN:
SF:src\app\page.tsx
FN:8,Home
FN:18,(anonymous_3)
FN:91,(anonymous_4)
FNF:3
FNH:0
FNDA:0,Home
FNDA:0,(anonymous_3)
FNDA:0,(anonymous_4)
DA:3,0
DA:4,0
DA:5,0
DA:6,0
DA:8,0
DA:9,0
DA:11,0
DA:12,0
DA:16,0
DA:18,0
DA:20,0
DA:21,0
DA:25,0
DA:92,0
LF:14
LH:0
BRDA:12,0,0,0
BRDA:12,0,1,0
BRDA:20,1,0,0
BRDA:20,2,0,0
BRDA:20,2,1,0
BRDA:20,2,2,0
BRDA:25,3,0,0
BRDA:25,4,0,0
BRDA:25,4,1,0
BRF:9
BRH:0
end_of_record
TN:
SF:src\app\providers.tsx
FN:13,Providers
FN:17,(anonymous_2)
FNF:2
FNH:0
FNDA:0,Providers
FNDA:0,(anonymous_2)
DA:3,0
DA:5,0
DA:7,0
DA:13,0
DA:14,0
DA:17,0
DA:18,0
DA:19,0
DA:24,0
DA:25,0
LF:10
LH:0
BRDA:18,0,0,0
BRDA:24,1,0,0
BRDA:24,2,0,0
BRDA:24,2,1,0
BRF:4
BRH:0
end_of_record
TN:
SF:src\app\(auth)\sign-in\[[...sign-in]]\page.tsx
FN:3,SignInPage
FNF:1
FNH:0
FNDA:0,SignInPage
DA:1,0
DA:3,0
LF:2
LH:0
BRF:0
BRH:0
end_of_record
TN:
SF:src\app\(auth)\sign-up\[[...sign-up]]\page.tsx
FN:3,SignUpPage
FNF:1
FNH:0
FNDA:0,SignUpPage
DA:1,0
DA:3,0
LF:2
LH:0
BRF:0
BRH:0
end_of_record
TN:
SF:src\app\(dashboard)\layout.tsx
FN:14,DashboardLayout
FNF:1
FNH:0
FNDA:0,DashboardLayout
DA:2,0
DA:3,0
DA:14,0
LF:3
LH:0
BRF:0
BRH:0
end_of_record
TN:
SF:src\app\(dashboard)\clients\page.tsx
FN:28,ClientsPage
FN:52,(anonymous_3)
FN:68,(anonymous_4)
FN:69,(anonymous_5)
FN:72,(anonymous_6)
FN:85,(anonymous_7)
FN:89,fetchClients
FN:118,(anonymous_9)
FN:122,(anonymous_10)
FN:136,(anonymous_11)
FN:147,(anonymous_12)
FN:148,(anonymous_13)
FN:195,(anonymous_14)
FN:209,(anonymous_15)
FNF:14
FNH:0
FNDA:0,ClientsPage
FNDA:0,(anonymous_3)
FNDA:0,(anonymous_4)
FNDA:0,(anonymous_5)
FNDA:0,(anonymous_6)
FNDA:0,(anonymous_7)
FNDA:0,fetchClients
FNDA:0,(anonymous_9)
FNDA:0,(anonymous_10)
FNDA:0,(anonymous_11)
FNDA:0,(anonymous_12)
FNDA:0,(anonymous_13)
FNDA:0,(anonymous_14)
FNDA:0,(anonymous_15)
DA:3,0
DA:4,0
DA:5,0
DA:7,0
DA:8,0
DA:9,0
DA:10,0
DA:28,0
DA:29,0
DA:30,0
DA:33,0
DA:34,0
DA:40,0
DA:44,0
DA:48,0
DA:51,0
DA:53,0
DA:54,0
DA:55,0
DA:56,0
DA:57,0
DA:58,0
DA:61,0
DA:67,0
DA:69,0
DA:70,0
DA:71,0
DA:72,0
DA:73,0
DA:76,0
DA:77,0
DA:85,0
DA:86,0
DA:90,0
DA:91,0
DA:92,0
DA:101,0
DA:102,0
DA:103,0
DA:104,0
DA:105,0
DA:108,0
DA:109,0
DA:114,0
DA:118,0
DA:120,0
DA:121,0
DA:122,0
DA:123,0
DA:126,0
DA:131,0
DA:132,0
DA:136,0
DA:137,0
DA:138,0
DA:139,0
DA:142,0
DA:147,0
DA:148,0
DA:149,0
DA:195,0
DA:209,0
LF:62
LH:0
BRDA:35,0,0,0
BRDA:35,0,1,0
BRDA:41,1,0,0
BRDA:41,1,1,0
BRDA:42,2,0,0
BRDA:42,2,1,0
BRDA:45,3,0,0
BRDA:45,3,1,0
BRDA:46,4,0,0
BRDA:46,4,1,0
BRDA:54,5,0,0
BRDA:55,6,0,0
BRDA:56,7,0,0
BRDA:57,8,0,0
BRDA:58,9,0,0
BRDA:76,10,0,0
BRDA:102,11,0,0
BRDA:120,12,0,0
BRDA:131,13,0,0
BRDA:179,14,0,0
BRDA:187,15,0,0
BRF:21
BRH:0
end_of_record
TN:
SF:src\app\(dashboard)\clients\[id]\page.tsx
FN:18,ClientDetailPage
FN:35,(anonymous_3)
FN:39,fetchClient
FN:55,handleDelete
FN:68,(anonymous_6)
FN:155,(anonymous_7)
FN:166,(anonymous_8)
FN:177,(anonymous_9)
FN:290,(anonymous_10)
FN:297,(anonymous_11)
FNF:10
FNH:0
FNDA:0,ClientDetailPage
FNDA:0,(anonymous_3)
FNDA:0,fetchClient
FNDA:0,handleDelete
FNDA:0,(anonymous_6)
FNDA:0,(anonymous_7)
FNDA:0,(anonymous_8)
FNDA:0,(anonymous_9)
FNDA:0,(anonymous_10)
FNDA:0,(anonymous_11)
DA:3,0
DA:4,0
DA:5,0
DA:7,0
DA:8,0
DA:9,0
DA:10,0
DA:18,0
DA:19,0
DA:20,0
DA:21,0
DA:22,0
DA:24,0
DA:25,0
DA:26,0
DA:27,0
DA:31,0
DA:32,0
DA:33,0
DA:35,0
DA:36,0
DA:40,0
DA:41,0
DA:42,0
DA:43,0
DA:44,0
DA:46,0
DA:49,0
DA:51,0
DA:56,0
DA:57,0
DA:60,0
DA:61,0
DA:62,0
DA:66,0
DA:67,0
DA:68,0
DA:69,0
DA:72,0
DA:75,0
DA:77,0
DA:81,0
DA:89,0
DA:97,0
DA:103,0
DA:155,0
DA:166,0
DA:177,0
DA:290,0
DA:297,0
LF:50
LH:0
BRDA:42,0,0,0
BRDA:42,0,1,0
BRDA:56,1,0,0
BRDA:66,2,0,0
BRDA:66,2,1,0
BRDA:81,3,0,0
BRDA:89,4,0,0
BRDA:103,5,0,0
BRDA:103,5,1,0
BRDA:121,6,0,0
BRDA:121,6,1,0
BRDA:131,7,0,0
BRDA:139,8,0,0
BRDA:145,9,0,0
BRDA:145,9,1,0
BRDA:157,10,0,0
BRDA:157,10,1,0
BRDA:161,11,0,0
BRDA:161,11,1,0
BRDA:168,12,0,0
BRDA:168,12,1,0
BRDA:172,13,0,0
BRDA:172,13,1,0
BRDA:179,14,0,0
BRDA:179,14,1,0
BRDA:183,15,0,0
BRDA:183,15,1,0
BRDA:191,16,0,0
BRDA:204,17,0,0
BRDA:204,17,1,0
BRDA:212,18,0,0
BRDA:212,18,1,0
BRDA:214,19,0,0
BRDA:214,19,1,0
BRDA:216,20,0,0
BRDA:216,20,1,0
BRDA:221,21,0,0
BRDA:221,21,1,0
BRDA:232,22,0,0
BRDA:232,22,1,0
BRDA:236,23,0,0
BRDA:236,23,1,0
BRDA:247,24,0,0
BRDA:247,24,1,0
BRDA:251,25,0,0
BRDA:251,25,1,0
BRDA:255,26,0,0
BRDA:255,26,1,0
BRDA:261,27,0,0
BRDA:261,27,1,0
BRDA:267,28,0,0
BRDA:267,28,1,0
BRDA:271,29,0,0
BRDA:271,29,1,0
BRDA:278,30,0,0
BRDA:287,31,0,0
BRDA:294,32,0,0
BRF:57
BRH:0
end_of_record
TN:
SF:src\app\(dashboard)\clients\[id]\assessments\[assessmentId]\edit\page.tsx
FN:16,EditAssessmentPageContent
FN:28,(anonymous_2)
FN:32,fetchAssessment
FN:97,EditAssessmentPage
FNF:4
FNH:0
FNDA:0,EditAssessmentPageContent
FNDA:0,(anonymous_2)
FNDA:0,fetchAssessment
FNDA:0,EditAssessmentPage
DA:3,0
DA:4,0
DA:5,0
DA:6,0
DA:23,0
DA:24,0
DA:25,0
DA:26,0
DA:28,0
DA:29,0
DA:33,0
DA:34,0
DA:35,0
DA:36,0
DA:38,0
DA:39,0
DA:40,0
DA:41,0
DA:49,0
DA:52,0
DA:56,0
DA:58,0
DA:62,0
DA:70,0
DA:97,0
DA:98,0
DA:99,0
DA:100,0
LF:28
LH:0
BRDA:35,0,0,0
BRDA:38,1,0,0
BRDA:38,1,1,0
BRDA:43,2,0,0
BRDA:43,2,1,0
BRDA:44,3,0,0
BRDA:44,3,1,0
BRDA:45,4,0,0
BRDA:45,4,1,0
BRDA:46,5,0,0
BRDA:46,5,1,0
BRDA:62,6,0,0
BRDA:70,7,0,0
BRF:13
BRH:0
end_of_record
TN:
SF:src\app\(dashboard)\clients\[id]\assessments\new\page.tsx
FN:14,NewAssessmentPageContent
FN:45,NewAssessmentPage
FNF:2
FNH:0
FNDA:0,NewAssessmentPageContent
FNDA:0,NewAssessmentPage
DA:3,0
DA:4,0
DA:5,0
DA:15,0
DA:16,0
DA:18,0
DA:45,0
DA:46,0
DA:47,0
LF:9
LH:0
BRDA:18,0,0,0
BRF:1
BRH:0
end_of_record
TN:
SF:src\app\(dashboard)\clients\[id]\consultations\[consultationId]\edit\page.tsx
FN:16,EditConsultationPageContent
FN:28,(anonymous_2)
FN:32,fetchConsultation
FN:85,EditConsultationPage
FNF:4
FNH:0
FNDA:0,EditConsultationPageContent
FNDA:0,(anonymous_2)
FNDA:0,fetchConsultation
FNDA:0,EditConsultationPage
DA:3,0
DA:4,0
DA:5,0
DA:6,0
DA:23,0
DA:24,0
DA:25,0
DA:26,0
DA:28,0
DA:29,0
DA:33,0
DA:34,0
DA:35,0
DA:36,0
DA:37,0
DA:40,0
DA:42,0
DA:46,0
DA:54,0
DA:85,0
DA:86,0
DA:87,0
DA:88,0
LF:23
LH:0
BRDA:35,0,0,0
BRDA:46,1,0,0
BRDA:54,2,0,0
BRDA:76,3,0,0
BRDA:76,3,1,0
BRF:5
BRH:0
end_of_record
TN:
SF:src\app\(dashboard)\clients\[id]\consultations\new\page.tsx
FN:15,NewConsultationPageContent
FN:46,NewConsultationPage
FNF:2
FNH:0
FNDA:0,NewConsultationPageContent
FNDA:0,NewConsultationPage
DA:4,0
DA:5,0
DA:6,0
DA:16,0
DA:17,0
DA:19,0
DA:46,0
DA:47,0
DA:48,0
LF:9
LH:0
BRDA:19,0,0,0
BRF:1
BRH:0
end_of_record
TN:
SF:src\app\(dashboard)\clients\[id]\edit\page.tsx
FN:14,EditClientPage
FN:21,(anonymous_2)
FN:25,fetchClient
FNF:3
FNH:0
FNDA:0,EditClientPage
FNDA:0,(anonymous_2)
FNDA:0,fetchClient
DA:3,0
DA:4,0
DA:6,0
DA:14,0
DA:15,0
DA:16,0
DA:18,0
DA:19,0
DA:21,0
DA:22,0
DA:26,0
DA:27,0
DA:28,0
DA:29,0
DA:30,0
DA:33,0
DA:35,0
DA:39,0
DA:47,0
LF:19
LH:0
BRDA:28,0,0,0
BRDA:39,1,0,0
BRDA:47,2,0,0
BRF:3
BRH:0
end_of_record
TN:
SF:src\app\(dashboard)\clients\new\page.tsx
FN:13,NewClientPageContent
FN:45,NewClientPage
FNF:2
FNH:0
FNDA:0,NewClientPageContent
FNDA:0,NewClientPage
DA:3,0
DA:4,0
DA:14,0
DA:15,0
DA:17,0
DA:45,0
LF:6
LH:0
BRDA:17,0,0,0
BRF:1
BRH:0
end_of_record
TN:
SF:src\app\(dashboard)\dashboard\page.tsx
FN:26,DashboardPage
FN:37,(anonymous_3)
FN:38,fetchDashboardData
FN:95,(anonymous_5)
FN:174,(anonymous_6)
FNF:5
FNH:0
FNDA:0,DashboardPage
FNDA:0,(anonymous_3)
FNDA:0,fetchDashboardData
FNDA:0,(anonymous_5)
FNDA:0,(anonymous_6)
DA:3,0
DA:4,0
DA:5,0
DA:26,0
DA:27,0
DA:28,0
DA:34,0
DA:35,0
DA:37,0
DA:39,0
DA:40,0
DA:41,0
DA:42,0
DA:43,0
DA:44,0
DA:47,0
DA:49,0
DA:53,0
DA:56,0
DA:96,0
DA:175,0
LF:21
LH:0
BRDA:41,0,0,0
BRDA:44,1,0,0
BRDA:44,1,1,0
BRDA:88,2,0,0
BRDA:88,2,1,0
BRDA:106,3,0,0
BRDA:106,3,1,0
BRDA:159,4,0,0
BRDA:163,5,0,0
BRDA:188,6,0,0
BRDA:188,6,1,0
BRDA:193,7,0,0
BRDA:193,7,1,0
BRF:13
BRH:0
end_of_record
TN:
SF:src\app\(dashboard)\equipment\page.tsx
FN:28,EquipmentPage
FN:44,(anonymous_3)
FN:48,(anonymous_4)
FN:60,(anonymous_5)
FN:82,(anonymous_6)
FN:86,(anonymous_7)
FN:112,(anonymous_8)
FN:157,(anonymous_9)
FN:170,(anonymous_10)
FN:180,(anonymous_11)
FN:190,(anonymous_12)
FN:213,(anonymous_13)
FN:218,(anonymous_14)
FN:231,(anonymous_15)
FN:232,(anonymous_16)
FN:233,(anonymous_17)
FNF:16
FNH:0
FNDA:0,EquipmentPage
FNDA:0,(anonymous_3)
FNDA:0,(anonymous_4)
FNDA:0,(anonymous_5)
FNDA:0,(anonymous_6)
FNDA:0,(anonymous_7)
FNDA:0,(anonymous_8)
FNDA:0,(anonymous_9)
FNDA:0,(anonymous_10)
FNDA:0,(anonymous_11)
FNDA:0,(anonymous_12)
FNDA:0,(anonymous_13)
FNDA:0,(anonymous_14)
FNDA:0,(anonymous_15)
FNDA:0,(anonymous_16)
FNDA:0,(anonymous_17)
DA:3,0
DA:4,0
DA:5,0
DA:7,0
DA:8,0
DA:9,0
DA:10,0
DA:11,0
DA:19,0
DA:28,0
DA:29,0
DA:30,0
DA:31,0
DA:32,0
DA:34,0
DA:35,0
DA:36,0
DA:37,0
DA:40,0
DA:42,0
DA:44,0
DA:45,0
DA:48,0
DA:50,0
DA:51,0
DA:52,0
DA:53,0
DA:55,0
DA:56,0
DA:57,0
DA:60,0
DA:61,0
DA:62,0
DA:63,0
DA:64,0
DA:65,0
DA:66,0
DA:68,0
DA:69,0
DA:70,0
DA:71,0
DA:73,0
DA:76,0
DA:78,0
DA:82,0
DA:83,0
DA:86,0
DA:87,0
DA:88,0
DA:91,0
DA:92,0
DA:100,0
DA:101,0
DA:102,0
DA:104,0
DA:105,0
DA:108,0
DA:112,0
DA:113,0
DA:116,0
DA:157,0
DA:170,0
DA:181,0
DA:186,0
DA:190,0
DA:213,0
DA:219,0
DA:231,0
DA:232,0
DA:233,0
LF:70
LH:0
BRDA:36,0,0,0
BRDA:36,0,1,0
BRDA:38,1,0,0
BRDA:38,1,1,0
BRDA:40,2,0,0
BRDA:40,2,1,0
BRDA:51,3,0,0
BRDA:52,4,0,0
BRDA:53,5,0,0
BRDA:56,6,0,0
BRDA:56,6,1,0
BRDA:64,7,0,0
BRDA:65,8,0,0
BRDA:66,9,0,0
BRDA:69,10,0,0
BRDA:69,10,1,0
BRDA:71,11,0,0
BRDA:71,11,1,0
BRDA:87,12,0,0
BRDA:100,13,0,0
BRDA:100,13,1,0
BRDA:105,14,0,0
BRDA:105,14,1,0
BRDA:116,15,0,0
BRDA:135,16,0,0
BRDA:172,17,0,0
BRDA:172,17,1,0
BRDA:192,18,0,0
BRDA:192,18,1,0
BRF:29
BRH:0
end_of_record
TN:
SF:src\app\(dashboard)\equipment\[id]\page.tsx
FN:22,EquipmentDetailPage
FN:36,(anonymous_3)
FN:40,fetchEquipment
FN:126,(anonymous_5)
FN:137,(anonymous_6)
FN:277,(anonymous_7)
FNF:6
FNH:0
FNDA:0,EquipmentDetailPage
FNDA:0,(anonymous_3)
FNDA:0,fetchEquipment
FNDA:0,(anonymous_5)
FNDA:0,(anonymous_6)
FNDA:0,(anonymous_7)
DA:3,0
DA:4,0
DA:5,0
DA:7,0
DA:8,0
DA:9,0
DA:15,0
DA:22,0
DA:23,0
DA:24,0
DA:25,0
DA:26,0
DA:28,0
DA:29,0
DA:30,0
DA:32,0
DA:33,0
DA:34,0
DA:36,0
DA:37,0
DA:41,0
DA:42,0
DA:43,0
DA:44,0
DA:45,0
DA:47,0
DA:50,0
DA:52,0
DA:56,0
DA:64,0
DA:72,0
DA:78,0
DA:126,0
DA:137,0
DA:277,0
LF:35
LH:0
BRDA:43,0,0,0
BRDA:43,0,1,0
BRDA:56,1,0,0
BRDA:64,2,0,0
BRDA:78,3,0,0
BRDA:78,3,1,0
BRDA:99,4,0,0
BRDA:99,4,1,0
BRDA:111,5,0,0
BRDA:128,6,0,0
BRDA:128,6,1,0
BRDA:132,7,0,0
BRDA:132,7,1,0
BRDA:139,8,0,0
BRDA:139,8,1,0
BRDA:143,9,0,0
BRDA:143,9,1,0
BRDA:151,10,0,0
BRDA:164,11,0,0
BRDA:164,11,1,0
BRDA:173,12,0,0
BRDA:173,12,1,0
BRDA:177,13,0,0
BRDA:177,13,1,0
BRDA:181,14,0,0
BRDA:181,14,1,0
BRDA:203,15,0,0
BRDA:203,15,1,0
BRDA:209,16,0,0
BRDA:209,16,1,0
BRDA:215,17,0,0
BRDA:215,17,1,0
BRDA:215,18,0,0
BRDA:215,18,1,0
BRDA:227,19,0,0
BRDA:227,19,1,0
BRDA:232,20,0,0
BRDA:232,20,1,0
BRDA:240,21,0,0
BRDA:240,21,1,0
BRDA:248,22,0,0
BRDA:248,22,1,0
BRDA:253,23,0,0
BRDA:261,24,0,0
BRDA:274,25,0,0
BRF:45
BRH:0
end_of_record
TN:
SF:src\app\(dashboard)\equipment\[id]\edit\page.tsx
FN:16,EditEquipmentPageContent
FN:22,(anonymous_2)
FN:26,fetchEquipment
FN:68,EditEquipmentPage
FNF:4
FNH:0
FNDA:0,EditEquipmentPageContent
FNDA:0,(anonymous_2)
FNDA:0,fetchEquipment
FNDA:0,EditEquipmentPage
DA:3,0
DA:4,0
DA:5,0
DA:6,0
DA:17,0
DA:18,0
DA:19,0
DA:20,0
DA:22,0
DA:23,0
DA:27,0
DA:28,0
DA:29,0
DA:30,0
DA:31,0
DA:34,0
DA:36,0
DA:40,0
DA:48,0
DA:68,0
DA:69,0
DA:70,0
LF:22
LH:0
BRDA:29,0,0,0
BRDA:40,1,0,0
BRDA:48,2,0,0
BRF:3
BRH:0
end_of_record
TN:
SF:src\app\(dashboard)\equipment\[id]\maintenance\new\page.tsx
FN:14,NewMaintenanceNotePageContent
FN:43,NewMaintenanceNotePage
FNF:2
FNH:0
FNDA:0,NewMaintenanceNotePageContent
FNDA:0,NewMaintenanceNotePage
DA:3,0
DA:4,0
DA:5,0
DA:15,0
DA:16,0
DA:18,0
DA:43,0
DA:44,0
DA:45,0
LF:9
LH:0
BRDA:18,0,0,0
BRF:1
BRH:0
end_of_record
TN:
SF:src\app\(dashboard)\equipment\[id]\quantity\page.tsx
FN:24,QuantityAdjustPageContent
FN:48,(anonymous_2)
FN:52,fetchEquipment
FN:68,(anonymous_4)
FN:85,(anonymous_5)
FN:188,(anonymous_6)
FN:215,(anonymous_7)
FN:234,QuantityAdjustPage
FNF:8
FNH:0
FNDA:0,QuantityAdjustPageContent
FNDA:0,(anonymous_2)
FNDA:0,fetchEquipment
FNDA:0,(anonymous_4)
FNDA:0,(anonymous_5)
FNDA:0,(anonymous_6)
FNDA:0,(anonymous_7)
FNDA:0,QuantityAdjustPage
DA:3,0
DA:4,0
DA:5,0
DA:6,0
DA:11,0
DA:12,0
DA:13,0
DA:14,0
DA:25,0
DA:26,0
DA:27,0
DA:28,0
DA:29,0
DA:37,0
DA:45,0
DA:46,0
DA:48,0
DA:49,0
DA:53,0
DA:54,0
DA:55,0
DA:56,0
DA:57,0
DA:58,0
DA:59,0
DA:62,0
DA:64,0
DA:68,0
DA:69,0
DA:71,0
DA:72,0
DA:80,0
DA:81,0
DA:82,0
DA:85,0
DA:86,0
DA:89,0
DA:90,0
DA:93,0
DA:94,0
DA:95,0
DA:100,0
DA:104,0
DA:112,0
DA:120,0
DA:189,0
DA:190,0
DA:192,0
DA:215,0
DA:234,0
DA:235,0
DA:236,0
LF:52
LH:0
BRDA:45,0,0,0
BRDA:45,0,1,0
BRDA:46,1,0,0
BRDA:46,1,1,0
BRDA:55,2,0,0
BRDA:58,3,0,0
BRDA:58,3,1,0
BRDA:59,4,0,0
BRDA:59,4,1,0
BRDA:80,5,0,0
BRDA:80,5,1,0
BRDA:90,6,0,0
BRDA:90,6,1,0
BRDA:93,7,0,0
BRDA:93,7,1,0
BRDA:104,8,0,0
BRDA:112,9,0,0
BRDA:120,10,0,0
BRDA:120,10,1,0
BRDA:120,11,0,0
BRDA:120,11,1,0
BRDA:137,12,0,0
BRDA:137,12,1,0
BRDA:141,13,0,0
BRDA:141,13,1,0
BRDA:170,14,0,0
BRDA:189,15,0,0
BRDA:201,16,0,0
BRDA:225,17,0,0
BRDA:225,17,1,0
BRF:30
BRH:0
end_of_record
TN:
SF:src\app\(dashboard)\equipment\new\page.tsx
FN:13,NewEquipmentPageContent
FN:42,NewEquipmentPage
FNF:2
FNH:0
FNDA:0,NewEquipmentPageContent
FNDA:0,NewEquipmentPage
DA:3,0
DA:4,0
DA:14,0
DA:15,0
DA:17,0
DA:42,0
LF:6
LH:0
BRDA:17,0,0,0
BRF:1
BRH:0
end_of_record
TN:
SF:src\app\(dashboard)\rentals\page.tsx
FN:20,RentalsPage
FN:36,(anonymous_3)
FN:40,(anonymous_4)
FN:52,(anonymous_5)
FN:74,(anonymous_6)
FN:118,(anonymous_7)
FN:123,(anonymous_8)
FN:140,(anonymous_9)
FN:156,(anonymous_10)
FNF:9
FNH:0
FNDA:0,RentalsPage
FNDA:0,(anonymous_3)
FNDA:0,(anonymous_4)
FNDA:0,(anonymous_5)
FNDA:0,(anonymous_6)
FNDA:0,(anonymous_7)
FNDA:0,(anonymous_8)
FNDA:0,(anonymous_9)
FNDA:0,(anonymous_10)
DA:3,0
DA:4,0
DA:5,0
DA:7,0
DA:8,0
DA:9,0
DA:11,0
DA:20,0
DA:21,0
DA:22,0
DA:23,0
DA:24,0
DA:26,0
DA:27,0
DA:28,0
DA:29,0
DA:32,0
DA:34,0
DA:36,0
DA:37,0
DA:40,0
DA:42,0
DA:43,0
DA:44,0
DA:45,0
DA:47,0
DA:48,0
DA:49,0
DA:52,0
DA:53,0
DA:54,0
DA:55,0
DA:56,0
DA:57,0
DA:58,0
DA:60,0
DA:61,0
DA:62,0
DA:63,0
DA:65,0
DA:68,0
DA:70,0
DA:74,0
DA:75,0
DA:78,0
DA:118,0
DA:124,0
DA:140,0
DA:156,0
LF:49
LH:0
BRDA:28,0,0,0
BRDA:28,0,1,0
BRDA:30,1,0,0
BRDA:30,1,1,0
BRDA:32,2,0,0
BRDA:32,2,1,0
BRDA:43,3,0,0
BRDA:44,4,0,0
BRDA:45,5,0,0
BRDA:48,6,0,0
BRDA:48,6,1,0
BRDA:56,7,0,0
BRDA:57,8,0,0
BRDA:58,9,0,0
BRDA:61,10,0,0
BRDA:61,10,1,0
BRDA:63,11,0,0
BRDA:63,11,1,0
BRDA:78,12,0,0
BRDA:97,13,0,0
BRF:20
BRH:0
end_of_record
TN:
SF:src\app\(dashboard)\rentals\[id]\return\page.tsx
FN:21,ReturnRentalPageContent
FN:39,(anonymous_2)
FN:43,fetchRental
FN:59,(anonymous_4)
FN:76,(anonymous_5)
FN:205,(anonymous_6)
FN:224,ReturnRentalPage
FNF:7
FNH:0
FNDA:0,ReturnRentalPageContent
FNDA:0,(anonymous_2)
FNDA:0,fetchRental
FNDA:0,(anonymous_4)
FNDA:0,(anonymous_5)
FNDA:0,(anonymous_6)
FNDA:0,ReturnRentalPage
DA:3,0
DA:4,0
DA:5,0
DA:6,0
DA:8,0
DA:9,0
DA:10,0
DA:11,0
DA:22,0
DA:23,0
DA:24,0
DA:25,0
DA:26,0
DA:32,0
DA:39,0
DA:40,0
DA:44,0
DA:45,0
DA:46,0
DA:47,0
DA:48,0
DA:50,0
DA:53,0
DA:55,0
DA:59,0
DA:60,0
DA:62,0
DA:63,0
DA:71,0
DA:72,0
DA:73,0
DA:76,0
DA:77,0
DA:80,0
DA:81,0
DA:84,0
DA:85,0
DA:86,0
DA:91,0
DA:95,0
DA:103,0
DA:111,0
DA:205,0
DA:224,0
DA:225,0
DA:226,0
LF:46
LH:0
BRDA:46,0,0,0
BRDA:46,0,1,0
BRDA:71,1,0,0
BRDA:71,1,1,0
BRDA:81,2,0,0
BRDA:81,2,1,0
BRDA:84,3,0,0
BRDA:84,3,1,0
BRDA:95,4,0,0
BRDA:103,5,0,0
BRDA:111,6,0,0
BRDA:115,7,0,0
BRDA:115,7,1,0
BRDA:138,8,0,0
BRDA:138,8,1,0
BRDA:142,9,0,0
BRDA:142,9,1,0
BRDA:147,10,0,0
BRDA:147,10,1,0
BRDA:154,11,0,0
BRDA:154,11,1,0
BRDA:177,12,0,0
BRDA:194,13,0,0
BRDA:215,14,0,0
BRDA:215,14,1,0
BRF:25
BRH:0
end_of_record
TN:
SF:src\app\(dashboard)\rentals\new\page.tsx
FN:13,NewRentalPageContent
FN:42,NewRentalPage
FNF:2
FNH:0
FNDA:0,NewRentalPageContent
FNDA:0,NewRentalPage
DA:3,0
DA:4,0
DA:14,0
DA:15,0
DA:17,0
DA:42,0
LF:6
LH:0
BRDA:17,0,0,0
BRF:1
BRH:0
end_of_record
TN:
SF:src\app\api\admin\users\[userId]\role\route.ts
FN:10,PUT
FNF:1
FNH:0
FNDA:0,PUT
DA:1,0
DA:2,0
DA:4,0
DA:10,0
DA:14,0
DA:15,0
DA:17,0
DA:18,0
DA:23,0
DA:25,0
DA:27,0
DA:28,0
DA:30,0
DA:31,0
DA:39,0
DA:43,0
DA:44,0
DA:45,0
DA:48,0
DA:49,0
DA:50,0
DA:57,0
DA:63,0
DA:72,0
DA:79,0
DA:86,0
LF:26
LH:0
BRDA:17,0,0,0
BRDA:25,1,0,0
BRDA:28,2,0,0
BRDA:28,2,1,0
BRDA:30,3,0,0
BRDA:49,4,0,0
BRDA:49,5,0,0
BRDA:49,5,1,0
BRDA:82,6,0,0
BRDA:82,6,1,0
BRDA:87,7,0,0
BRDA:87,7,1,0
BRF:12
BRH:0
end_of_record
TN:
SF:src\app\api\admin\users\by-email\[email]\role\route.ts
FN:10,PUT
FNF:1
FNH:0
FNDA:0,PUT
DA:1,0
DA:2,0
DA:4,0
DA:10,0
DA:14,0
DA:15,0
DA:17,0
DA:18,0
DA:23,0
DA:25,0
DA:27,0
DA:28,0
DA:30,0
DA:31,0
DA:39,0
DA:43,0
DA:44,0
DA:45,0
DA:48,0
DA:49,0
DA:50,0
DA:57,0
DA:61,0
DA:62,0
DA:65,0
DA:68,0
DA:74,0
DA:84,0
DA:92,0
DA:99,0
LF:30
LH:0
BRDA:17,0,0,0
BRDA:25,1,0,0
BRDA:28,2,0,0
BRDA:28,2,1,0
BRDA:30,3,0,0
BRDA:49,4,0,0
BRDA:49,5,0,0
BRDA:49,5,1,0
BRDA:61,6,0,0
BRDA:95,7,0,0
BRDA:95,7,1,0
BRDA:100,8,0,0
BRDA:100,8,1,0
BRF:13
BRH:0
end_of_record
TN:
SF:src\app\api\clients\route.ts
FN:40,POST
FN:177,GET
FNF:2
FNH:0
FNDA:0,POST
FNDA:0,GET
DA:1,0
DA:2,0
DA:4,0
DA:5,0
DA:6,0
DA:40,0
DA:41,0
DA:43,0
DA:45,0
DA:46,0
DA:49,0
DA:54,0
DA:55,0
DA:57,0
DA:58,0
DA:63,0
DA:68,0
DA:70,0
DA:71,0
DA:72,0
DA:76,0
DA:85,0
DA:90,0
DA:92,0
DA:102,0
DA:103,0
DA:108,0
DA:116,0
DA:130,0
DA:133,0
DA:140,0
DA:177,0
DA:178,0
DA:180,0
DA:182,0
DA:183,0
DA:187,0
DA:188,0
DA:190,0
DA:191,0
DA:195,0
DA:196,0
DA:197,0
DA:198,0
DA:199,0
DA:200,0
DA:201,0
DA:204,0
DA:206,0
DA:209,0
DA:213,0
DA:214,0
DA:218,0
DA:219,0
DA:223,0
DA:227,0
DA:229,0
DA:231,0
DA:232,0
DA:237,0
DA:240,0
DA:245,0
DA:255,0
DA:262,0
LF:64
LH:0
BRDA:45,0,0,0
BRDA:57,1,0,0
BRDA:57,2,0,0
BRDA:57,2,1,0
BRDA:71,3,0,0
BRDA:102,4,0,0
BRDA:136,5,0,0
BRDA:136,5,1,0
BRDA:182,6,0,0
BRDA:190,7,0,0
BRDA:190,8,0,0
BRDA:190,8,1,0
BRDA:196,9,0,0
BRDA:196,9,1,0
BRDA:197,10,0,0
BRDA:197,10,1,0
BRDA:198,11,0,0
BRDA:198,11,1,0
BRDA:199,12,0,0
BRDA:199,12,1,0
BRDA:200,13,0,0
BRDA:200,13,1,0
BRDA:201,14,0,0
BRDA:201,14,1,0
BRDA:213,15,0,0
BRDA:218,16,0,0
BRDA:231,17,0,0
BRDA:246,18,0,0
BRDA:246,18,1,0
BRDA:250,19,0,0
BRDA:250,19,1,0
BRDA:251,20,0,0
BRDA:251,20,1,0
BRDA:258,21,0,0
BRDA:258,21,1,0
BRF:35
BRH:0
end_of_record
TN:
SF:src\app\api\clients\[id]\route.ts
FN:12,GET
FN:50,PUT
FN:131,DELETE
FNF:3
FNH:0
FNDA:0,GET
FNDA:0,PUT
FNDA:0,DELETE
DA:1,0
DA:2,0
DA:4,0
DA:5,0
DA:6,0
DA:12,0
DA:13,0
DA:14,0
DA:15,0
DA:17,0
DA:18,0
DA:21,0
DA:22,0
DA:24,0
DA:25,0
DA:28,0
DA:33,0
DA:35,0
DA:42,0
DA:50,0
DA:51,0
DA:52,0
DA:53,0
DA:55,0
DA:56,0
DA:60,0
DA:61,0
DA:63,0
DA:64,0
DA:68,0
DA:71,0
DA:72,0
DA:74,0
DA:75,0
DA:84,0
DA:85,0
DA:95,0
DA:96,0
DA:101,0
DA:104,0
DA:114,0
DA:116,0
DA:123,0
DA:131,0
DA:132,0
DA:133,0
DA:134,0
DA:136,0
DA:137,0
DA:141,0
DA:142,0
DA:144,0
DA:145,0
DA:149,0
DA:152,0
DA:155,0
DA:165,0
DA:166,0
DA:171,0
DA:174,0
DA:183,0
DA:185,0
DA:192,0
LF:63
LH:0
BRDA:17,0,0,0
BRDA:24,1,0,0
BRDA:24,2,0,0
BRDA:24,2,1,0
BRDA:38,3,0,0
BRDA:38,3,1,0
BRDA:55,4,0,0
BRDA:63,5,0,0
BRDA:63,6,0,0
BRDA:63,6,1,0
BRDA:74,7,0,0
BRDA:95,8,0,0
BRDA:95,9,0,0
BRDA:95,9,1,0
BRDA:119,10,0,0
BRDA:119,10,1,0
BRDA:136,11,0,0
BRDA:144,12,0,0
BRDA:144,13,0,0
BRDA:144,13,1,0
BRDA:165,14,0,0
BRDA:165,15,0,0
BRDA:165,15,1,0
BRDA:188,16,0,0
BRDA:188,16,1,0
BRF:25
BRH:0
end_of_record
TN:
SF:src\app\api\clients\[id]\assessments\route.ts
FN:17,GET
FN:87,POST
FNF:2
FNH:0
FNDA:0,GET
FNDA:0,POST
DA:1,0
DA:2,0
DA:4,0
DA:5,0
DA:10,0
DA:17,0
DA:18,0
DA:19,0
DA:20,0
DA:22,0
DA:23,0
DA:27,0
DA:28,0
DA:30,0
DA:31,0
DA:35,0
DA:36,0
DA:42,0
DA:43,0
DA:47,0
DA:55,0
DA:56,0
DA:61,0
DA:64,0
DA:69,0
DA:71,0
DA:78,0
DA:87,0
DA:88,0
DA:89,0
DA:90,0
DA:92,0
DA:93,0
DA:96,0
DA:100,0
DA:101,0
DA:103,0
DA:104,0
DA:109,0
DA:113,0
DA:115,0
DA:120,0
DA:121,0
DA:125,0
DA:134,0
DA:137,0
DA:138,0
DA:144,0
DA:145,0
DA:149,0
DA:152,0
DA:160,0
DA:165,0
DA:180,0
DA:181,0
DA:186,0
DA:193,0
DA:208,0
DA:210,0
DA:217,0
LF:60
LH:0
BRDA:22,0,0,0
BRDA:30,1,0,0
BRDA:30,2,0,0
BRDA:30,2,1,0
BRDA:42,3,0,0
BRDA:42,4,0,0
BRDA:42,4,1,0
BRDA:55,5,0,0
BRDA:66,6,0,0
BRDA:66,6,1,0
BRDA:69,7,0,0
BRDA:69,7,1,0
BRDA:74,8,0,0
BRDA:74,8,1,0
BRDA:92,9,0,0
BRDA:103,10,0,0
BRDA:103,11,0,0
BRDA:103,11,1,0
BRDA:120,12,0,0
BRDA:144,13,0,0
BRDA:144,14,0,0
BRDA:144,14,1,0
BRDA:149,15,0,0
BRDA:149,15,1,0
BRDA:160,16,0,0
BRDA:160,16,1,0
BRDA:161,17,0,0
BRDA:161,17,1,0
BRDA:162,18,0,0
BRDA:162,18,1,0
BRDA:170,19,0,0
BRDA:170,19,1,0
BRDA:180,20,0,0
BRDA:213,21,0,0
BRDA:213,21,1,0
BRF:35
BRH:0
end_of_record
TN:
SF:src\app\api\clients\[id]\assessments\[assessmentId]\route.ts
FN:13,GET
FN:63,PUT
FN:168,(anonymous_6)
FN:170,(anonymous_7)
FN:232,DELETE
FNF:5
FNH:0
FNDA:0,GET
FNDA:0,PUT
FNDA:0,(anonymous_6)
FNDA:0,(anonymous_7)
FNDA:0,DELETE
DA:1,0
DA:2,0
DA:4,0
DA:5,0
DA:6,0
DA:13,0
DA:17,0
DA:18,0
DA:19,0
DA:21,0
DA:22,0
DA:25,0
DA:26,0
DA:34,0
DA:35,0
DA:38,0
DA:43,0
DA:45,0
DA:52,0
DA:63,0
DA:67,0
DA:68,0
DA:69,0
DA:71,0
DA:72,0
DA:76,0
DA:77,0
DA:84,0
DA:85,0
DA:89,0
DA:90,0
DA:91,0
DA:93,0
DA:94,0
DA:105,0
DA:109,0
DA:110,0
DA:112,0
DA:113,0
DA:122,0
DA:125,0
DA:126,0
DA:128,0
DA:135,0
DA:137,0
DA:138,0
DA:139,0
DA:146,0
DA:154,0
DA:155,0
DA:162,0
DA:166,0
DA:168,0
DA:170,0
DA:171,0
DA:175,0
DA:179,0
DA:180,0
DA:181,0
DA:182,0
DA:184,0
DA:192,0
DA:193,0
DA:198,0
DA:201,0
DA:212,0
DA:214,0
DA:221,0
DA:232,0
DA:236,0
DA:237,0
DA:238,0
DA:240,0
DA:241,0
DA:245,0
DA:246,0
DA:253,0
DA:254,0
DA:258,0
DA:259,0
DA:260,0
DA:262,0
DA:263,0
DA:274,0
DA:278,0
DA:284,0
DA:285,0
DA:290,0
DA:293,0
DA:303,0
DA:305,0
DA:312,0
LF:92
LH:0
BRDA:21,0,0,0
BRDA:34,1,0,0
BRDA:34,2,0,0
BRDA:34,2,1,0
BRDA:48,3,0,0
BRDA:48,3,1,0
BRDA:71,4,0,0
BRDA:84,5,0,0
BRDA:84,6,0,0
BRDA:84,6,1,0
BRDA:91,7,0,0
BRDA:91,7,1,0
BRDA:93,8,0,0
BRDA:93,9,0,0
BRDA:93,9,1,0
BRDA:112,10,0,0
BRDA:126,11,0,0
BRDA:126,11,1,0
BRDA:128,12,0,0
BRDA:128,13,0,0
BRDA:128,13,1,0
BRDA:128,13,2,0
BRDA:138,14,0,0
BRDA:147,15,0,0
BRDA:147,15,1,0
BRDA:148,16,0,0
BRDA:148,16,1,0
BRDA:148,16,2,0
BRDA:150,17,0,0
BRDA:150,17,1,0
BRDA:154,18,0,0
BRDA:154,19,0,0
BRDA:154,19,1,0
BRDA:154,19,2,0
BRDA:156,20,0,0
BRDA:156,20,1,0
BRDA:166,21,0,0
BRDA:166,22,0,0
BRDA:166,22,1,0
BRDA:168,23,0,0
BRDA:168,23,1,0
BRDA:170,24,0,0
BRDA:170,24,1,0
BRDA:171,25,0,0
BRDA:171,25,1,0
BRDA:179,26,0,0
BRDA:180,27,0,0
BRDA:181,28,0,0
BRDA:182,29,0,0
BRDA:192,30,0,0
BRDA:192,31,0,0
BRDA:192,31,1,0
BRDA:217,32,0,0
BRDA:217,32,1,0
BRDA:240,33,0,0
BRDA:253,34,0,0
BRDA:253,35,0,0
BRDA:253,35,1,0
BRDA:260,36,0,0
BRDA:260,36,1,0
BRDA:262,37,0,0
BRDA:262,38,0,0
BRDA:262,38,1,0
BRDA:284,39,0,0
BRDA:308,40,0,0
BRDA:308,40,1,0
BRF:66
BRH:0
end_of_record
TN:
SF:src\app\api\clients\[id]\consultations\route.ts
FN:13,GET
FN:83,POST
FNF:2
FNH:0
FNDA:0,GET
FNDA:0,POST
DA:1,0
DA:2,0
DA:4,0
DA:5,0
DA:6,0
DA:13,0
DA:14,0
DA:15,0
DA:16,0
DA:18,0
DA:19,0
DA:23,0
DA:24,0
DA:26,0
DA:27,0
DA:31,0
DA:32,0
DA:38,0
DA:39,0
DA:43,0
DA:51,0
DA:52,0
DA:57,0
DA:60,0
DA:65,0
DA:67,0
DA:74,0
DA:83,0
DA:84,0
DA:85,0
DA:86,0
DA:88,0
DA:89,0
DA:92,0
DA:96,0
DA:97,0
DA:99,0
DA:100,0
DA:105,0
DA:109,0
DA:111,0
DA:116,0
DA:117,0
DA:121,0
DA:130,0
DA:133,0
DA:134,0
DA:140,0
DA:141,0
DA:145,0
DA:146,0
DA:147,0
DA:156,0
DA:160,0
DA:175,0
DA:176,0
DA:181,0
DA:188,0
DA:201,0
DA:203,0
DA:210,0
LF:61
LH:0
BRDA:18,0,0,0
BRDA:26,1,0,0
BRDA:26,2,0,0
BRDA:26,2,1,0
BRDA:38,3,0,0
BRDA:38,4,0,0
BRDA:38,4,1,0
BRDA:51,5,0,0
BRDA:62,6,0,0
BRDA:62,6,1,0
BRDA:65,7,0,0
BRDA:65,7,1,0
BRDA:70,8,0,0
BRDA:70,8,1,0
BRDA:88,9,0,0
BRDA:99,10,0,0
BRDA:99,11,0,0
BRDA:99,11,1,0
BRDA:116,12,0,0
BRDA:140,13,0,0
BRDA:140,14,0,0
BRDA:140,14,1,0
BRDA:145,15,0,0
BRDA:145,15,1,0
BRDA:146,16,0,0
BRDA:146,17,0,0
BRDA:146,17,1,0
BRDA:146,17,2,0
BRDA:146,17,3,0
BRDA:148,18,0,0
BRDA:148,18,1,0
BRDA:149,19,0,0
BRDA:149,19,1,0
BRDA:150,20,0,0
BRDA:150,20,1,0
BRDA:151,21,0,0
BRDA:151,21,1,0
BRDA:156,22,0,0
BRDA:156,22,1,0
BRDA:165,23,0,0
BRDA:165,23,1,0
BRDA:168,24,0,0
BRDA:168,24,1,0
BRDA:175,25,0,0
BRDA:206,26,0,0
BRDA:206,26,1,0
BRF:46
BRH:0
end_of_record
TN:
SF:src\app\api\clients\[id]\consultations\[consultationId]\route.ts
FN:13,GET
FN:63,PUT
FN:197,DELETE
FNF:3
FNH:0
FNDA:0,GET
FNDA:0,PUT
FNDA:0,DELETE
DA:1,0
DA:2,0
DA:4,0
DA:5,0
DA:6,0
DA:13,0
DA:17,0
DA:18,0
DA:19,0
DA:21,0
DA:22,0
DA:25,0
DA:26,0
DA:34,0
DA:35,0
DA:38,0
DA:43,0
DA:45,0
DA:52,0
DA:63,0
DA:67,0
DA:68,0
DA:69,0
DA:71,0
DA:72,0
DA:76,0
DA:77,0
DA:84,0
DA:85,0
DA:89,0
DA:90,0
DA:91,0
DA:93,0
DA:94,0
DA:105,0
DA:109,0
DA:110,0
DA:112,0
DA:113,0
DA:122,0
DA:125,0
DA:126,0
DA:127,0
DA:136,0
DA:140,0
DA:144,0
DA:145,0
DA:146,0
DA:147,0
DA:149,0
DA:157,0
DA:158,0
DA:163,0
DA:166,0
DA:177,0
DA:179,0
DA:186,0
DA:197,0
DA:201,0
DA:202,0
DA:203,0
DA:205,0
DA:206,0
DA:210,0
DA:211,0
DA:218,0
DA:219,0
DA:223,0
DA:224,0
DA:225,0
DA:227,0
DA:228,0
DA:239,0
DA:243,0
DA:249,0
DA:250,0
DA:255,0
DA:258,0
DA:268,0
DA:270,0
DA:277,0
LF:81
LH:0
BRDA:21,0,0,0
BRDA:34,1,0,0
BRDA:34,2,0,0
BRDA:34,2,1,0
BRDA:48,3,0,0
BRDA:48,3,1,0
BRDA:71,4,0,0
BRDA:84,5,0,0
BRDA:84,6,0,0
BRDA:84,6,1,0
BRDA:91,7,0,0
BRDA:91,7,1,0
BRDA:93,8,0,0
BRDA:93,9,0,0
BRDA:93,9,1,0
BRDA:112,10,0,0
BRDA:126,11,0,0
BRDA:126,12,0,0
BRDA:126,12,1,0
BRDA:126,12,2,0
BRDA:126,12,3,0
BRDA:128,13,0,0
BRDA:128,13,1,0
BRDA:129,14,0,0
BRDA:129,14,1,0
BRDA:130,15,0,0
BRDA:130,15,1,0
BRDA:131,16,0,0
BRDA:131,16,1,0
BRDA:136,17,0,0
BRDA:136,17,1,0
BRDA:144,18,0,0
BRDA:145,19,0,0
BRDA:146,20,0,0
BRDA:147,21,0,0
BRDA:157,22,0,0
BRDA:157,23,0,0
BRDA:157,23,1,0
BRDA:182,24,0,0
BRDA:182,24,1,0
BRDA:205,25,0,0
BRDA:218,26,0,0
BRDA:218,27,0,0
BRDA:218,27,1,0
BRDA:225,28,0,0
BRDA:225,28,1,0
BRDA:227,29,0,0
BRDA:227,30,0,0
BRDA:227,30,1,0
BRDA:249,31,0,0
BRDA:273,32,0,0
BRDA:273,32,1,0
BRF:52
BRH:0
end_of_record
TN:
SF:src\app\api\dashboard\stats\route.ts
FN:11,GET
FNF:1
FNH:0
FNDA:0,GET
DA:1,0
DA:2,0
DA:4,0
DA:5,0
DA:11,0
DA:12,0
DA:14,0
DA:16,0
DA:17,0
DA:20,0
DA:23,0
DA:28,0
DA:34,0
DA:35,0
DA:37,0
DA:43,0
DA:49,0
DA:56,0
DA:61,0
DA:66,0
DA:73,0
LF:21
LH:0
BRDA:16,0,0,0
BRDA:50,1,0,0
BRDA:50,1,1,0
BRDA:51,2,0,0
BRDA:51,2,1,0
BRDA:52,3,0,0
BRDA:52,3,1,0
BRDA:63,4,0,0
BRDA:63,4,1,0
BRDA:69,5,0,0
BRDA:69,5,1,0
BRF:11
BRH:0
end_of_record
TN:
SF:src\app\api\equipment\route.ts
FN:18,GET
FN:94,POST
FNF:2
FNH:0
FNDA:0,GET
FNDA:0,POST
DA:1,0
DA:2,0
DA:4,0
DA:5,0
DA:11,0
DA:18,0
DA:19,0
DA:20,0
DA:22,0
DA:23,0
DA:27,0
DA:28,0
DA:30,0
DA:31,0
DA:34,0
DA:35,0
DA:36,0
DA:37,0
DA:39,0
DA:40,0
DA:43,0
DA:44,0
DA:48,0
DA:49,0
DA:53,0
DA:54,0
DA:58,0
DA:60,0
DA:62,0
DA:63,0
DA:68,0
DA:71,0
DA:76,0
DA:78,0
DA:85,0
DA:94,0
DA:95,0
DA:96,0
DA:98,0
DA:99,0
DA:102,0
DA:106,0
DA:107,0
DA:109,0
DA:110,0
DA:115,0
DA:119,0
DA:121,0
DA:123,0
DA:124,0
DA:128,0
DA:137,0
DA:140,0
DA:141,0
DA:147,0
DA:150,0
DA:160,0
DA:161,0
DA:166,0
DA:173,0
DA:187,0
DA:189,0
DA:196,0
LF:63
LH:0
BRDA:22,0,0,0
BRDA:30,1,0,0
BRDA:30,2,0,0
BRDA:30,2,1,0
BRDA:43,3,0,0
BRDA:48,4,0,0
BRDA:53,5,0,0
BRDA:62,6,0,0
BRDA:73,7,0,0
BRDA:73,7,1,0
BRDA:76,8,0,0
BRDA:76,8,1,0
BRDA:81,9,0,0
BRDA:81,9,1,0
BRDA:98,10,0,0
BRDA:109,11,0,0
BRDA:109,12,0,0
BRDA:109,12,1,0
BRDA:123,13,0,0
BRDA:140,14,0,0
BRDA:160,15,0,0
BRDA:192,16,0,0
BRDA:192,16,1,0
BRF:23
BRH:0
end_of_record
TN:
SF:src\app\api\equipment\[id]\route.ts
FN:17,GET
FN:58,PUT
FN:171,DELETE
FNF:3
FNH:0
FNDA:0,GET
FNDA:0,PUT
FNDA:0,DELETE
DA:1,0
DA:2,0
DA:4,0
DA:5,0
DA:10,0
DA:17,0
DA:18,0
DA:19,0
DA:20,0
DA:22,0
DA:23,0
DA:26,0
DA:27,0
DA:29,0
DA:30,0
DA:33,0
DA:38,0
DA:40,0
DA:47,0
DA:58,0
DA:59,0
DA:60,0
DA:61,0
DA:63,0
DA:64,0
DA:68,0
DA:69,0
DA:71,0
DA:72,0
DA:77,0
DA:81,0
DA:82,0
DA:88,0
DA:89,0
DA:93,0
DA:94,0
DA:96,0
DA:97,0
DA:106,0
DA:109,0
DA:110,0
DA:112,0
DA:113,0
DA:120,0
DA:125,0
DA:132,0
DA:133,0
DA:138,0
DA:141,0
DA:151,0
DA:153,0
DA:160,0
DA:171,0
DA:172,0
DA:173,0
DA:174,0
DA:176,0
DA:177,0
DA:181,0
DA:182,0
DA:184,0
DA:185,0
DA:190,0
DA:194,0
DA:195,0
DA:201,0
DA:202,0
DA:206,0
DA:213,0
DA:214,0
DA:221,0
DA:223,0
DA:224,0
DA:229,0
DA:232,0
DA:241,0
DA:243,0
DA:250,0
LF:78
LH:0
BRDA:22,0,0,0
BRDA:29,1,0,0
BRDA:29,2,0,0
BRDA:29,2,1,0
BRDA:43,3,0,0
BRDA:43,3,1,0
BRDA:63,4,0,0
BRDA:71,5,0,0
BRDA:71,6,0,0
BRDA:71,6,1,0
BRDA:88,7,0,0
BRDA:88,8,0,0
BRDA:88,8,1,0
BRDA:96,9,0,0
BRDA:109,10,0,0
BRDA:109,10,1,0
BRDA:110,11,0,0
BRDA:110,11,1,0
BRDA:112,12,0,0
BRDA:132,13,0,0
BRDA:132,14,0,0
BRDA:132,14,1,0
BRDA:156,15,0,0
BRDA:156,15,1,0
BRDA:176,16,0,0
BRDA:184,17,0,0
BRDA:184,18,0,0
BRDA:184,18,1,0
BRDA:201,19,0,0
BRDA:201,20,0,0
BRDA:201,20,1,0
BRDA:213,21,0,0
BRDA:213,22,0,0
BRDA:213,22,1,0
BRDA:223,23,0,0
BRDA:246,24,0,0
BRDA:246,24,1,0
BRF:37
BRH:0
end_of_record
TN:
SF:src\app\api\equipment\[id]\maintenance-notes\route.ts
FN:13,GET
FN:64,POST
FNF:2
FNH:0
FNDA:0,GET
FNDA:0,POST
DA:1,0
DA:2,0
DA:4,0
DA:5,0
DA:6,0
DA:13,0
DA:14,0
DA:15,0
DA:16,0
DA:18,0
DA:19,0
DA:22,0
DA:23,0
DA:30,0
DA:31,0
DA:36,0
DA:39,0
DA:44,0
DA:46,0
DA:53,0
DA:64,0
DA:65,0
DA:66,0
DA:67,0
DA:69,0
DA:70,0
DA:73,0
DA:77,0
DA:78,0
DA:80,0
DA:81,0
DA:86,0
DA:90,0
DA:91,0
DA:97,0
DA:98,0
DA:102,0
DA:103,0
DA:108,0
DA:109,0
DA:113,0
DA:122,0
DA:125,0
DA:136,0
DA:137,0
DA:142,0
DA:149,0
DA:164,0
DA:166,0
DA:173,0
LF:50
LH:0
BRDA:18,0,0,0
BRDA:30,1,0,0
BRDA:41,2,0,0
BRDA:41,2,1,0
BRDA:44,3,0,0
BRDA:44,3,1,0
BRDA:49,4,0,0
BRDA:49,4,1,0
BRDA:69,5,0,0
BRDA:80,6,0,0
BRDA:80,7,0,0
BRDA:80,7,1,0
BRDA:97,8,0,0
BRDA:97,9,0,0
BRDA:97,9,1,0
BRDA:108,10,0,0
BRDA:129,11,0,0
BRDA:129,11,1,0
BRDA:136,12,0,0
BRDA:169,13,0,0
BRDA:169,13,1,0
BRF:21
BRH:0
end_of_record
TN:
SF:src\app\api\equipment\[id]\quantity\route.ts
FN:15,PATCH
FN:73,(anonymous_2)
FNF:2
FNH:0
FNDA:0,PATCH
FNDA:0,(anonymous_2)
DA:1,0
DA:2,0
DA:4,0
DA:5,0
DA:6,0
DA:15,0
DA:16,0
DA:17,0
DA:18,0
DA:20,0
DA:21,0
DA:25,0
DA:26,0
DA:28,0
DA:29,0
DA:34,0
DA:38,0
DA:39,0
DA:45,0
DA:46,0
DA:50,0
DA:51,0
DA:53,0
DA:54,0
DA:63,0
DA:66,0
DA:73,0
DA:76,0
DA:78,0
DA:79,0
DA:88,0
DA:99,0
DA:100,0
DA:105,0
DA:109,0
DA:122,0
DA:124,0
DA:131,0
LF:38
LH:0
BRDA:20,0,0,0
BRDA:28,1,0,0
BRDA:28,2,0,0
BRDA:28,2,1,0
BRDA:45,3,0,0
BRDA:45,4,0,0
BRDA:45,4,1,0
BRDA:53,5,0,0
BRDA:73,6,0,0
BRDA:73,6,1,0
BRDA:73,7,0,0
BRDA:73,7,1,0
BRDA:78,8,0,0
BRDA:99,9,0,0
BRDA:99,10,0,0
BRDA:99,10,1,0
BRDA:127,11,0,0
BRDA:127,11,1,0
BRF:18
BRH:0
end_of_record
TN:
SF:src\app\api\equipment\[id]\status\route.ts
FN:18,PATCH
FNF:1
FNH:0
FNDA:0,PATCH
DA:1,0
DA:2,0
DA:4,0
DA:5,0
DA:9,0
DA:18,0
DA:19,0
DA:20,0
DA:21,0
DA:23,0
DA:24,0
DA:28,0
DA:29,0
DA:31,0
DA:32,0
DA:37,0
DA:41,0
DA:42,0
DA:48,0
DA:49,0
DA:53,0
DA:54,0
DA:56,0
DA:57,0
DA:66,0
DA:69,0
DA:70,0
DA:73,0
DA:74,0
DA:78,0
DA:88,0
DA:89,0
DA:94,0
DA:98,0
DA:109,0
DA:111,0
DA:118,0
LF:37
LH:0
BRDA:23,0,0,0
BRDA:31,1,0,0
BRDA:31,2,0,0
BRDA:31,2,1,0
BRDA:48,3,0,0
BRDA:48,4,0,0
BRDA:48,4,1,0
BRDA:56,5,0,0
BRDA:73,6,0,0
BRDA:73,7,0,0
BRDA:73,7,1,0
BRDA:88,8,0,0
BRDA:88,9,0,0
BRDA:88,9,1,0
BRDA:114,10,0,0
BRDA:114,10,1,0
BRF:16
BRH:0
end_of_record
TN:
SF:src\app\api\health\route.ts
FN:11,GET
FNF:1
FNH:0
FNDA:0,GET
DA:1,0
DA:11,0
DA:12,0
DA:14,0
DA:22,0
DA:24,0
LF:6
LH:0
BRDA:18,0,0,0
BRDA:18,0,1,0
BRDA:19,1,0,0
BRDA:19,1,1,0
BRDA:28,2,0,0
BRDA:28,2,1,0
BRF:6
BRH:0
end_of_record
TN:
SF:src\app\api\rentals\route.ts
FN:15,POST
FN:163,GET
FNF:2
FNH:0
FNDA:0,POST
FNDA:0,GET
DA:1,0
DA:2,0
DA:4,0
DA:5,0
DA:6,0
DA:15,0
DA:16,0
DA:17,0
DA:19,0
DA:20,0
DA:23,0
DA:27,0
DA:28,0
DA:30,0
DA:31,0
DA:36,0
DA:40,0
DA:41,0
DA:43,0
DA:44,0
DA:48,0
DA:57,0
DA:59,0
DA:62,0
DA:68,0
DA:69,0
DA:74,0
DA:75,0
DA:84,0
DA:85,0
DA:96,0
DA:102,0
DA:115,0
DA:116,0
DA:121,0
DA:128,0
DA:142,0
DA:144,0
DA:151,0
DA:163,0
DA:164,0
DA:165,0
DA:167,0
DA:168,0
DA:172,0
DA:173,0
DA:175,0
DA:176,0
DA:179,0
DA:180,0
DA:181,0
DA:182,0
DA:184,0
DA:185,0
DA:199,0
DA:200,0
DA:204,0
DA:205,0
DA:209,0
DA:210,0
DA:214,0
DA:216,0
DA:218,0
DA:219,0
DA:224,0
DA:227,0
DA:235,0
DA:237,0
DA:244,0
LF:69
LH:0
BRDA:19,0,0,0
BRDA:30,1,0,0
BRDA:30,2,0,0
BRDA:30,2,1,0
BRDA:43,3,0,0
BRDA:68,4,0,0
BRDA:68,5,0,0
BRDA:68,5,1,0
BRDA:74,6,0,0
BRDA:84,7,0,0
BRDA:84,8,0,0
BRDA:84,8,1,0
BRDA:107,9,0,0
BRDA:107,9,1,0
BRDA:108,10,0,0
BRDA:108,10,1,0
BRDA:115,11,0,0
BRDA:147,12,0,0
BRDA:147,12,1,0
BRDA:167,13,0,0
BRDA:175,14,0,0
BRDA:175,15,0,0
BRDA:175,15,1,0
BRDA:199,16,0,0
BRDA:204,17,0,0
BRDA:209,18,0,0
BRDA:218,19,0,0
BRDA:230,20,0,0
BRDA:230,20,1,0
BRDA:235,21,0,0
BRDA:235,21,1,0
BRDA:240,22,0,0
BRDA:240,22,1,0
BRF:33
BRH:0
end_of_record
TN:
SF:src\app\api\rentals\[id]\route.ts
FN:13,GET
FNF:1
FNH:0
FNDA:0,GET
DA:1,0
DA:2,0
DA:4,0
DA:5,0
DA:13,0
DA:14,0
DA:15,0
DA:16,0
DA:18,0
DA:19,0
DA:22,0
DA:23,0
DA:46,0
DA:47,0
DA:50,0
DA:55,0
DA:57,0
DA:64,0
LF:18
LH:0
BRDA:18,0,0,0
BRDA:46,1,0,0
BRDA:46,2,0,0
BRDA:46,2,1,0
BRDA:60,3,0,0
BRDA:60,3,1,0
BRF:6
BRH:0
end_of_record
TN:
SF:src\app\api\rentals\[id]\return\route.ts
FN:15,PATCH
FNF:1
FNH:0
FNDA:0,PATCH
DA:1,0
DA:2,0
DA:4,0
DA:5,0
DA:6,0
DA:15,0
DA:16,0
DA:17,0
DA:18,0
DA:20,0
DA:21,0
DA:25,0
DA:26,0
DA:28,0
DA:29,0
DA:34,0
DA:37,0
DA:40,0
DA:46,0
DA:47,0
DA:51,0
DA:52,0
DA:56,0
DA:57,0
DA:61,0
DA:62,0
DA:64,0
DA:65,0
DA:74,0
DA:77,0
DA:80,0
DA:94,0
DA:95,0
DA:100,0
DA:104,0
DA:119,0
DA:121,0
DA:128,0
LF:38
LH:0
BRDA:20,0,0,0
BRDA:28,1,0,0
BRDA:28,2,0,0
BRDA:28,2,1,0
BRDA:46,3,0,0
BRDA:46,4,0,0
BRDA:46,4,1,0
BRDA:51,5,0,0
BRDA:56,6,0,0
BRDA:64,7,0,0
BRDA:77,8,0,0
BRDA:77,8,1,0
BRDA:85,9,0,0
BRDA:85,9,1,0
BRDA:86,10,0,0
BRDA:86,10,1,0
BRDA:94,11,0,0
BRDA:94,12,0,0
BRDA:94,12,1,0
BRDA:124,13,0,0
BRDA:124,13,1,0
BRF:21
BRH:0
end_of_record
TN:
SF:src\app\api\storage\upload\route.ts
FN:31,getBucketPath
FN:44,generateFileName
FN:52,POST
FN:142,DELETE
FNF:4
FNH:0
FNDA:0,getBucketPath
FNDA:0,generateFileName
FNDA:0,POST
FNDA:0,DELETE
DA:1,0
DA:2,0
DA:3,0
DA:13,0
DA:14,0
DA:32,0
DA:33,0
DA:35,0
DA:36,0
DA:38,0
DA:45,0
DA:46,0
DA:47,0
DA:48,0
DA:49,0
DA:52,0
DA:53,0
DA:54,0
DA:56,0
DA:57,0
DA:60,0
DA:61,0
DA:63,0
DA:64,0
DA:68,0
DA:69,0
DA:76,0
DA:77,0
DA:86,0
DA:89,0
DA:90,0
DA:91,0
DA:94,0
DA:95,0
DA:98,0
DA:103,0
DA:104,0
DA:105,0
DA:114,0
DA:116,0
DA:125,0
DA:126,0
DA:142,0
DA:143,0
DA:144,0
DA:146,0
DA:147,0
DA:150,0
DA:151,0
DA:153,0
DA:154,0
DA:158,0
DA:159,0
DA:162,0
DA:163,0
DA:165,0
DA:166,0
DA:167,0
DA:173,0
DA:175,0
DA:176,0
LF:61
LH:0
BRDA:32,0,0,0
BRDA:35,1,0,0
BRDA:56,2,0,0
BRDA:63,3,0,0
BRDA:68,4,0,0
BRDA:76,5,0,0
BRDA:103,6,0,0
BRDA:129,7,0,0
BRDA:129,7,1,0
BRDA:146,8,0,0
BRDA:153,9,0,0
BRDA:158,10,0,0
BRDA:165,11,0,0
BRDA:179,12,0,0
BRDA:179,12,1,0
BRF:15
BRH:0
end_of_record
TN:
SF:src\components\auth\ProtectedRoute.tsx
FN:53,ProtectedRoute
FN:62,(anonymous_4)
FN:172,useUserRole
FN:177,(anonymous_6)
FNF:4
FNH:2
FNDA:8,ProtectedRoute
FNDA:8,(anonymous_4)
FNDA:0,useUserRole
FNDA:0,(anonymous_6)
DA:3,1
DA:4,1
DA:5,1
DA:7,1
DA:53,8
DA:59,8
DA:60,8
DA:62,8
DA:64,8
DA:67,6
DA:68,1
DA:75,1
DA:76,1
DA:80,5
DA:81,4
DA:85,4
DA:87,4
DA:88,2
DA:98,2
DA:104,8
DA:118,6
DA:119,1
DA:123,5
DA:124,4
DA:128,4
DA:130,4
DA:131,2
DA:172,0
DA:173,0
DA:175,0
DA:177,0
DA:178,0
DA:179,0
DA:182,0
DA:183,0
DA:184,0
DA:185,0
DA:186,0
DA:188,0
LF:39
LH:27
BRDA:56,0,0,7
BRDA:64,1,0,2
BRDA:67,2,0,1
BRDA:71,3,0,1
BRDA:71,3,1,0
BRDA:80,4,0,4
BRDA:80,5,0,5
BRDA:80,5,1,4
BRDA:81,6,0,4
BRDA:81,6,1,0
BRDA:85,7,0,4
BRDA:85,7,1,0
BRDA:85,8,0,0
BRDA:85,8,1,0
BRDA:87,9,0,2
BRDA:91,10,0,2
BRDA:91,10,1,0
BRDA:94,11,0,2
BRDA:94,11,1,0
BRDA:104,12,0,2
BRDA:106,13,0,2
BRDA:118,14,0,1
BRDA:123,15,0,4
BRDA:123,16,0,5
BRDA:123,16,1,4
BRDA:124,17,0,4
BRDA:124,17,1,0
BRDA:128,18,0,4
BRDA:128,18,1,0
BRDA:128,19,0,0
BRDA:128,19,1,0
BRDA:130,20,0,2
BRDA:175,21,0,0
BRDA:175,21,1,0
BRDA:175,22,0,0
BRDA:175,22,1,0
BRDA:175,23,0,0
BRDA:175,23,1,0
BRDA:178,24,0,0
BRDA:178,24,1,0
BRF:40
BRH:21
end_of_record
TN:
SF:src\components\clients\AssessmentForm.tsx
FN:32,AssessmentForm
FN:69,(anonymous_2)
FN:84,(anonymous_3)
FN:85,(anonymous_4)
FN:127,(anonymous_5)
FN:180,(anonymous_6)
FN:215,(anonymous_7)
FN:225,(anonymous_8)
FN:232,(anonymous_9)
FN:370,(anonymous_10)
FN:391,(anonymous_11)
FNF:11
FNH:0
FNDA:0,AssessmentForm
FNDA:0,(anonymous_2)
FNDA:0,(anonymous_3)
FNDA:0,(anonymous_4)
FNDA:0,(anonymous_5)
FNDA:0,(anonymous_6)
FNDA:0,(anonymous_7)
FNDA:0,(anonymous_8)
FNDA:0,(anonymous_9)
FNDA:0,(anonymous_10)
FNDA:0,(anonymous_11)
DA:3,0
DA:4,0
DA:5,0
DA:6,0
DA:15,0
DA:16,0
DA:17,0
DA:18,0
DA:32,0
DA:38,0
DA:39,0
DA:40,0
DA:41,0
DA:49,0
DA:60,0
DA:66,0
DA:67,0
DA:69,0
DA:70,0
DA:72,0
DA:73,0
DA:78,0
DA:84,0
DA:85,0
DA:86,0
DA:87,0
DA:89,0
DA:93,0
DA:96,0
DA:98,0
DA:106,0
DA:107,0
DA:108,0
DA:111,0
DA:113,0
DA:119,0
DA:124,0
DA:127,0
DA:128,0
DA:132,0
DA:135,0
DA:136,0
DA:141,0
DA:181,0
DA:215,0
DA:226,0
DA:232,0
DA:371,0
DA:391,0
LF:49
LH:0
BRDA:36,0,0,0
BRDA:54,1,0,0
BRDA:54,1,1,0
BRDA:55,2,0,0
BRDA:55,2,1,0
BRDA:56,3,0,0
BRDA:56,3,1,0
BRDA:67,4,0,0
BRDA:67,4,1,0
BRDA:67,5,0,0
BRDA:67,5,1,0
BRDA:86,6,0,0
BRDA:89,7,0,0
BRDA:89,7,1,0
BRDA:93,8,0,0
BRDA:93,8,1,0
BRDA:96,9,0,0
BRDA:96,9,1,0
BRDA:106,10,0,0
BRDA:108,11,0,0
BRDA:108,11,1,0
BRDA:108,12,0,0
BRDA:108,12,1,0
BRDA:114,13,0,0
BRDA:114,13,1,0
BRDA:132,14,0,0
BRDA:132,14,1,0
BRDA:134,15,0,0
BRDA:134,15,1,0
BRDA:166,16,0,0
BRDA:186,17,0,0
BRDA:202,18,0,0
BRDA:222,19,0,0
BRDA:229,20,0,0
BRDA:258,21,0,0
BRDA:288,22,0,0
BRDA:317,23,0,0
BRDA:328,24,0,0
BRDA:328,24,1,0
BRDA:330,25,0,0
BRDA:330,25,1,0
BRDA:349,26,0,0
BRDA:366,27,0,0
BRDA:401,28,0,0
BRDA:401,28,1,0
BRDA:402,29,0,0
BRDA:402,29,1,0
BRDA:405,30,0,0
BRDA:405,30,1,0
BRF:49
BRH:0
end_of_record
TN:
SF:src\components\clients\AssessmentTimeline.tsx
FN:21,AssessmentTimeline
FN:28,(anonymous_3)
FN:32,fetchAssessments
FN:39,(anonymous_5)
FN:67,handleDelete
FN:91,(anonymous_7)
FN:141,(anonymous_8)
FN:183,(anonymous_9)
FN:228,(anonymous_10)
FN:254,(anonymous_11)
FNF:10
FNH:0
FNDA:0,AssessmentTimeline
FNDA:0,(anonymous_3)
FNDA:0,fetchAssessments
FNDA:0,(anonymous_5)
FNDA:0,handleDelete
FNDA:0,(anonymous_7)
FNDA:0,(anonymous_8)
FNDA:0,(anonymous_9)
FNDA:0,(anonymous_10)
FNDA:0,(anonymous_11)
DA:3,0
DA:4,0
DA:5,0
DA:7,0
DA:9,0
DA:21,0
DA:22,0
DA:23,0
DA:24,0
DA:25,0
DA:26,0
DA:28,0
DA:29,0
DA:33,0
DA:34,0
DA:35,0
DA:36,0
DA:37,0
DA:39,0
DA:40,0
DA:41,0
DA:42,0
DA:43,0
DA:51,0
DA:54,0
DA:56,0
DA:58,0
DA:61,0
DA:63,0
DA:68,0
DA:69,0
DA:72,0
DA:73,0
DA:74,0
DA:78,0
DA:79,0
DA:80,0
DA:82,0
DA:85,0
DA:87,0
DA:91,0
DA:92,0
DA:93,0
DA:100,0
DA:142,0
DA:146,0
DA:184,0
DA:229,0
DA:254,0
LF:49
LH:0
BRDA:36,0,0,0
BRDA:36,0,1,0
BRDA:39,1,0,0
BRDA:39,1,1,0
BRDA:40,2,0,0
BRDA:45,3,0,0
BRDA:45,3,1,0
BRDA:46,4,0,0
BRDA:46,4,1,0
BRDA:47,5,0,0
BRDA:47,5,1,0
BRDA:48,6,0,0
BRDA:48,6,1,0
BRDA:68,7,0,0
BRDA:78,8,0,0
BRDA:78,8,1,0
BRDA:92,9,0,0
BRDA:94,10,0,0
BRDA:94,10,1,0
BRDA:94,10,2,0
BRDA:100,11,0,0
BRDA:116,12,0,0
BRDA:128,13,0,0
BRDA:130,14,0,0
BRDA:142,15,0,0
BRDA:142,15,1,0
BRDA:164,16,0,0
BRDA:179,17,0,0
BRDA:179,17,1,0
BRDA:185,18,0,0
BRDA:185,18,1,0
BRDA:199,19,0,0
BRDA:209,20,0,0
BRDA:224,21,0,0
BRDA:224,21,1,0
BRDA:245,22,0,0
BRDA:258,23,0,0
BRDA:258,23,1,0
BRF:38
BRH:0
end_of_record
TN:
SF:src\components\clients\ClientForm.tsx
FN:23,ClientForm
FN:37,(anonymous_2)
FN:76,(anonymous_3)
FN:349,(anonymous_4)
FNF:4
FNH:3
FNDA:12,ClientForm
FNDA:2,(anonymous_2)
FNDA:2,(anonymous_3)
FNDA:0,(anonymous_4)
DA:3,1
DA:4,1
DA:5,1
DA:6,1
DA:8,1
DA:9,1
DA:10,1
DA:23,8
DA:24,12
DA:25,12
DA:26,12
DA:32,12
DA:37,12
DA:38,2
DA:40,2
DA:42,2
DA:47,2
DA:48,2
DA:50,2
DA:58,2
DA:59,0
DA:60,0
DA:63,2
DA:66,2
DA:71,2
DA:76,2
DA:77,2
DA:78,2
DA:80,0
DA:85,0
DA:88,0
DA:89,0
DA:94,2
DA:349,0
LF:34
LH:27
BRDA:23,0,0,6
BRDA:47,1,0,2
BRDA:47,1,1,0
BRDA:48,2,0,2
BRDA:48,2,1,0
BRDA:58,3,0,0
BRDA:60,4,0,0
BRDA:60,4,1,0
BRDA:60,5,0,0
BRDA:60,5,1,0
BRDA:67,6,0,2
BRDA:67,6,1,0
BRDA:77,7,0,2
BRDA:77,7,1,0
BRDA:77,8,0,2
BRDA:77,8,1,2
BRDA:85,9,0,0
BRDA:85,9,1,0
BRDA:87,10,0,0
BRDA:87,10,1,0
BRDA:119,11,0,12
BRDA:133,12,0,12
BRDA:221,13,0,12
BRDA:238,14,0,12
BRDA:287,15,0,12
BRDA:359,16,0,0
BRDA:359,16,1,12
BRDA:359,17,0,5
BRDA:359,17,1,7
BRF:29
BRH:15
end_of_record
TN:
SF:src\components\clients\ClientsFilter.tsx
FN:22,ClientsFilter
FN:32,(anonymous_2)
FN:38,(anonymous_3)
FN:45,(anonymous_4)
FN:52,(anonymous_5)
FN:58,(anonymous_6)
FN:67,(anonymous_7)
FNF:7
FNH:0
FNDA:0,ClientsFilter
FNDA:0,(anonymous_2)
FNDA:0,(anonymous_3)
FNDA:0,(anonymous_4)
FNDA:0,(anonymous_5)
FNDA:0,(anonymous_6)
FNDA:0,(anonymous_7)
DA:3,0
DA:22,0
DA:27,0
DA:28,0
DA:29,0
DA:32,0
DA:33,0
DA:34,0
DA:38,0
DA:39,0
DA:40,0
DA:41,0
DA:45,0
DA:46,0
DA:47,0
DA:49,0
DA:52,0
DA:53,0
DA:55,0
DA:58,0
DA:59,0
DA:60,0
DA:61,0
DA:63,0
DA:67,0
DA:68,0
DA:69,0
DA:70,0
LF:28
LH:0
BRDA:23,0,0,0
BRDA:24,1,0,0
BRDA:68,2,0,0
BRF:3
BRH:0
end_of_record
TN:
SF:src\components\clients\ClientsTable.tsx
FN:25,ClientsTable
FN:44,(anonymous_4)
FN:57,(anonymous_5)
FN:65,(anonymous_6)
FN:73,(anonymous_7)
FN:85,(anonymous_8)
FN:110,(anonymous_9)
FN:142,(anonymous_10)
FN:144,(anonymous_11)
FN:167,(anonymous_12)
FN:193,(anonymous_13)
FN:195,(anonymous_14)
FNF:12
FNH:0
FNDA:0,ClientsTable
FNDA:0,(anonymous_4)
FNDA:0,(anonymous_5)
FNDA:0,(anonymous_6)
FNDA:0,(anonymous_7)
FNDA:0,(anonymous_8)
FNDA:0,(anonymous_9)
FNDA:0,(anonymous_10)
FNDA:0,(anonymous_11)
FNDA:0,(anonymous_12)
FNDA:0,(anonymous_13)
FNDA:0,(anonymous_14)
DA:3,0
DA:11,0
DA:12,0
DA:25,0
DA:26,0
DA:28,0
DA:45,0
DA:46,0
DA:58,0
DA:66,0
DA:74,0
DA:75,0
DA:86,0
DA:87,0
DA:92,0
DA:104,0
DA:111,0
DA:112,0
DA:115,0
DA:116,0
DA:117,0
DA:124,0
DA:143,0
DA:145,0
DA:168,0
DA:169,0
DA:170,0
DA:194,0
DA:196,0
LF:29
LH:0
BRDA:51,0,0,0
BRDA:51,0,1,0
BRDA:51,1,0,0
BRDA:51,1,1,0
BRDA:59,2,0,0
BRDA:59,2,1,0
BRDA:67,3,0,0
BRDA:67,3,1,0
BRDA:75,4,0,0
BRDA:75,4,1,0
BRDA:92,5,0,0
BRDA:92,5,1,0
BRDA:111,6,0,0
BRDA:111,6,1,0
BRDA:115,7,0,0
BRDA:115,8,0,0
BRDA:115,8,1,0
BRDA:117,9,0,0
BRDA:117,9,1,0
BRDA:124,10,0,0
BRDA:150,11,0,0
BRDA:150,11,1,0
BRDA:152,12,0,0
BRDA:152,12,1,0
BRDA:157,13,0,0
BRDA:160,14,0,0
BRDA:160,14,1,0
BRDA:165,15,0,0
BRDA:165,15,1,0
BRDA:166,16,0,0
BRDA:166,16,1,0
BRDA:168,17,0,0
BRDA:168,18,0,0
BRDA:168,18,1,0
BRDA:168,18,2,0
BRDA:174,19,0,0
BRDA:174,19,1,0
BRDA:180,20,0,0
BRDA:182,21,0,0
BRDA:182,21,1,0
BRF:40
BRH:0
end_of_record
TN:
SF:src\components\clients\ConsultationForm.tsx
FN:26,ConsultationForm
FN:45,(anonymous_2)
FN:70,(anonymous_3)
FN:128,(anonymous_4)
FN:201,(anonymous_5)
FN:222,(anonymous_6)
FN:237,(anonymous_7)
FN:252,(anonymous_8)
FN:267,(anonymous_9)
FN:314,(anonymous_10)
FN:335,(anonymous_11)
FNF:11
FNH:0
FNDA:0,ConsultationForm
FNDA:0,(anonymous_2)
FNDA:0,(anonymous_3)
FNDA:0,(anonymous_4)
FNDA:0,(anonymous_5)
FNDA:0,(anonymous_6)
FNDA:0,(anonymous_7)
FNDA:0,(anonymous_8)
FNDA:0,(anonymous_9)
FNDA:0,(anonymous_10)
FNDA:0,(anonymous_11)
DA:3,0
DA:4,0
DA:5,0
DA:6,0
DA:8,0
DA:9,0
DA:10,0
DA:11,0
DA:12,0
DA:26,0
DA:32,0
DA:33,0
DA:34,0
DA:35,0
DA:36,0
DA:39,0
DA:42,0
DA:45,0
DA:46,0
DA:47,0
DA:48,0
DA:49,0
DA:50,0
DA:61,0
DA:70,0
DA:71,0
DA:73,0
DA:74,0
DA:79,0
DA:80,0
DA:81,0
DA:82,0
DA:83,0
DA:84,0
DA:85,0
DA:86,0
DA:90,0
DA:94,0
DA:97,0
DA:99,0
DA:107,0
DA:108,0
DA:109,0
DA:112,0
DA:114,0
DA:120,0
DA:125,0
DA:128,0
DA:129,0
DA:133,0
DA:136,0
DA:137,0
DA:142,0
DA:201,0
DA:222,0
DA:237,0
DA:252,0
DA:267,0
DA:315,0
DA:335,0
LF:60
LH:0
BRDA:30,0,0,0
BRDA:39,1,0,0
BRDA:39,1,1,0
BRDA:46,2,0,0
BRDA:48,3,0,0
BRDA:48,4,0,0
BRDA:48,4,1,0
BRDA:48,4,2,0
BRDA:48,4,3,0
BRDA:66,5,0,0
BRDA:66,5,1,0
BRDA:80,6,0,0
BRDA:82,7,0,0
BRDA:82,7,1,0
BRDA:90,8,0,0
BRDA:90,8,1,0
BRDA:94,9,0,0
BRDA:94,9,1,0
BRDA:97,10,0,0
BRDA:97,10,1,0
BRDA:107,11,0,0
BRDA:109,12,0,0
BRDA:109,12,1,0
BRDA:109,13,0,0
BRDA:109,13,1,0
BRDA:115,14,0,0
BRDA:115,14,1,0
BRDA:133,15,0,0
BRDA:133,15,1,0
BRDA:135,16,0,0
BRDA:135,16,1,0
BRDA:167,17,0,0
BRDA:181,18,0,0
BRDA:211,19,0,0
BRDA:290,20,0,0
BRDA:308,21,0,0
BRDA:345,22,0,0
BRDA:345,22,1,0
BRDA:346,23,0,0
BRDA:346,23,1,0
BRDA:349,24,0,0
BRDA:349,24,1,0
BRF:42
BRH:0
end_of_record
TN:
SF:src\components\clients\ConsultationTimeline.tsx
FN:22,ConsultationTimeline
FN:29,(anonymous_3)
FN:33,fetchConsultations
FN:50,handleDelete
FN:74,(anonymous_6)
FN:124,(anonymous_7)
FN:199,(anonymous_8)
FN:225,(anonymous_9)
FNF:8
FNH:0
FNDA:0,ConsultationTimeline
FNDA:0,(anonymous_3)
FNDA:0,fetchConsultations
FNDA:0,handleDelete
FNDA:0,(anonymous_6)
FNDA:0,(anonymous_7)
FNDA:0,(anonymous_8)
FNDA:0,(anonymous_9)
DA:3,0
DA:4,0
DA:5,0
DA:7,0
DA:10,0
DA:22,0
DA:23,0
DA:24,0
DA:25,0
DA:26,0
DA:27,0
DA:29,0
DA:30,0
DA:34,0
DA:35,0
DA:36,0
DA:37,0
DA:38,0
DA:39,0
DA:41,0
DA:44,0
DA:46,0
DA:51,0
DA:52,0
DA:55,0
DA:56,0
DA:57,0
DA:61,0
DA:62,0
DA:63,0
DA:65,0
DA:68,0
DA:70,0
DA:74,0
DA:75,0
DA:76,0
DA:83,0
DA:125,0
DA:126,0
DA:128,0
DA:200,0
DA:225,0
LF:42
LH:0
BRDA:37,0,0,0
BRDA:37,0,1,0
BRDA:39,1,0,0
BRDA:39,1,1,0
BRDA:51,2,0,0
BRDA:61,3,0,0
BRDA:61,3,1,0
BRDA:75,4,0,0
BRDA:77,5,0,0
BRDA:77,5,1,0
BRDA:77,5,2,0
BRDA:83,6,0,0
BRDA:99,7,0,0
BRDA:111,8,0,0
BRDA:113,9,0,0
BRDA:125,10,0,0
BRDA:125,10,1,0
BRDA:126,11,0,0
BRDA:126,11,1,0
BRDA:126,11,2,0
BRDA:126,11,3,0
BRDA:146,12,0,0
BRDA:147,13,0,0
BRDA:157,14,0,0
BRDA:167,15,0,0
BRDA:177,16,0,0
BRDA:187,17,0,0
BRDA:195,18,0,0
BRDA:195,18,1,0
BRDA:216,19,0,0
BRDA:229,20,0,0
BRDA:229,20,1,0
BRF:32
BRH:0
end_of_record
TN:
SF:src\components\equipment\EquipmentForm.tsx
FN:30,EquipmentForm
FN:53,(anonymous_2)
FN:96,(anonymous_3)
FN:149,(anonymous_4)
FN:214,(anonymous_5)
FN:265,(anonymous_6)
FN:400,(anonymous_7)
FNF:7
FNH:0
FNDA:0,EquipmentForm
FNDA:0,(anonymous_2)
FNDA:0,(anonymous_3)
FNDA:0,(anonymous_4)
FNDA:0,(anonymous_5)
FNDA:0,(anonymous_6)
FNDA:0,(anonymous_7)
DA:3,0
DA:4,0
DA:5,0
DA:6,0
DA:15,0
DA:16,0
DA:17,0
DA:30,0
DA:31,0
DA:32,0
DA:33,0
DA:40,0
DA:50,0
DA:51,0
DA:53,0
DA:54,0
DA:56,0
DA:57,0
DA:62,0
DA:63,0
DA:64,0
DA:65,0
DA:69,0
DA:70,0
DA:72,0
DA:80,0
DA:81,0
DA:82,0
DA:85,0
DA:87,0
DA:91,0
DA:96,0
DA:97,0
DA:101,0
DA:104,0
DA:105,0
DA:110,0
DA:150,0
DA:215,0
DA:266,0
DA:267,0
DA:269,0
DA:400,0
LF:43
LH:0
BRDA:30,0,0,0
BRDA:44,1,0,0
BRDA:44,1,1,0
BRDA:45,2,0,0
BRDA:45,2,1,0
BRDA:46,3,0,0
BRDA:46,3,1,0
BRDA:50,4,0,0
BRDA:50,4,1,0
BRDA:51,5,0,0
BRDA:51,5,1,0
BRDA:62,6,0,0
BRDA:69,7,0,0
BRDA:69,7,1,0
BRDA:70,8,0,0
BRDA:70,8,1,0
BRDA:80,9,0,0
BRDA:82,10,0,0
BRDA:82,10,1,0
BRDA:82,11,0,0
BRDA:82,11,1,0
BRDA:88,12,0,0
BRDA:88,12,1,0
BRDA:101,13,0,0
BRDA:101,13,1,0
BRDA:103,14,0,0
BRDA:103,14,1,0
BRDA:135,15,0,0
BRDA:155,16,0,0
BRDA:171,17,0,0
BRDA:185,18,0,0
BRDA:199,19,0,0
BRDA:220,20,0,0
BRDA:247,21,0,0
BRDA:266,22,0,0
BRDA:278,23,0,0
BRDA:304,24,0,0
BRDA:320,25,0,0
BRDA:341,26,0,0
BRDA:357,27,0,0
BRDA:374,28,0,0
BRDA:391,29,0,0
BRDA:410,30,0,0
BRDA:410,30,1,0
BRDA:411,31,0,0
BRDA:411,31,1,0
BRDA:414,32,0,0
BRDA:414,32,1,0
BRF:48
BRH:0
end_of_record
TN:
SF:src\components\equipment\EquipmentStatusChart.tsx
FN:24,EquipmentStatusChart
FNF:1
FNH:0
FNDA:0,EquipmentStatusChart
DA:24,0
DA:25,0
DA:27,0
DA:36,0
LF:4
LH:0
BRDA:27,0,0,0
BRF:1
BRH:0
end_of_record
TN:
SF:src\components\equipment\EquipmentTable.tsx
FN:35,EquipmentTable
FN:68,(anonymous_4)
FN:76,(anonymous_5)
FN:81,(anonymous_6)
FN:86,(anonymous_7)
FN:98,(anonymous_8)
FN:103,(anonymous_9)
FN:118,(anonymous_10)
FN:128,(anonymous_12)
FN:135,(anonymous_13)
FN:155,(anonymous_14)
FN:165,(anonymous_15)
FN:205,(anonymous_16)
FN:207,(anonymous_17)
FN:228,(anonymous_18)
FN:255,(anonymous_19)
FN:257,(anonymous_20)
FNF:17
FNH:0
FNDA:0,EquipmentTable
FNDA:0,(anonymous_4)
FNDA:0,(anonymous_5)
FNDA:0,(anonymous_6)
FNDA:0,(anonymous_7)
FNDA:0,(anonymous_8)
FNDA:0,(anonymous_9)
FNDA:0,(anonymous_10)
FNDA:0,(anonymous_12)
FNDA:0,(anonymous_13)
FNDA:0,(anonymous_14)
FNDA:0,(anonymous_15)
FNDA:0,(anonymous_16)
FNDA:0,(anonymous_17)
FNDA:0,(anonymous_18)
FNDA:0,(anonymous_19)
FNDA:0,(anonymous_20)
DA:3,0
DA:4,0
DA:5,0
DA:13,0
DA:21,0
DA:22,0
DA:35,0
DA:40,0
DA:41,0
DA:42,0
DA:43,0
DA:44,0
DA:46,0
DA:52,0
DA:69,0
DA:70,0
DA:76,0
DA:81,0
DA:87,0
DA:98,0
DA:104,0
DA:105,0
DA:106,0
DA:118,0
DA:128,0
DA:136,0
DA:138,0
DA:143,0
DA:144,0
DA:155,0
DA:166,0
DA:167,0
DA:170,0
DA:171,0
DA:185,0
DA:206,0
DA:208,0
DA:229,0
DA:230,0
DA:256,0
DA:258,0
LF:41
LH:0
BRDA:70,0,0,0
BRDA:70,0,1,0
BRDA:76,1,0,0
BRDA:76,1,1,0
BRDA:81,2,0,0
BRDA:81,2,1,0
BRDA:98,3,0,0
BRDA:98,3,1,0
BRDA:104,4,0,0
BRDA:104,4,1,0
BRDA:105,5,0,0
BRDA:105,5,1,0
BRDA:110,6,0,0
BRDA:118,7,0,0
BRDA:118,7,1,0
BRDA:125,8,0,0
BRDA:133,9,0,0
BRDA:138,10,0,0
BRDA:138,10,1,0
BRDA:140,11,0,0
BRDA:140,11,1,0
BRDA:143,12,0,0
BRDA:153,13,0,0
BRDA:163,14,0,0
BRDA:166,15,0,0
BRDA:170,16,0,0
BRDA:213,17,0,0
BRDA:213,17,1,0
BRDA:215,18,0,0
BRDA:215,18,1,0
BRDA:220,19,0,0
BRDA:223,20,0,0
BRDA:223,20,1,0
BRDA:229,21,0,0
BRDA:229,22,0,0
BRDA:229,22,1,0
BRDA:233,23,0,0
BRDA:233,23,1,0
BRDA:234,24,0,0
BRDA:234,24,1,0
BRDA:237,25,0,0
BRDA:242,26,0,0
BRDA:267,27,0,0
BRF:43
BRH:0
end_of_record
TN:
SF:src\components\equipment\MaintenanceNoteForm.tsx
FN:31,MaintenanceNoteForm
FN:54,(anonymous_2)
FN:88,(anonymous_3)
FN:154,(anonymous_4)
FN:208,(anonymous_5)
FNF:5
FNH:0
FNDA:0,MaintenanceNoteForm
FNDA:0,(anonymous_2)
FNDA:0,(anonymous_3)
FNDA:0,(anonymous_4)
FNDA:0,(anonymous_5)
DA:3,0
DA:6,0
DA:7,0
DA:8,0
DA:15,0
DA:16,0
DA:17,0
DA:31,0
DA:37,0
DA:38,0
DA:39,0
DA:45,0
DA:54,0
DA:55,0
DA:57,0
DA:58,0
DA:63,0
DA:64,0
DA:66,0
DA:74,0
DA:75,0
DA:76,0
DA:79,0
DA:81,0
DA:83,0
DA:88,0
DA:89,0
DA:92,0
DA:93,0
DA:94,0
DA:99,0
DA:155,0
DA:208,0
LF:33
LH:0
BRDA:35,0,0,0
BRDA:50,1,0,0
BRDA:50,1,1,0
BRDA:74,2,0,0
BRDA:76,3,0,0
BRDA:76,3,1,0
BRDA:92,4,0,0
BRDA:92,4,1,0
BRDA:124,5,0,0
BRDA:138,6,0,0
BRDA:160,7,0,0
BRDA:182,8,0,0
BRDA:197,9,0,0
BRDA:218,10,0,0
BRDA:218,10,1,0
BRF:15
BRH:0
end_of_record
TN:
SF:src\components\equipment\MaintenanceNotesTimeline.tsx
FN:22,MaintenanceNotesTimeline
FN:34,(anonymous_2)
FN:38,fetchNotes
FN:81,(anonymous_4)
FNF:4
FNH:0
FNDA:0,MaintenanceNotesTimeline
FNDA:0,(anonymous_2)
FNDA:0,fetchNotes
FNDA:0,(anonymous_4)
DA:3,0
DA:5,0
DA:7,0
DA:8,0
DA:10,0
DA:22,0
DA:26,0
DA:27,0
DA:28,0
DA:29,0
DA:30,0
DA:32,0
DA:34,0
DA:35,0
DA:39,0
DA:40,0
DA:41,0
DA:42,0
DA:43,0
DA:44,0
DA:46,0
DA:49,0
DA:51,0
DA:55,0
DA:82,0
LF:25
LH:0
BRDA:42,0,0,0
BRDA:42,0,1,0
BRDA:44,1,0,0
BRDA:44,1,1,0
BRDA:55,2,0,0
BRDA:65,3,0,0
BRDA:65,3,1,0
BRDA:76,4,0,0
BRDA:99,5,0,0
BRDA:109,6,0,0
BRDA:109,6,1,0
BRDA:114,7,0,0
BRDA:119,8,0,0
BRF:13
BRH:0
end_of_record
TN:
SF:src\components\layout\AppLayout.tsx
FN:14,AppLayout
FNF:1
FNH:0
FNDA:0,AppLayout
DA:2,0
DA:3,0
DA:14,0
LF:3
LH:0
BRF:0
BRH:0
end_of_record
TN:
SF:src\components\layout\Header.tsx
FN:18,Header
FNF:1
FNH:0
FNDA:0,Header
DA:3,0
DA:4,0
DA:10,0
DA:18,0
DA:19,0
DA:20,0
LF:6
LH:0
BRDA:35,0,0,0
BRDA:35,0,1,0
BRDA:35,0,2,0
BRDA:37,1,0,0
BRDA:37,1,1,0
BRF:5
BRH:0
end_of_record
TN:
SF:src\components\layout\Sidebar.tsx
FN:45,Sidebar
FN:49,(anonymous_3)
FN:68,(anonymous_4)
FNF:3
FNH:0
FNDA:0,Sidebar
FNDA:0,(anonymous_3)
FNDA:0,(anonymous_4)
DA:3,0
DA:4,0
DA:5,0
DA:18,0
DA:45,0
DA:46,0
DA:47,0
DA:49,0
DA:50,0
DA:51,0
DA:69,0
DA:71,0
LF:12
LH:0
BRDA:50,0,0,0
BRDA:69,1,0,0
BRDA:69,1,1,0
BRDA:76,2,0,0
BRDA:76,2,1,0
BRDA:81,3,0,0
BRDA:81,3,1,0
BRDA:83,4,0,0
BRF:8
BRH:0
end_of_record
TN:
SF:src\components\rentals\RentalForm.tsx
FN:27,RentalForm
FN:64,(anonymous_2)
FN:69,(anonymous_3)
FN:74,(anonymous_4)
FN:76,(anonymous_5)
FN:83,fetchEquipmentList
FN:98,fetchClientList
FN:113,(anonymous_8)
FN:151,(anonymous_9)
FN:190,(anonymous_10)
FN:219,(anonymous_11)
FN:275,(anonymous_12)
FN:319,(anonymous_13)
FNF:13
FNH:0
FNDA:0,RentalForm
FNDA:0,(anonymous_2)
FNDA:0,(anonymous_3)
FNDA:0,(anonymous_4)
FNDA:0,(anonymous_5)
FNDA:0,fetchEquipmentList
FNDA:0,fetchClientList
FNDA:0,(anonymous_8)
FNDA:0,(anonymous_9)
FNDA:0,(anonymous_10)
FNDA:0,(anonymous_11)
FNDA:0,(anonymous_12)
FNDA:0,(anonymous_13)
DA:3,0
DA:4,0
DA:5,0
DA:6,0
DA:8,0
DA:11,0
DA:12,0
DA:27,0
DA:34,0
DA:35,0
DA:36,0
DA:37,0
DA:38,0
DA:39,0
DA:40,0
DA:41,0
DA:49,0
DA:60,0
DA:61,0
DA:64,0
DA:65,0
DA:69,0
DA:70,0
DA:74,0
DA:75,0
DA:76,0
DA:77,0
DA:79,0
DA:84,0
DA:85,0
DA:86,0
DA:87,0
DA:88,0
DA:89,0
DA:92,0
DA:94,0
DA:99,0
DA:100,0
DA:101,0
DA:102,0
DA:103,0
DA:104,0
DA:107,0
DA:109,0
DA:113,0
DA:114,0
DA:116,0
DA:117,0
DA:122,0
DA:123,0
DA:125,0
DA:133,0
DA:134,0
DA:135,0
DA:138,0
DA:140,0
DA:146,0
DA:151,0
DA:152,0
DA:156,0
DA:159,0
DA:160,0
DA:165,0
DA:191,0
DA:220,0
DA:276,0
DA:277,0
DA:279,0
DA:319,0
LF:69
LH:0
BRDA:30,0,0,0
BRDA:53,1,0,0
BRDA:53,1,1,0
BRDA:54,2,0,0
BRDA:54,2,1,0
BRDA:55,3,0,0
BRDA:55,3,1,0
BRDA:56,4,0,0
BRDA:56,4,1,0
BRDA:61,5,0,0
BRDA:61,5,1,0
BRDA:75,6,0,0
BRDA:75,6,1,0
BRDA:77,7,0,0
BRDA:77,7,1,0
BRDA:87,8,0,0
BRDA:89,9,0,0
BRDA:89,9,1,0
BRDA:102,10,0,0
BRDA:104,11,0,0
BRDA:104,11,1,0
BRDA:122,12,0,0
BRDA:122,12,1,0
BRDA:123,13,0,0
BRDA:123,13,1,0
BRDA:133,14,0,0
BRDA:135,15,0,0
BRDA:135,15,1,0
BRDA:135,16,0,0
BRDA:135,16,1,0
BRDA:141,17,0,0
BRDA:141,17,1,0
BRDA:156,18,0,0
BRDA:156,18,1,0
BRDA:158,19,0,0
BRDA:158,19,1,0
BRDA:186,20,0,0
BRDA:186,20,1,0
BRDA:192,21,0,0
BRDA:192,21,1,0
BRDA:192,22,0,0
BRDA:192,22,1,0
BRDA:196,23,0,0
BRDA:199,24,0,0
BRDA:201,25,0,0
BRDA:201,25,1,0
BRDA:202,26,0,0
BRDA:202,26,1,0
BRDA:215,27,0,0
BRDA:215,27,1,0
BRDA:225,28,0,0
BRDA:241,29,0,0
BRDA:260,30,0,0
BRDA:276,31,0,0
BRDA:276,32,0,0
BRDA:276,32,1,0
BRDA:276,33,0,0
BRDA:276,33,1,0
BRDA:277,34,0,0
BRDA:277,34,1,0
BRDA:285,35,0,0
BRDA:285,35,1,0
BRDA:288,36,0,0
BRDA:291,37,0,0
BRDA:293,38,0,0
BRDA:293,38,1,0
BRDA:310,39,0,0
BRDA:326,40,0,0
BRDA:326,40,1,0
BRDA:326,40,2,0
BRDA:329,41,0,0
BRDA:329,41,1,0
BRDA:330,42,0,0
BRDA:330,42,1,0
BRDA:333,43,0,0
BRDA:333,43,1,0
BRF:76
BRH:0
end_of_record
TN:
SF:src\components\rentals\RentalsTable.tsx
FN:29,RentalsTable
FN:57,(anonymous_4)
FN:74,(anonymous_5)
FN:91,(anonymous_6)
FN:99,(anonymous_7)
FN:107,(anonymous_8)
FN:119,(anonymous_9)
FN:124,(anonymous_10)
FN:138,(anonymous_11)
FN:170,(anonymous_12)
FN:172,(anonymous_13)
FN:193,(anonymous_14)
FN:220,(anonymous_15)
FN:222,(anonymous_16)
FNF:14
FNH:0
FNDA:0,RentalsTable
FNDA:0,(anonymous_4)
FNDA:0,(anonymous_5)
FNDA:0,(anonymous_6)
FNDA:0,(anonymous_7)
FNDA:0,(anonymous_8)
FNDA:0,(anonymous_9)
FNDA:0,(anonymous_10)
FNDA:0,(anonymous_11)
FNDA:0,(anonymous_12)
FNDA:0,(anonymous_13)
FNDA:0,(anonymous_14)
FNDA:0,(anonymous_15)
FNDA:0,(anonymous_16)
DA:3,0
DA:4,0
DA:5,0
DA:13,0
DA:16,0
DA:17,0
DA:29,0
DA:30,0
DA:31,0
DA:32,0
DA:33,0
DA:35,0
DA:41,0
DA:58,0
DA:59,0
DA:75,0
DA:76,0
DA:92,0
DA:100,0
DA:108,0
DA:119,0
DA:125,0
DA:126,0
DA:138,0
DA:150,0
DA:171,0
DA:173,0
DA:194,0
DA:195,0
DA:221,0
DA:223,0
LF:31
LH:0
BRDA:59,0,0,0
BRDA:59,0,1,0
BRDA:76,1,0,0
BRDA:76,1,1,0
BRDA:92,2,0,0
BRDA:92,2,1,0
BRDA:100,3,0,0
BRDA:100,3,1,0
BRDA:119,4,0,0
BRDA:119,4,1,0
BRDA:136,5,0,0
BRDA:136,5,1,0
BRDA:136,5,2,0
BRDA:178,6,0,0
BRDA:178,6,1,0
BRDA:180,7,0,0
BRDA:180,7,1,0
BRDA:185,8,0,0
BRDA:188,9,0,0
BRDA:188,9,1,0
BRDA:194,10,0,0
BRDA:194,11,0,0
BRDA:194,11,1,0
BRDA:198,12,0,0
BRDA:198,12,1,0
BRDA:199,13,0,0
BRDA:199,13,1,0
BRDA:202,14,0,0
BRDA:207,15,0,0
BRDA:232,16,0,0
BRF:30
BRH:0
end_of_record
TN:
SF:src\components\ui\FileUpload.tsx
FN:21,FileUpload
FN:35,(anonymous_4)
FN:54,(anonymous_5)
FN:73,(anonymous_6)
FN:76,(anonymous_7)
FN:93,(anonymous_8)
FN:94,(anonymous_9)
FN:94,(anonymous_10)
FN:123,(anonymous_11)
FN:131,(anonymous_12)
FN:150,useFileUpload
FN:154,(anonymous_14)
FN:155,(anonymous_15)
FN:158,(anonymous_16)
FN:159,(anonymous_17)
FN:159,(anonymous_18)
FN:162,(anonymous_19)
FNF:17
FNH:0
FNDA:0,FileUpload
FNDA:0,(anonymous_4)
FNDA:0,(anonymous_5)
FNDA:0,(anonymous_6)
FNDA:0,(anonymous_7)
FNDA:0,(anonymous_8)
FNDA:0,(anonymous_9)
FNDA:0,(anonymous_10)
FNDA:0,(anonymous_11)
FNDA:0,(anonymous_12)
FNDA:0,useFileUpload
FNDA:0,(anonymous_14)
FNDA:0,(anonymous_15)
FNDA:0,(anonymous_16)
FNDA:0,(anonymous_17)
FNDA:0,(anonymous_18)
FNDA:0,(anonymous_19)
DA:3,0
DA:4,0
DA:21,0
DA:30,0
DA:31,0
DA:32,0
DA:33,0
DA:35,0
DA:36,0
DA:37,0
DA:39,0
DA:42,0
DA:43,0
DA:44,0
DA:45,0
DA:46,0
DA:47,0
DA:51,0
DA:53,0
DA:54,0
DA:55,0
DA:56,0
DA:58,0
DA:63,0
DA:64,0
DA:65,0
DA:68,0
DA:69,0
DA:72,0
DA:73,0
DA:76,0
DA:77,0
DA:81,0
DA:82,0
DA:83,0
DA:85,0
DA:87,0
DA:88,0
DA:93,0
DA:94,0
DA:124,0
DA:131,0
DA:150,0
DA:151,0
DA:152,0
DA:154,0
DA:155,0
DA:158,0
DA:159,0
DA:162,0
DA:163,0
DA:166,0
LF:52
LH:0
BRDA:24,0,0,0
BRDA:25,1,0,0
BRDA:26,2,0,0
BRDA:27,3,0,0
BRDA:28,4,0,0
BRDA:37,5,0,0
BRDA:37,6,0,0
BRDA:37,6,1,0
BRDA:43,7,0,0
BRDA:63,8,0,0
BRDA:65,9,0,0
BRDA:65,9,1,0
BRDA:81,10,0,0
BRDA:81,10,1,0
BRDA:87,11,0,0
BRDA:108,12,0,0
BRDA:108,12,1,0
BRDA:111,13,0,0
BRDA:119,14,0,0
BRDA:133,15,0,0
BRDA:133,15,1,0
BRF:21
BRH:0
end_of_record
TN:
SF:src\components\ui\Toast.tsx
FN:19,Toast
FN:22,(anonymous_5)
FN:23,(anonymous_6)
FN:28,(anonymous_7)
FN:53,(anonymous_8)
FN:77,useToast
FN:80,(anonymous_10)
FN:82,(anonymous_11)
FN:85,(anonymous_12)
FN:86,(anonymous_13)
FN:86,(anonymous_14)
FN:93,(anonymous_15)
FN:94,(anonymous_16)
FN:95,(anonymous_17)
FN:107,ToastContainer
FN:114,(anonymous_19)
FN:119,(anonymous_20)
FNF:17
FNH:16
FNDA:19,Toast
FNDA:11,(anonymous_5)
FNDA:8,(anonymous_6)
FNDA:11,(anonymous_7)
FNDA:1,(anonymous_8)
FNDA:21,useToast
FNDA:7,(anonymous_10)
FNDA:7,(anonymous_11)
FNDA:1,(anonymous_12)
FNDA:1,(anonymous_13)
FNDA:1,(anonymous_14)
FNDA:3,(anonymous_15)
FNDA:1,(anonymous_16)
FNDA:1,(anonymous_17)
FNDA:14,ToastContainer
FNDA:4,(anonymous_19)
FNDA:0,(anonymous_20)
DA:3,2
DA:19,7
DA:20,19
DA:22,19
DA:23,11
DA:24,8
DA:25,8
DA:28,11
DA:31,19
DA:37,19
DA:54,1
DA:55,1
DA:75,2
DA:77,21
DA:78,21
DA:80,21
DA:81,7
DA:82,7
DA:85,21
DA:86,1
DA:89,21
DA:93,3
DA:94,1
DA:95,1
DA:107,14
DA:108,14
DA:109,11
DA:115,4
DA:119,0
LF:29
LH:28
BRDA:19,0,0,11
BRDA:19,1,0,17
BRDA:47,2,0,11
BRDA:47,2,1,8
BRDA:80,3,0,2
BRDA:108,4,0,11
BRF:6
BRH:6
end_of_record
TN:
SF:src\config\env.ts
FN:7,(anonymous_1)
FN:70,(anonymous_2)
FN:74,(anonymous_3)
FN:86,(anonymous_4)
FN:90,getEnvValue
FNF:5
FNH:0
FNDA:0,(anonymous_1)
FNDA:0,(anonymous_2)
FNDA:0,(anonymous_3)
FNDA:0,(anonymous_4)
FNDA:0,getEnvValue
DA:1,0
DA:3,0
DA:8,0
DA:9,0
DA:10,0
DA:12,0
DA:21,0
DA:28,0
DA:31,0
DA:34,0
DA:35,0
DA:39,0
DA:52,0
DA:70,0
DA:73,0
DA:74,0
DA:80,0
DA:81,0
DA:82,0
DA:84,0
DA:86,0
DA:90,0
DA:91,0
DA:92,0
DA:93,0
DA:95,0
DA:98,0
LF:27
LH:0
BRDA:31,0,0,0
BRDA:31,0,1,0
BRDA:31,0,2,0
BRDA:34,1,0,0
BRDA:34,1,1,0
BRDA:35,2,0,0
BRDA:35,2,1,0
BRDA:76,3,0,0
BRDA:76,3,1,0
BRDA:81,4,0,0
BRDA:92,5,0,0
BRF:11
BRH:0
end_of_record
TN:
SF:src\lib\logger\auditLogger.ts
FN:59,(anonymous_1)
FN:111,(anonymous_2)
FN:160,(anonymous_3)
FN:178,log
FN:191,(anonymous_5)
FN:238,(anonymous_6)
FN:249,(anonymous_7)
FN:260,(anonymous_8)
FNF:8
FNH:0
FNDA:0,(anonymous_1)
FNDA:0,(anonymous_2)
FNDA:0,(anonymous_3)
FNDA:0,log
FNDA:0,(anonymous_5)
FNDA:0,(anonymous_6)
FNDA:0,(anonymous_7)
FNDA:0,(anonymous_8)
DA:2,0
DA:4,0
DA:59,0
DA:60,0
DA:61,0
DA:65,0
DA:71,0
DA:72,0
DA:75,0
DA:76,0
DA:79,0
DA:80,0
DA:83,0
DA:84,0
DA:88,0
DA:89,0
DA:92,0
DA:93,0
DA:94,0
DA:95,0
DA:96,0
DA:98,0
DA:111,0
DA:112,0
DA:114,0
DA:115,0
DA:117,0
DA:118,0
DA:119,0
DA:122,0
DA:124,0
DA:135,0
DA:137,0
DA:139,0
DA:140,0
DA:145,0
DA:146,0
DA:160,0
DA:163,0
DA:164,0
DA:179,0
DA:188,0
DA:191,0
DA:193,0
DA:194,0
DA:199,0
DA:200,0
DA:205,0
DA:230,0
DA:239,0
DA:250,0
DA:261,0
LF:52
LH:0
BRDA:60,0,0,0
BRDA:71,1,0,0
BRDA:75,2,0,0
BRDA:75,3,0,0
BRDA:75,3,1,0
BRDA:79,4,0,0
BRDA:79,5,0,0
BRDA:79,5,1,0
BRDA:83,6,0,0
BRDA:84,7,0,0
BRDA:84,7,1,0
BRDA:88,8,0,0
BRDA:92,9,0,0
BRDA:92,9,1,0
BRDA:94,10,0,0
BRDA:94,10,1,0
BRDA:96,11,0,0
BRDA:117,12,0,0
BRDA:117,13,0,0
BRDA:117,13,1,0
BRDA:125,14,0,0
BRDA:125,14,1,0
BRDA:130,15,0,0
BRDA:130,15,1,0
BRDA:130,16,0,0
BRDA:130,16,1,0
BRDA:132,17,0,0
BRDA:132,17,1,0
BRDA:137,18,0,0
BRDA:139,19,0,0
BRDA:145,20,0,0
BRDA:163,21,0,0
BRDA:193,22,0,0
BRF:33
BRH:0
end_of_record
TN:
SF:src\lib\performance\api-performance.ts
FN:39,measureApiPerformance
FN:91,sendToSentry
FN:93,(anonymous_8)
FN:93,(anonymous_9)
FN:131,logApiPerformance
FN:162,measureQueryPerformance
FNF:6
FNH:0
FNDA:0,measureApiPerformance
FNDA:0,sendToSentry
FNDA:0,(anonymous_8)
FNDA:0,(anonymous_9)
FNDA:0,logApiPerformance
FNDA:0,measureQueryPerformance
DA:39,0
DA:44,0
DA:45,0
DA:47,0
DA:48,0
DA:51,0
DA:52,0
DA:55,0
DA:57,0
DA:58,0
DA:60,0
DA:63,0
DA:72,0
DA:75,0
DA:76,0
DA:80,0
DA:81,0
DA:92,0
DA:93,0
DA:94,0
DA:95,0
DA:105,0
DA:106,0
DA:120,0
DA:121,0
DA:132,0
DA:135,0
DA:138,0
DA:139,0
DA:140,0
DA:141,0
DA:142,0
DA:144,0
DA:162,0
DA:166,0
DA:168,0
DA:169,0
DA:170,0
DA:172,0
DA:175,0
DA:176,0
DA:177,0
DA:179,0
LF:43
LH:0
BRDA:51,0,0,0
BRDA:51,1,0,0
BRDA:51,1,1,0
BRDA:51,1,2,0
BRDA:75,2,0,0
BRDA:80,3,0,0
BRDA:94,4,0,0
BRDA:94,5,0,0
BRDA:94,5,1,0
BRDA:105,6,0,0
BRDA:120,7,0,0
BRDA:138,8,0,0
BRDA:138,8,1,0
BRDA:140,9,0,0
BRDA:140,9,1,0
BRDA:142,10,0,0
BRDA:175,11,0,0
BRDA:175,11,1,0
BRDA:177,12,0,0
BRF:19
BRH:0
end_of_record
TN:
SF:src\lib\performance\web-vitals.ts
FN:27,reportMetric
FN:57,sendToSentry
FN:70,(anonymous_9)
FN:70,(anonymous_10)
FN:114,reportWebVitals
FN:140,(anonymous_12)
FN:153,(anonymous_13)
FN:158,(anonymous_14)
FN:167,(anonymous_15)
FN:174,(anonymous_16)
FN:184,(anonymous_17)
FNF:11
FNH:0
FNDA:0,reportMetric
FNDA:0,sendToSentry
FNDA:0,(anonymous_9)
FNDA:0,(anonymous_10)
FNDA:0,reportWebVitals
FNDA:0,(anonymous_12)
FNDA:0,(anonymous_13)
FNDA:0,(anonymous_14)
FNDA:0,(anonymous_15)
FNDA:0,(anonymous_16)
FNDA:0,(anonymous_17)
DA:1,0
DA:34,0
DA:37,0
DA:38,0
DA:42,0
DA:43,0
DA:47,0
DA:48,0
DA:64,0
DA:65,0
DA:68,0
DA:70,0
DA:71,0
DA:72,0
DA:81,0
DA:82,0
DA:95,0
DA:96,0
DA:114,0
DA:115,0
DA:116,0
DA:120,0
DA:121,0
DA:122,0
DA:123,0
DA:131,0
DA:132,0
DA:141,0
DA:142,0
DA:144,0
DA:154,0
DA:155,0
DA:156,0
DA:158,0
DA:168,0
DA:169,0
DA:170,0
DA:173,0
DA:174,0
DA:185,0
DA:190,0
LF:41
LH:0
BRDA:37,0,0,0
BRDA:42,1,0,0
BRDA:47,2,0,0
BRDA:64,3,0,0
BRDA:71,4,0,0
BRDA:71,5,0,0
BRDA:71,5,1,0
BRDA:73,6,0,0
BRDA:73,6,1,0
BRDA:81,7,0,0
BRDA:95,8,0,0
BRDA:115,9,0,0
BRDA:141,10,0,0
BRDA:155,11,0,0
BRDA:155,12,0,0
BRDA:155,12,1,0
BRDA:169,13,0,0
BRDA:169,14,0,0
BRDA:169,14,1,0
BRF:19
BRH:0
end_of_record
TN:
SF:src\lib\supabase\browser.ts
FN:5,createSupabaseBrowserClient
FNF:1
FNH:0
FNDA:0,createSupabaseBrowserClient
DA:1,0
DA:3,0
DA:5,0
DA:6,0
LF:4
LH:0
BRF:0
BRH:0
end_of_record
TN:
SF:src\lib\supabase\index.ts
FNF:0
FNH:0
DA:1,0
DA:2,0
DA:3,0
LF:3
LH:0
BRF:0
BRH:0
end_of_record
TN:
SF:src\lib\supabase\server.ts
FN:6,createSupabaseServerClient
FN:15,(anonymous_2)
FN:18,(anonymous_3)
FN:20,(anonymous_4)
FNF:4
FNH:0
FNDA:0,createSupabaseServerClient
FNDA:0,(anonymous_2)
FNDA:0,(anonymous_3)
FNDA:0,(anonymous_4)
DA:1,0
DA:2,0
DA:4,0
DA:6,0
DA:8,0
DA:10,0
DA:11,0
DA:13,0
DA:16,0
DA:19,0
DA:20,0
DA:21,0
LF:12
LH:0
BRF:0
BRH:0
end_of_record
TN:
SF:src\lib\supabase\service.ts
FN:5,createSupabaseServiceRoleClient
FNF:1
FNH:0
FNDA:0,createSupabaseServiceRoleClient
DA:1,0
DA:3,0
DA:5,0
DA:6,0
LF:4
LH:0
BRF:0
BRH:0
end_of_record
TN:
SF:src\lib\technical-debt\scanner.ts
FN:53,(anonymous_4)
FN:58,(anonymous_5)
FN:78,(anonymous_6)
FN:98,(anonymous_7)
FN:122,(anonymous_9)
FN:129,(anonymous_10)
FN:136,(anonymous_11)
FN:137,(anonymous_12)
FN:143,(anonymous_13)
FN:144,(anonymous_14)
FNF:10
FNH:0
FNDA:0,(anonymous_4)
FNDA:0,(anonymous_5)
FNDA:0,(anonymous_6)
FNDA:0,(anonymous_7)
FNDA:0,(anonymous_9)
FNDA:0,(anonymous_10)
FNDA:0,(anonymous_11)
FNDA:0,(anonymous_12)
FNDA:0,(anonymous_13)
FNDA:0,(anonymous_14)
DA:44,0
DA:45,0
DA:54,0
DA:55,0
DA:56,0
DA:58,0
DA:59,0
DA:61,0
DA:83,0
DA:90,0
DA:98,0
DA:99,0
DA:100,0
DA:103,0
DA:116,0
DA:117,0
DA:123,0
DA:130,0
DA:137,0
DA:144,0
DA:149,0
LF:21
LH:0
BRF:0
BRH:0
end_of_record
TN:
SF:src\lib\utils\debounce.ts
FN:23,debounce
FN:29,(anonymous_2)
FN:34,(anonymous_3)
FNF:3
FNH:0
FNDA:0,debounce
FNDA:0,(anonymous_2)
FNDA:0,(anonymous_3)
DA:23,0
DA:27,0
DA:29,0
DA:30,0
DA:31,0
DA:34,0
DA:35,0
LF:7
LH:0
BRDA:30,0,0,0
BRF:1
BRH:0
end_of_record
TN:
SF:src\lib\utils\rental-contract.ts
FN:58,generateRentalContractPDF
FN:85,prepareContractData
FNF:2
FNH:0
FNDA:0,generateRentalContractPDF
FNDA:0,prepareContractData
DA:58,0
DA:67,0
DA:68,0
DA:73,0
DA:85,0
DA:88,0
LF:6
LH:0
BRDA:67,0,0,0
BRDA:95,1,0,0
BRDA:95,1,1,0
BRDA:97,2,0,0
BRDA:97,2,1,0
BRF:5
BRH:0
end_of_record
TN:
SF:src\lib\utils\soap-template.ts
FN:43,createSOAPTemplate
FN:72,formatSOAPToText
FN:84,(anonymous_7)
FN:85,(anonymous_8)
FN:105,parseTextToSOAP
FN:127,(anonymous_10)
FN:145,isSOAPEmpty
FNF:7
FNH:0
FNDA:0,createSOAPTemplate
FNDA:0,formatSOAPToText
FNDA:0,(anonymous_7)
FNDA:0,(anonymous_8)
FNDA:0,parseTextToSOAP
FNDA:0,(anonymous_10)
FNDA:0,isSOAPEmpty
DA:43,0
DA:44,0
DA:72,0
DA:74,0
DA:83,0
DA:84,0
DA:85,0
DA:105,0
DA:107,0
DA:118,0
DA:127,0
DA:128,0
DA:129,0
DA:130,0
DA:134,0
DA:145,0
DA:146,0
LF:17
LH:0
BRDA:129,0,0,0
BRDA:129,1,0,0
BRDA:129,1,1,0
BRDA:146,2,0,0
BRDA:146,2,1,0
BRDA:146,2,2,0
BRDA:146,2,3,0
BRF:7
BRH:0
end_of_record
TN:
SF:src\lib\validations\assessment.ts
FN:55,(anonymous_9)
FN:69,(anonymous_10)
FN:111,calculateTotalScore
FN:113,(anonymous_12)
FN:120,getScoreLevel
FNF:5
FNH:0
FNDA:0,(anonymous_9)
FNDA:0,(anonymous_10)
FNDA:0,calculateTotalScore
FNDA:0,(anonymous_12)
FNDA:0,getScoreLevel
DA:1,0
DA:11,0
DA:22,0
DA:31,0
DA:40,0
DA:52,0
DA:56,0
DA:57,0
DA:58,0
DA:69,0
DA:102,0
DA:111,0
DA:112,0
DA:113,0
DA:114,0
DA:120,0
DA:121,0
DA:122,0
DA:123,0
DA:124,0
DA:125,0
LF:21
LH:0
BRDA:56,0,0,0
BRDA:112,1,0,0
BRDA:121,2,0,0
BRDA:122,3,0,0
BRDA:123,4,0,0
BRDA:124,5,0,0
BRF:6
BRH:0
end_of_record
TN:
SF:src\lib\validations\client.ts
FN:25,(anonymous_4)
FN:43,(anonymous_5)
FN:60,(anonymous_6)
FN:73,(anonymous_7)
FNF:4
FNH:4
FNDA:26,(anonymous_4)
FNDA:26,(anonymous_5)
FNDA:26,(anonymous_6)
FNDA:26,(anonymous_7)
DA:1,2
DA:9,2
DA:13,34
DA:26,26
DA:27,5
DA:28,5
DA:44,26
DA:45,6
DA:61,26
DA:62,1
DA:74,26
DA:75,5
DA:76,5
DA:106,3
DA:119,3
LF:15
LH:15
BRDA:26,0,0,21
BRDA:28,1,0,5
BRDA:28,1,1,5
BRDA:44,2,0,20
BRDA:61,3,0,25
BRDA:74,4,0,21
BRF:6
BRH:6
end_of_record
TN:
SF:src\lib\validations\consultation.ts
FN:11,(anonymous_3)
FNF:1
FNH:0
FNDA:0,(anonymous_3)
DA:1,0
DA:8,0
DA:12,0
DA:13,0
DA:14,0
DA:54,0
LF:6
LH:0
BRDA:12,0,0,0
BRF:1
BRH:0
end_of_record
TN:
SF:src\lib\validations\equipment.ts
FN:73,(anonymous_9)
FN:83,(anonymous_10)
FN:100,(anonymous_11)
FN:116,(anonymous_12)
FN:154,(anonymous_13)
FN:169,(anonymous_14)
FNF:6
FNH:0
FNDA:0,(anonymous_9)
FNDA:0,(anonymous_10)
FNDA:0,(anonymous_11)
FNDA:0,(anonymous_12)
FNDA:0,(anonymous_13)
FNDA:0,(anonymous_14)
DA:1,0
DA:11,0
DA:22,0
DA:31,0
DA:45,0
DA:57,0
DA:73,0
DA:83,0
DA:101,0
DA:102,0
DA:103,0
DA:117,0
DA:118,0
DA:119,0
DA:143,0
DA:150,0
DA:154,0
DA:164,0
DA:169,0
LF:19
LH:0
BRDA:101,0,0,0
BRDA:117,1,0,0
BRF:2
BRH:0
end_of_record
TN:
SF:src\lib\validations\maintenance-note.ts
FN:42,(anonymous_5)
FN:66,(anonymous_6)
FNF:2
FNH:0
FNDA:0,(anonymous_5)
FNDA:0,(anonymous_6)
DA:1,0
DA:11,0
DA:25,0
DA:37,0
DA:43,0
DA:44,0
DA:45,0
DA:66,0
DA:93,0
LF:9
LH:0
BRDA:43,0,0,0
BRF:1
BRH:0
end_of_record
TN:
SF:src\lib\validations\rental.ts
FN:37,(anonymous_6)
FN:48,(anonymous_7)
FN:107,(anonymous_8)
FNF:3
FNH:0
FNDA:0,(anonymous_6)
FNDA:0,(anonymous_7)
FNDA:0,(anonymous_8)
DA:1,0
DA:11,0
DA:22,0
DA:31,0
DA:38,0
DA:39,0
DA:40,0
DA:49,0
DA:50,0
DA:51,0
DA:93,0
DA:103,0
DA:108,0
DA:109,0
DA:110,0
LF:15
LH:0
BRDA:38,0,0,0
BRDA:49,1,0,0
BRDA:108,2,0,0
BRF:3
BRH:0
end_of_record
